1T0M
1T0N
1WBX
1WBY
1WBZ
1OGT
1OF2
1S9W
1S9Y
1S9X
1XH3
1B0R
1YN6
1YN7
1X7Q
1ZT1
1ZT7
1N5A
1N59
1S7V
1S7R
1S7W
1S7S
1HOC
1HHI
1HHJ
1HHG
1HHK
1HHH
1OGA
2BSR
2BSS
2BST
1FFN
1FFP
1FFO
1FG2
1JPF
1JPG
2FWO
1N3N
1A1O
1A1M
1M05
2FYY
2FZ3
1XR8
1XR9
1MI5
2AXF
2AXG
1ZSD
1RJY
1RK0
1RJZ
1RK1
2HN7
2CII
1CE6
1QLF
1ZHK
1ZHL
2MHA
3C9N
3BEV
3BEW
2VAA
2VAB
1NAN
3BW9
3BWA
1OSZ
2VLL
1IM3
3BUY
1A9E
1A9B
1ZHB
2ZOK
2ZOL
2NW3
2VE6
1UXS
1UXW
2GIT
1QQD
1LK2
1JGD
1SYV
1SYS
3DX6
3DX7
3DX8
3CPL
2FO4
2AV7
2AV1
1I4F
2CIK
2A83
1ED3
1TVB
1TVH
1DUY
1DUZ
1FZJ
1FZM
1FZK
1FZO
1EEZ
1EEY
1QR1
1I7R
1I7U
1I7T
1JGE
1K5N
1LD9
1VAC
1VAD
1HSA
1BZ9
1KJM
1KJV
2CLR
2H6P
1Q94
1QVO
2QRI
2QRS
2QRT
1LDP
2GUO
2GTZ
2GTW
2GT9
1KBG
1TMC
1INQ
1JUF
2CLV
2CLZ
1JHT
1JF1
1G7Q
1G7P
1W0V
1W0W
1M6O
1N2R
2RFX
2BCK
3ERY
2ZSV
2ZSW
1KJ3
1LEG
1LEK
3B6S
3B3I
3GSO
3H7B
3GSQ
3GSR
3GSU
3GSV
3GSW
3GSX
3L3H
3MGO
3MGT
3FOL
3FOM
3FON
1G6R
1MWA
1AO7
1B0G
3D25
3KPL
3KPN
3KPP
3KPM
3KPQ
3KPO
3BXN
3BP4
3BP7
2PYE
2P5E
2P5W
1QSE
1QRN
1QSF
2NX5
3DXA
1BD2
1LP9
2CKB
2GJ6
1FO0
1KJ2
1NAM
2VLJ
2VLK
2VLR
3FFC
2AK4
2F54
2F53
2OL3
2UWE
2JCC
2J8U
3E3Q
3E2H
2BNR
2BNQ
2F74
2OI9
2E7L
3FT2
3FT3
3FT4
1EFX
1IM9
1P7Q
3C8K
3ECB
3DMM
3KWW
3KXF
2XFX
1P1Z
3I6L
3LKN
3LKO
3LKP
3LKQ
3LKS
3LKR
3FTG
2XPG
3PWV
3PQY
3LN4
3LN5
3OX8
3OXR
3OXS
1P4L
2X4N
2X70
2X4O
2X4U
2X4R
2X4S
2X4P
3I6G
3I6K
3PWL
3PWN
3PWJ
3IXA
3H9H
3LV3
3NWM
3O4L
3HPJ
3FQW
3FQX
3FQN
3FQR
3FQT
3FQU
3BGM
3BH8
3BH9
3BHB
3CH1
3CCH
3CC5
3KLA
3BO8
3QQ4
3QQ3
3P9L
3PAB
3P9M
3PWP
3HG1
3O3A
3O3B
3O3D
3O3E
3VCL
3UTQ
3ROO
3ROL
3REW
3PWU
3SJV
3SKO
3SKM
3H9S
2X4Q
2X4T
3VRJ
3VRI
4GKS
4GKN
3UPR
4F7M
4F7P
4F7T
3P4M
3P4N
3P4O
4G43
4G42
4E0R
3QUK
3QUL
4E5X
1AKJ
1A1N
4HKJ
2YPK
2YPL
4I4W
1QO3
3VH8
2V2X
2V2W
3W39
4HUW
4HUX
4HUV
4HUU
4HV8
3D39
3D3V
4G9D
3QFJ
4G8I
1BII
1DDH
1I1Y
1I1F
1AGD
1AGE
1AGC
1AGF
1AGB
4I48
4HX1
4HWZ
4JRX
4JRY
4JFF
4JFP
4K7F
4JFE
4JFO
4JFQ
2HJK
2HJL
4JQV
4JQX
4FTV
1HSB
1T21
1T22
1T20
1T1W
1T1X
1S8D
1T1Y
1T1Z
1ZVS
2C7U
3E6F
3E6H
2BVP
2BVO
2BVQ
3GIV
4IHO
4JFD
1S7Q
1S7U
1S7T
1S7X
3TF7
3TPU
3TFK
3TJH
3TIE
3TID
3VXN
3VXO
3VXP
4MNQ
4L29
4L3C
4QRU
4QRS
4QRT
4N8V
4NQV
4NQX
3L3D
3L3G
3L3I
3L3J
3L3K
3MV7
3MV8
3MV9
4HS3
4PV9
4PV8
4MJI
3WUW
3WL9
3WLB
4PRN
4PRB
4PR5
4PRD
4PRA
4PRE
4PRI
4O2E
4O2C
4O2F
4NT6
3WS3
3WS6
4L3E
3QDM
3QDG
3QEQ
3QDJ
4PG2
4WJ5
4PRH
4PRP
4QRQ
4QRP
4QOK
4QRR
3X11
3X12
3X13
3X14
4U6X
4U6Y
3MRC
3MRD
3MRE
3MRG
3MRH
3MRL
3MRO
3MRR
4PG9
4PGB
4PGC
4PGD
4PGE
4UQ2
4UQ3
4U1H
4U1I
4U1J
4U1K
4U1L
4U1M
4U1N
4U1S
4XXC
4D0B
4D0C
4CVZ
2YEZ
4CVX
4D0D
4CW1
4L8D
4L8C
4L8B
3VFR
3VFS
3VFT
3VFU
3VFV
3VFW
3VFN
3VFM
3VFO
3VFP
4Z78
4WDI
4Z76
5D2L
5D2N
4WUU
4ZFZ
5DEF
5DEG
5E8N
5E8P
5E8O
5BRZ
5BS0
5EU6
5EU3
5EU4
5EU5
5DDH
5D9S
5EO0
5EO1
5B38
5B39
5HHP
5HHQ
5HHN
5HHO
5HHM
5H94
5E9D
5C0G
5C0D
5C0J
5C0F
5C0E
5C0I
5C0A
5C09
5HYJ
5C0C
5C08
5C07
5C0B
5IRO
5IM7
5IND
5INC
4ZUV
4ZUT
4ZUS
4ZUW
4ZUU
5SWQ
5MEN
5MEO
5MEP
5MEQ
5MER
4MJ5
4MJ6
5F1I
5F1N
5ISZ
5JHD
5ENW
5F7D
5FA3
5EOT
5F9J
5FDW
5FA4
5T70
5T6X
5T6W
5T6Z
5T6Y
5EUO
5E6I
5N1Y
5GSV
5GSR
5GSX
5GR7
5GSB
4NNX
4NNY
4NO2
4NO0
4NO3
4NO5
5IEK
5IEH
5V5L
5V5M
5JZI
5U98
5IVX
5GJY
5GJX
5GRD
5GSD
5VGD
5VGE
5W6A
5W69
5XS3
3QFD
5W67
3RGV
5TEZ
5WJL
5WKF
5WJN
5WKH
5WES
5WET
5WEU
5N6B
5NME
5NMF
5NMG
5NMH
5NMK
5JWE
5JWD
5XOV
5XOT
5XOS
5WLI
5WLG
5KD7
5KD4
5T7G
5TXS
5VZ5
6AT9
5XMF
5XMM
6BXP
6BXQ
6AT5
6AVF
6AVG
5MZM
IDs lenght pre-set:  647
IDs lenght after-set:  647
CWD: /Users/Dario/Documents/pMHC_modelling
Fetching  http://www.imgt.org/3Dstructure-DB/IMGT-FILE/IMGT-5F7D.pdb.gz
Opening 5F7D
aID: A
pID: C
Fetching  http://www.imgt.org/3Dstructure-DB/IMGT-FILE/IMGT-4U1N.pdb.gz
Opening 4U1N
aID: A
pID: C
Fetching  http://www.imgt.org/3Dstructure-DB/IMGT-FILE/IMGT-1FZJ.pdb.gz
Opening 1FZJ
aID: A
pID: P
Fetching  http://www.imgt.org/3Dstructure-DB/IMGT-FILE/IMGT-3FQN.pdb.gz
Opening 3FQN
aID: A
pID: C
Fetching  http://www.imgt.org/3Dstructure-DB/IMGT-FILE/IMGT-5VGE.pdb.gz
Opening 5VGE
aID: A
pID: C
Fetching  http://www.imgt.org/3Dstructure-DB/IMGT-FILE/IMGT-5C07.pdb.gz
Opening 5C07
aID: A
pID: C
Fetching  http://www.imgt.org/3Dstructure-DB/IMGT-FILE/IMGT-4UQ3.pdb.gz
Opening 4UQ3
aID: A
pID: B
Fetching  http://www.imgt.org/3Dstructure-DB/IMGT-FILE/IMGT-1WBZ.pdb.gz
Opening 1WBZ
aID: A
pID: P
Fetching  http://www.imgt.org/3Dstructure-DB/IMGT-FILE/IMGT-4NO0.pdb.gz
Opening 4NO0
aID: A
pID: C
Fetching  http://www.imgt.org/3Dstructure-DB/IMGT-FILE/IMGT-3I6L.pdb.gz
Opening 3I6L
aID: D
pID: F
Fetching  http://www.imgt.org/3Dstructure-DB/IMGT-FILE/IMGT-3WS3.pdb.gz
Opening 3WS3
aID: A
pID: E
Fetching  http://www.imgt.org/3Dstructure-DB/IMGT-FILE/IMGT-5D2L.pdb.gz
Opening 5D2L
aID: A
pID: Q
Fetching  http://www.imgt.org/3Dstructure-DB/IMGT-FILE/IMGT-2QRI.pdb.gz
Opening 2QRI
aID: A
pID: A
Fetching  http://www.imgt.org/3Dstructure-DB/IMGT-FILE/IMGT-1ZT1.pdb.gz
Opening 1ZT1
aID: A
pID: P
Fetching  http://www.imgt.org/3Dstructure-DB/IMGT-FILE/IMGT-5JWD.pdb.gz
Opening 5JWD
aID: A
pID: C
Fetching  http://www.imgt.org/3Dstructure-DB/IMGT-FILE/IMGT-1B0R.pdb.gz
Opening 1B0R
aID: A
pID: C
Fetching  http://www.imgt.org/3Dstructure-DB/IMGT-FILE/IMGT-4JQV.pdb.gz
Opening 4JQV
aID: A
pID: B
Fetching  http://www.imgt.org/3Dstructure-DB/IMGT-FILE/IMGT-3BEW.pdb.gz
Opening 3BEW
aID: A
pID: C
Fetching  http://www.imgt.org/3Dstructure-DB/IMGT-FILE/IMGT-5EO1.pdb.gz
Opening 5EO1
aID: A
pID: C
Fetching  http://www.imgt.org/3Dstructure-DB/IMGT-FILE/IMGT-5FDW.pdb.gz
Opening 5FDW
aID: A
pID: C
Fetching  http://www.imgt.org/3Dstructure-DB/IMGT-FILE/IMGT-1FFO.pdb.gz
Opening 1FFO
aID: A
pID: C
Fetching  http://www.imgt.org/3Dstructure-DB/IMGT-FILE/IMGT-3MGT.pdb.gz
Opening 3MGT
aID: A
pID: C
Fetching  http://www.imgt.org/3Dstructure-DB/IMGT-FILE/IMGT-2AV7.pdb.gz
Opening 2AV7
aID: A
pID: C
Fetching  http://www.imgt.org/3Dstructure-DB/IMGT-FILE/IMGT-3CPL.pdb.gz
Opening 3CPL
aID: A
pID: E
Fetching  http://www.imgt.org/3Dstructure-DB/IMGT-FILE/IMGT-4JFD.pdb.gz
Opening 4JFD
aID: A
pID: C
Fetching  http://www.imgt.org/3Dstructure-DB/IMGT-FILE/IMGT-3QDG.pdb.gz
Opening 3QDG
aID: A
pID: C
Fetching  http://www.imgt.org/3Dstructure-DB/IMGT-FILE/IMGT-2QRS.pdb.gz
Opening 2QRS
aID: A
pID: A
Fetching  http://www.imgt.org/3Dstructure-DB/IMGT-FILE/IMGT-1OGA.pdb.gz
Opening 1OGA
aID: A
pID: C
Fetching  http://www.imgt.org/3Dstructure-DB/IMGT-FILE/IMGT-1T0M.pdb.gz
Opening 1T0M
aID: A
pID: P
Fetching  http://www.imgt.org/3Dstructure-DB/IMGT-FILE/IMGT-1HHK.pdb.gz
Opening 1HHK
aID: A
pID: C
Fetching  http://www.imgt.org/3Dstructure-DB/IMGT-FILE/IMGT-4U1S.pdb.gz
Opening 4U1S
aID: A
pID: C
Fetching  http://www.imgt.org/3Dstructure-DB/IMGT-FILE/IMGT-4GKS.pdb.gz
Opening 4GKS
aID: A
pID: C
Fetching  http://www.imgt.org/3Dstructure-DB/IMGT-FILE/IMGT-3OXS.pdb.gz
Opening 3OXS
aID: A
pID: C
Fetching  http://www.imgt.org/3Dstructure-DB/IMGT-FILE/IMGT-2FZ3.pdb.gz
Opening 2FZ3
aID: A
pID: C
Fetching  http://www.imgt.org/3Dstructure-DB/IMGT-FILE/IMGT-4PRD.pdb.gz
Opening 4PRD
aID: A
pID: C
Fetching  http://www.imgt.org/3Dstructure-DB/IMGT-FILE/IMGT-3O3B.pdb.gz
Opening 3O3B
aID: A
pID: C
Fetching  http://www.imgt.org/3Dstructure-DB/IMGT-FILE/IMGT-3MRL.pdb.gz
Opening 3MRL
aID: A
pID: P
Fetching  http://www.imgt.org/3Dstructure-DB/IMGT-FILE/IMGT-5BS0.pdb.gz
Opening 5BS0
aID: A
pID: C
Fetching  http://www.imgt.org/3Dstructure-DB/IMGT-FILE/IMGT-3TF7.pdb.gz
Opening 3TF7
aID: E
pID: F
Fetching  http://www.imgt.org/3Dstructure-DB/IMGT-FILE/IMGT-2P5E.pdb.gz
Opening 2P5E
aID: A
pID: C
Fetching  http://www.imgt.org/3Dstructure-DB/IMGT-FILE/IMGT-5T70.pdb.gz
Opening 5T70
aID: A
pID: C
Fetching  http://www.imgt.org/3Dstructure-DB/IMGT-FILE/IMGT-4G8I.pdb.gz
Opening 4G8I
aID: A
pID: C
Fetching  http://www.imgt.org/3Dstructure-DB/IMGT-FILE/IMGT-2VAB.pdb.gz
Opening 2VAB
aID: A
pID: P
Fetching  http://www.imgt.org/3Dstructure-DB/IMGT-FILE/IMGT-3L3H.pdb.gz
Opening 3L3H
aID: A
pID: C
Fetching  http://www.imgt.org/3Dstructure-DB/IMGT-FILE/IMGT-5ENW.pdb.gz
Opening 5ENW
aID: A
pID: C
Fetching  http://www.imgt.org/3Dstructure-DB/IMGT-FILE/IMGT-5MEQ.pdb.gz
Fetching  http://www.imgt.org/3Dstructure-DB/IMGT-FILE/IMGT-1JGE.pdb.gz
Opening 1JGE
aID: A
pID: C
Fetching  http://www.imgt.org/3Dstructure-DB/IMGT-FILE/IMGT-1EFX.pdb.gz
Opening 1EFX
aID: A
pID: C
Fetching  http://www.imgt.org/3Dstructure-DB/IMGT-FILE/IMGT-1LEK.pdb.gz
Opening 1LEK
aID: A
pID: P
Fetching  http://www.imgt.org/3Dstructure-DB/IMGT-FILE/IMGT-2RFX.pdb.gz
Opening 2RFX
aID: A
pID: C
Fetching  http://www.imgt.org/3Dstructure-DB/IMGT-FILE/IMGT-4NT6.pdb.gz
Opening 4NT6
aID: A
pID: C
Fetching  http://www.imgt.org/3Dstructure-DB/IMGT-FILE/IMGT-1SYS.pdb.gz
Opening 1SYS
aID: A
pID: C
Fetching  http://www.imgt.org/3Dstructure-DB/IMGT-FILE/IMGT-5GR7.pdb.gz
Opening 5GR7
aID: A
pID: C
Fetching  http://www.imgt.org/3Dstructure-DB/IMGT-FILE/IMGT-3QQ4.pdb.gz
Opening 3QQ4
aID: A
pID: C
Fetching  http://www.imgt.org/3Dstructure-DB/IMGT-FILE/IMGT-5EU4.pdb.gz
Opening 5EU4
aID: A
pID: C
Fetching  http://www.imgt.org/3Dstructure-DB/IMGT-FILE/IMGT-4O2E.pdb.gz
Opening 4O2E
aID: A
pID: C
Fetching  http://www.imgt.org/3Dstructure-DB/IMGT-FILE/IMGT-1UXS.pdb.gz
Opening 1UXS
aID: A
pID: C
Fetching  http://www.imgt.org/3Dstructure-DB/IMGT-FILE/IMGT-4PGC.pdb.gz
Opening 4PGC
aID: A
pID: C
Fetching  http://www.imgt.org/3Dstructure-DB/IMGT-FILE/IMGT-3VXP.pdb.gz
Opening 3VXP
aID: A
pID: C
Fetching  http://www.imgt.org/3Dstructure-DB/IMGT-FILE/IMGT-3VFW.pdb.gz
Opening 3VFW
aID: A
pID: C
Fetching  http://www.imgt.org/3Dstructure-DB/IMGT-FILE/IMGT-3CCH.pdb.gz
Opening 3CCH
aID: A
pID: C
Fetching  http://www.imgt.org/3Dstructure-DB/IMGT-FILE/IMGT-1S7S.pdb.gz
Opening 1S7S
aID: A
pID: C
Fetching  http://www.imgt.org/3Dstructure-DB/IMGT-FILE/IMGT-3VFR.pdb.gz
Opening 3VFR
aID: A
pID: C
Fetching  http://www.imgt.org/3Dstructure-DB/IMGT-FILE/IMGT-5B38.pdb.gz
Opening 5B38
aID: A
pID: C
Fetching  http://www.imgt.org/3Dstructure-DB/IMGT-FILE/IMGT-1NAN.pdb.gz
Opening 1NAN
aID: H
pID: M
Fetching  http://www.imgt.org/3Dstructure-DB/IMGT-FILE/IMGT-4PG9.pdb.gz
Opening 4PG9
aID: A
pID: C
Fetching  http://www.imgt.org/3Dstructure-DB/IMGT-FILE/IMGT-3KPN.pdb.gz
Opening 3KPN
aID: A
pID: C
Fetching  http://www.imgt.org/3Dstructure-DB/IMGT-FILE/IMGT-3FTG.pdb.gz
Opening 3FTG
aID: A
pID: C
Fetching  http://www.imgt.org/3Dstructure-DB/IMGT-FILE/IMGT-2VLR.pdb.gz
Opening 2VLR
aID: A
pID: C
Fetching  http://www.imgt.org/3Dstructure-DB/IMGT-FILE/IMGT-3FQT.pdb.gz
Opening 3FQT
aID: A
pID: C
Fetching  http://www.imgt.org/3Dstructure-DB/IMGT-FILE/IMGT-5H94.pdb.gz
Opening 5H94
aID: A
pID: C
Fetching  http://www.imgt.org/3Dstructure-DB/IMGT-FILE/IMGT-3DX8.pdb.gz
Opening 3DX8
aID: A
pID: C
Fetching  http://www.imgt.org/3Dstructure-DB/IMGT-FILE/IMGT-5NMF.pdb.gz
Opening 5NMF
aID: A
pID: C
Fetching  http://www.imgt.org/3Dstructure-DB/IMGT-FILE/IMGT-4IHO.pdb.gz
Opening 4IHO
aID: A
pID: C
Fetching  http://www.imgt.org/3Dstructure-DB/IMGT-FILE/IMGT-5WLI.pdb.gz
Opening 5WLI
aID: A
pID: C
Fetching  http://www.imgt.org/3Dstructure-DB/IMGT-FILE/IMGT-1S7X.pdb.gz
Opening 1S7X
aID: A
pID: C
Fetching  http://www.imgt.org/3Dstructure-DB/IMGT-FILE/IMGT-1S7R.pdb.gz
Opening 1S7R
aID: A
pID: C
Fetching  http://www.imgt.org/3Dstructure-DB/IMGT-FILE/IMGT-5E9D.pdb.gz
Opening 5E9D
aID: A
pID: C
Fetching  http://www.imgt.org/3Dstructure-DB/IMGT-FILE/IMGT-3KPQ.pdb.gz
Opening 3KPQ
aID: A
pID: C
Fetching  http://www.imgt.org/3Dstructure-DB/IMGT-FILE/IMGT-2F74.pdb.gz
Opening 2F74
aID: A
pID: C
Fetching  http://www.imgt.org/3Dstructure-DB/IMGT-FILE/IMGT-4HUW.pdb.gz
Opening 4HUW
aID: A
pID: I
Fetching  http://www.imgt.org/3Dstructure-DB/IMGT-FILE/IMGT-1MWA.pdb.gz
Opening 1MWA
aID: A
pID: P
Fetching  http://www.imgt.org/3Dstructure-DB/IMGT-FILE/IMGT-3D3V.pdb.gz
Opening 3D3V
aID: A
pID: C
Fetching  http://www.imgt.org/3Dstructure-DB/IMGT-FILE/IMGT-1P4L.pdb.gz
Opening 1P4L
aID: A
pID: P
Fetching  http://www.imgt.org/3Dstructure-DB/IMGT-FILE/IMGT-4I4W.pdb.gz
Opening 4I4W
aID: A
pID: C
Fetching  http://www.imgt.org/3Dstructure-DB/IMGT-FILE/IMGT-2OL3.pdb.gz
Opening 2OL3
aID: A
pID: P
Fetching  http://www.imgt.org/3Dstructure-DB/IMGT-FILE/IMGT-4XXC.pdb.gz
Opening 4XXC
aID: A
pID: B
Fetching  http://www.imgt.org/3Dstructure-DB/IMGT-FILE/IMGT-3PWP.pdb.gz
Opening 3PWP
aID: A
pID: C
Fetching  http://www.imgt.org/3Dstructure-DB/IMGT-FILE/IMGT-5C0E.pdb.gz
Opening 5C0E
aID: A
pID: C
Fetching  http://www.imgt.org/3Dstructure-DB/IMGT-FILE/IMGT-3B3I.pdb.gz
Opening 3B3I
aID: A
pID: C
Fetching  http://www.imgt.org/3Dstructure-DB/IMGT-FILE/IMGT-3VFU.pdb.gz
Opening 3VFU
aID: A
pID: C
Fetching  http://www.imgt.org/3Dstructure-DB/IMGT-FILE/IMGT-1X7Q.pdb.gz
Opening 1X7Q
aID: A
pID: C
Fetching  http://www.imgt.org/3Dstructure-DB/IMGT-FILE/IMGT-2P5W.pdb.gz
Opening 2P5W
aID: A
pID: C
Fetching  http://www.imgt.org/3Dstructure-DB/IMGT-FILE/IMGT-4L8C.pdb.gz
Opening 4L8C
aID: A
pID: I
Fetching  http://www.imgt.org/3Dstructure-DB/IMGT-FILE/IMGT-4U1I.pdb.gz
Opening 4U1I
aID: A
pID: C
Fetching  http://www.imgt.org/3Dstructure-DB/IMGT-FILE/IMGT-2E7L.pdb.gz
Opening 2E7L
aID: A
pID: P
Fetching  http://www.imgt.org/3Dstructure-DB/IMGT-FILE/IMGT-3KPO.pdb.gz
Opening 3KPO
aID: A
pID: C
Fetching  http://www.imgt.org/3Dstructure-DB/IMGT-FILE/IMGT-2F53.pdb.gz
Opening 2F53
aID: A
pID: C
Fetching  http://www.imgt.org/3Dstructure-DB/IMGT-FILE/IMGT-3QUL.pdb.gz
Opening 3QUL
aID: A
pID: C
Fetching  http://www.imgt.org/3Dstructure-DB/IMGT-FILE/IMGT-5GSR.pdb.gz
Opening 5GSR
aID: D
pID: P
Fetching  http://www.imgt.org/3Dstructure-DB/IMGT-FILE/IMGT-1UXW.pdb.gz
Opening 1UXW
aID: A
pID: C
Fetching  http://www.imgt.org/3Dstructure-DB/IMGT-FILE/IMGT-1T1W.pdb.gz
Opening 1T1W
aID: A
pID: C
Fetching  http://www.imgt.org/3Dstructure-DB/IMGT-FILE/IMGT-4D0C.pdb.gz
Opening 4D0C
aID: A
pID: C
Fetching  http://www.imgt.org/3Dstructure-DB/IMGT-FILE/IMGT-4PR5.pdb.gz
Opening 4PR5
aID: A
pID: C
Fetching  http://www.imgt.org/3Dstructure-DB/IMGT-FILE/IMGT-3HPJ.pdb.gz
Opening 3HPJ
aID: A
pID: C
Fetching  http://www.imgt.org/3Dstructure-DB/IMGT-FILE/IMGT-2CIK.pdb.gz
Opening 2CIK
aID: A
pID: C
Fetching  http://www.imgt.org/3Dstructure-DB/IMGT-FILE/IMGT-5B39.pdb.gz
Opening 5B39
aID: A
pID: C
Fetching  http://www.imgt.org/3Dstructure-DB/IMGT-FILE/IMGT-1EEZ.pdb.gz
Opening 1EEZ
aID: A
pID: C
Fetching  http://www.imgt.org/3Dstructure-DB/IMGT-FILE/IMGT-3DX6.pdb.gz
Opening 3DX6
aID: A
pID: C
Fetching  http://www.imgt.org/3Dstructure-DB/IMGT-FILE/IMGT-1TVH.pdb.gz
Opening 1TVH
aID: A
pID: C
Fetching  http://www.imgt.org/3Dstructure-DB/IMGT-FILE/IMGT-2QRT.pdb.gz
Opening 2QRT
aID: A
pID: A
Fetching  http://www.imgt.org/3Dstructure-DB/IMGT-FILE/IMGT-4MNQ.pdb.gz
Opening 4MNQ
aID: A
pID: C
Fetching  http://www.imgt.org/3Dstructure-DB/IMGT-FILE/IMGT-5NMK.pdb.gz
Opening 5NMK
aID: A
pID: C
Fetching  http://www.imgt.org/3Dstructure-DB/IMGT-FILE/IMGT-1S8D.pdb.gz
Opening 1S8D
aID: A
pID: C
Fetching  http://www.imgt.org/3Dstructure-DB/IMGT-FILE/IMGT-1JUF.pdb.gz
Opening 1JUF
aID: A
pID: C
Fetching  http://www.imgt.org/3Dstructure-DB/IMGT-FILE/IMGT-4NNX.pdb.gz
Opening 4NNX
aID: A
pID: C
Fetching  http://www.imgt.org/3Dstructure-DB/IMGT-FILE/IMGT-5T6Z.pdb.gz
Opening 5T6Z
aID: A
pID: C
Fetching  http://www.imgt.org/3Dstructure-DB/IMGT-FILE/IMGT-2AK4.pdb.gz
Opening 2AK4
aID: A
pID: C
Fetching  http://www.imgt.org/3Dstructure-DB/IMGT-FILE/IMGT-2X4Q.pdb.gz
Opening 2X4Q
aID: A
pID: C
Fetching  http://www.imgt.org/3Dstructure-DB/IMGT-FILE/IMGT-1T21.pdb.gz
Opening 1T21
aID: A
pID: C
Fetching  http://www.imgt.org/3Dstructure-DB/IMGT-FILE/IMGT-1OGT.pdb.gz
Opening 1OGT
aID: A
pID: C
Fetching  http://www.imgt.org/3Dstructure-DB/IMGT-FILE/IMGT-4JRY.pdb.gz
Opening 4JRY
aID: A
pID: C
Fetching  http://www.imgt.org/3Dstructure-DB/IMGT-FILE/IMGT-5NMH.pdb.gz
Opening 5NMH
aID: A
pID: C
Fetching  http://www.imgt.org/3Dstructure-DB/IMGT-FILE/IMGT-2VE6.pdb.gz
Opening 2VE6
aID: A
pID: C
Fetching  http://www.imgt.org/3Dstructure-DB/IMGT-FILE/IMGT-1I7U.pdb.gz
Opening 1I7U
aID: A
pID: C
Fetching  http://www.imgt.org/3Dstructure-DB/IMGT-FILE/IMGT-1KBG.pdb.gz
Opening 1KBG
aID: H
pID: P
Fetching  http://www.imgt.org/3Dstructure-DB/IMGT-FILE/IMGT-3LKN.pdb.gz
Opening 3LKN
aID: A
pID: C
Fetching  http://www.imgt.org/3Dstructure-DB/IMGT-FILE/IMGT-4PRN.pdb.gz
Opening 4PRN
aID: A
pID: C
Fetching  http://www.imgt.org/3Dstructure-DB/IMGT-FILE/IMGT-1KJV.pdb.gz
Opening 1KJV
aID: A
pID: P
Fetching  http://www.imgt.org/3Dstructure-DB/IMGT-FILE/IMGT-2NX5.pdb.gz
Opening 2NX5
aID: A
pID: C
Fetching  http://www.imgt.org/3Dstructure-DB/IMGT-FILE/IMGT-1RK0.pdb.gz
Opening 1RK0
aID: A
pID: P
Fetching  http://www.imgt.org/3Dstructure-DB/IMGT-FILE/IMGT-1ZHB.pdb.gz
Opening 1ZHB
aID: A
pID: C
Fetching  http://www.imgt.org/3Dstructure-DB/IMGT-FILE/IMGT-5C0C.pdb.gz
Opening 5C0C
aID: A
pID: C
Fetching  http://www.imgt.org/3Dstructure-DB/IMGT-FILE/IMGT-2CKB.pdb.gz
Opening 2CKB
aID: A
pID: P
Fetching  http://www.imgt.org/3Dstructure-DB/IMGT-FILE/IMGT-1RK1.pdb.gz
Opening 1RK1
aID: A
pID: P
Fetching  http://www.imgt.org/3Dstructure-DB/IMGT-FILE/IMGT-1A1N.pdb.gz
Opening 1A1N
aID: A
pID: C
Fetching  http://www.imgt.org/3Dstructure-DB/IMGT-FILE/IMGT-1VAD.pdb.gz
Opening 1VAD
aID: A
pID: P
Fetching  http://www.imgt.org/3Dstructure-DB/IMGT-FILE/IMGT-5C0B.pdb.gz
Opening 5C0B
aID: A
pID: C
Fetching  http://www.imgt.org/3Dstructure-DB/IMGT-FILE/IMGT-3ERY.pdb.gz
Opening 3ERY
aID: A
pID: P
Fetching  http://www.imgt.org/3Dstructure-DB/IMGT-FILE/IMGT-4PGE.pdb.gz
Opening 4PGE
aID: A
pID: C
Fetching  http://www.imgt.org/3Dstructure-DB/IMGT-FILE/IMGT-3GSW.pdb.gz
Opening 3GSW
aID: A
pID: P
Fetching  http://www.imgt.org/3Dstructure-DB/IMGT-FILE/IMGT-5C0F.pdb.gz
Opening 5C0F
aID: A
pID: C
Fetching  http://www.imgt.org/3Dstructure-DB/IMGT-FILE/IMGT-1G7Q.pdb.gz
Opening 1G7Q
aID: A
pID: P
Fetching  http://www.imgt.org/3Dstructure-DB/IMGT-FILE/IMGT-1A9E.pdb.gz
Opening 1A9E
aID: A
pID: C
Fetching  http://www.imgt.org/3Dstructure-DB/IMGT-FILE/IMGT-2X4T.pdb.gz
Opening 2X4T
aID: A
pID: C
Fetching  http://www.imgt.org/3Dstructure-DB/IMGT-FILE/IMGT-3MRH.pdb.gz
Opening 3MRH
aID: A
pID: P
Fetching  http://www.imgt.org/3Dstructure-DB/IMGT-FILE/IMGT-4U1M.pdb.gz
Opening 4U1M
aID: A
pID: C
Fetching  http://www.imgt.org/3Dstructure-DB/IMGT-FILE/IMGT-5E8P.pdb.gz
Opening 5E8P
aID: A
pID: F
Fetching  http://www.imgt.org/3Dstructure-DB/IMGT-FILE/IMGT-5WJL.pdb.gz
Opening 5WJL
aID: A
pID: C
Fetching  http://www.imgt.org/3Dstructure-DB/IMGT-FILE/IMGT-5GRD.pdb.gz
Opening 5GRD
aID: A
pID: C
Fetching  http://www.imgt.org/3Dstructure-DB/IMGT-FILE/IMGT-6BXQ.pdb.gz
Opening 6BXQ
aID: A
pID: A
Fetching  http://www.imgt.org/3Dstructure-DB/IMGT-FILE/IMGT-3UTQ.pdb.gz
Opening 3UTQ
aID: A
pID: C
Fetching  http://www.imgt.org/3Dstructure-DB/IMGT-FILE/IMGT-3WLB.pdb.gz
Opening 3WLB
aID: A
pID: C
Fetching  http://www.imgt.org/3Dstructure-DB/IMGT-FILE/IMGT-1FFP.pdb.gz
Opening 1FFP
aID: A
pID: C
Fetching  http://www.imgt.org/3Dstructure-DB/IMGT-FILE/IMGT-3FON.pdb.gz
Opening 3FON
aID: A
pID: P
Fetching  http://www.imgt.org/3Dstructure-DB/IMGT-FILE/IMGT-3PWJ.pdb.gz
Opening 3PWJ
aID: A
pID: C
Fetching  http://www.imgt.org/3Dstructure-DB/IMGT-FILE/IMGT-1QLF.pdb.gz
Opening 1QLF
aID: A
pID: C
Fetching  http://www.imgt.org/3Dstructure-DB/IMGT-FILE/IMGT-1BZ9.pdb.gz
Opening 1BZ9
aID: A
pID: C
Fetching  http://www.imgt.org/3Dstructure-DB/IMGT-FILE/IMGT-3CH1.pdb.gz
Opening 3CH1
aID: A
pID: F
Fetching  http://www.imgt.org/3Dstructure-DB/IMGT-FILE/IMGT-1P1Z.pdb.gz
Opening 1P1Z
aID: A
pID: P
Fetching  http://www.imgt.org/3Dstructure-DB/IMGT-FILE/IMGT-2YPK.pdb.gz
Opening 2YPK
aID: A
pID: C
Fetching  http://www.imgt.org/3Dstructure-DB/IMGT-FILE/IMGT-3BO8.pdb.gz
Opening 3BO8
aID: A
pID: C
Fetching  http://www.imgt.org/3Dstructure-DB/IMGT-FILE/IMGT-1RJZ.pdb.gz
Opening 1RJZ
aID: A
pID: P
Fetching  http://www.imgt.org/3Dstructure-DB/IMGT-FILE/IMGT-5IRO.pdb.gz
Opening 5IRO
aID: A
pID: B
Fetching  http://www.imgt.org/3Dstructure-DB/IMGT-FILE/IMGT-5W67.pdb.gz
Opening 5W67
aID: A
pID: C
Fetching  http://www.imgt.org/3Dstructure-DB/IMGT-FILE/IMGT-5EU3.pdb.gz
Opening 5EU3
aID: A
pID: C
Fetching  http://www.imgt.org/3Dstructure-DB/IMGT-FILE/IMGT-1K5N.pdb.gz
Opening 1K5N
aID: A
pID: C
Fetching  http://www.imgt.org/3Dstructure-DB/IMGT-FILE/IMGT-5EUO.pdb.gz
Opening 5EUO
aID: A
pID: I
Fetching  http://www.imgt.org/3Dstructure-DB/IMGT-FILE/IMGT-3QQ3.pdb.gz
Opening 3QQ3
aID: A
pID: C
Fetching  http://www.imgt.org/3Dstructure-DB/IMGT-FILE/IMGT-4MJI.pdb.gz
Opening 4MJI
aID: A
pID: C
Fetching  http://www.imgt.org/3Dstructure-DB/IMGT-FILE/IMGT-4FTV.pdb.gz
Opening 4FTV
aID: A
pID: C
Fetching  http://www.imgt.org/3Dstructure-DB/IMGT-FILE/IMGT-1T1Z.pdb.gz
Opening 1T1Z
aID: A
pID: C
Fetching  http://www.imgt.org/3Dstructure-DB/IMGT-FILE/IMGT-3RGV.pdb.gz
Opening 3RGV
aID: A
pID: E
Fetching  http://www.imgt.org/3Dstructure-DB/IMGT-FILE/IMGT-1LP9.pdb.gz
Opening 1LP9
aID: A
pID: C
Fetching  http://www.imgt.org/3Dstructure-DB/IMGT-FILE/IMGT-1I7T.pdb.gz
Opening 1I7T
aID: A
pID: C
Fetching  http://www.imgt.org/3Dstructure-DB/IMGT-FILE/IMGT-2VLK.pdb.gz
Opening 2VLK
aID: A
pID: C
Fetching  http://www.imgt.org/3Dstructure-DB/IMGT-FILE/IMGT-1FZO.pdb.gz
Opening 1FZO
aID: A
pID: P
Fetching  http://www.imgt.org/3Dstructure-DB/IMGT-FILE/IMGT-4GKN.pdb.gz
Opening 4GKN
aID: A
pID: C
Fetching  http://www.imgt.org/3Dstructure-DB/IMGT-FILE/IMGT-4E0R.pdb.gz
Opening 4E0R
aID: A
pID: C
Fetching  http://www.imgt.org/3Dstructure-DB/IMGT-FILE/IMGT-3MRG.pdb.gz
Opening 3MRG
aID: A
pID: P
Fetching  http://www.imgt.org/3Dstructure-DB/IMGT-FILE/IMGT-3E2H.pdb.gz
Opening 3E2H
aID: A
pID: Q
Fetching  http://www.imgt.org/3Dstructure-DB/IMGT-FILE/IMGT-4QRR.pdb.gz
Opening 4QRR
aID: A
pID: P
Fetching  http://www.imgt.org/3Dstructure-DB/IMGT-FILE/IMGT-2HN7.pdb.gz
Opening 2HN7
aID: A
pID: C
Fetching  http://www.imgt.org/3Dstructure-DB/IMGT-FILE/IMGT-5MEO.pdb.gz
Opening 5MEO
aID: A
pID: C
Fetching  http://www.imgt.org/3Dstructure-DB/IMGT-FILE/IMGT-3TJH.pdb.gz
Opening 3TJH
aID: A
pID: B
Fetching  http://www.imgt.org/3Dstructure-DB/IMGT-FILE/IMGT-4PRB.pdb.gz
Opening 4PRB
aID: A
pID: C
Fetching  http://www.imgt.org/3Dstructure-DB/IMGT-FILE/IMGT-1WBY.pdb.gz
Opening 1WBY
aID: A
pID: C
Fetching  http://www.imgt.org/3Dstructure-DB/IMGT-FILE/IMGT-1QVO.pdb.gz
Opening 1QVO
aID: A
pID: C
Fetching  http://www.imgt.org/3Dstructure-DB/IMGT-FILE/IMGT-1IM9.pdb.gz
Opening 1IM9
aID: A
pID: C
Fetching  http://www.imgt.org/3Dstructure-DB/IMGT-FILE/IMGT-1W0V.pdb.gz
Opening 1W0V
aID: A
pID: C
Fetching  http://www.imgt.org/3Dstructure-DB/IMGT-FILE/IMGT-4QOK.pdb.gz
Opening 4QOK
aID: A
pID: C
Fetching  http://www.imgt.org/3Dstructure-DB/IMGT-FILE/IMGT-5WET.pdb.gz
Opening 5WET
aID: A
pID: P
Fetching  http://www.imgt.org/3Dstructure-DB/IMGT-FILE/IMGT-3P9M.pdb.gz
Opening 3P9M
aID: A
pID: C
Fetching  http://www.imgt.org/3Dstructure-DB/IMGT-FILE/IMGT-2BVP.pdb.gz
Opening 2BVP
aID: A
pID: C
Fetching  http://www.imgt.org/3Dstructure-DB/IMGT-FILE/IMGT-1IM3.pdb.gz
Opening 1IM3
aID: A
pID: C
Fetching  http://www.imgt.org/3Dstructure-DB/IMGT-FILE/IMGT-1LEG.pdb.gz
Opening 1LEG
aID: A
pID: P
Fetching  http://www.imgt.org/3Dstructure-DB/IMGT-FILE/IMGT-3X13.pdb.gz
Opening 3X13
aID: A
pID: C
Fetching  http://www.imgt.org/3Dstructure-DB/IMGT-FILE/IMGT-2ZOK.pdb.gz
Opening 2ZOK
aID: A
pID: I
Fetching  http://www.imgt.org/3Dstructure-DB/IMGT-FILE/IMGT-1EEY.pdb.gz
Opening 1EEY
aID: A
pID: C
Fetching  http://www.imgt.org/3Dstructure-DB/IMGT-FILE/IMGT-1G7P.pdb.gz
Opening 1G7P
aID: A
pID: P
Fetching  http://www.imgt.org/3Dstructure-DB/IMGT-FILE/IMGT-3VFT.pdb.gz
Opening 3VFT
aID: A
pID: C
Fetching  http://www.imgt.org/3Dstructure-DB/IMGT-FILE/IMGT-4ZUW.pdb.gz
Opening 4ZUW
aID: A
pID: C
Fetching  http://www.imgt.org/3Dstructure-DB/IMGT-FILE/IMGT-4L3C.pdb.gz
Opening 4L3C
aID: A
pID: B
Fetching  http://www.imgt.org/3Dstructure-DB/IMGT-FILE/IMGT-2J8U.pdb.gz
Opening 2J8U
aID: A
pID: C
Fetching  http://www.imgt.org/3Dstructure-DB/IMGT-FILE/IMGT-1B0G.pdb.gz
Opening 1B0G
aID: A
pID: C
Fetching  http://www.imgt.org/3Dstructure-DB/IMGT-FILE/IMGT-5ISZ.pdb.gz
Opening 5ISZ
aID: A
pID: C
Fetching  http://www.imgt.org/3Dstructure-DB/IMGT-FILE/IMGT-4WJ5.pdb.gz
Opening 4WJ5
aID: A
pID: C
Fetching  http://www.imgt.org/3Dstructure-DB/IMGT-FILE/IMGT-4ZFZ.pdb.gz
Opening 4ZFZ
aID: A
pID: C
Fetching  http://www.imgt.org/3Dstructure-DB/IMGT-FILE/IMGT-2UWE.pdb.gz
Opening 2UWE
aID: A
pID: C
Fetching  http://www.imgt.org/3Dstructure-DB/IMGT-FILE/IMGT-5VGD.pdb.gz
Opening 5VGD
aID: A
pID: C
Fetching  http://www.imgt.org/3Dstructure-DB/IMGT-FILE/IMGT-5D9S.pdb.gz
Opening 5D9S
aID: A
pID: C
Fetching  http://www.imgt.org/3Dstructure-DB/IMGT-FILE/IMGT-5E6I.pdb.gz
Fetching  http://www.imgt.org/3Dstructure-DB/IMGT-FILE/IMGT-2XFX.pdb.gz
Opening 2XFX
aID: A
pID: C
Fetching  http://www.imgt.org/3Dstructure-DB/IMGT-FILE/IMGT-1MI5.pdb.gz
Opening 1MI5
aID: A
pID: C
Fetching  http://www.imgt.org/3Dstructure-DB/IMGT-FILE/IMGT-1T20.pdb.gz
Opening 1T20
aID: A
pID: C
Fetching  http://www.imgt.org/3Dstructure-DB/IMGT-FILE/IMGT-3P4M.pdb.gz
Opening 3P4M
aID: A
pID: C
Fetching  http://www.imgt.org/3Dstructure-DB/IMGT-FILE/IMGT-3IXA.pdb.gz
Opening 3IXA
aID: A
pID: C
Fetching  http://www.imgt.org/3Dstructure-DB/IMGT-FILE/IMGT-5FA4.pdb.gz
Opening 5FA4
aID: A
pID: C
Fetching  http://www.imgt.org/3Dstructure-DB/IMGT-FILE/IMGT-1FZK.pdb.gz
Opening 1FZK
aID: A
pID: P
Fetching  http://www.imgt.org/3Dstructure-DB/IMGT-FILE/IMGT-5TEZ.pdb.gz
Opening 5TEZ
aID: C
pID: C
Fetching  http://www.imgt.org/3Dstructure-DB/IMGT-FILE/IMGT-6AVG.pdb.gz
Opening 6AVG
aID: H
pID: Q
Fetching  http://www.imgt.org/3Dstructure-DB/IMGT-FILE/IMGT-4Z76.pdb.gz
Opening 4Z76
aID: A
pID: C
Fetching  http://www.imgt.org/3Dstructure-DB/IMGT-FILE/IMGT-3WUW.pdb.gz
Opening 3WUW
aID: A
pID: C
Fetching  http://www.imgt.org/3Dstructure-DB/IMGT-FILE/IMGT-5KD7.pdb.gz
Opening 5KD7
aID: A
pID: P
Fetching  http://www.imgt.org/3Dstructure-DB/IMGT-FILE/IMGT-2BNQ.pdb.gz
Opening 2BNQ
aID: A
pID: C
Fetching  http://www.imgt.org/3Dstructure-DB/IMGT-FILE/IMGT-3BGM.pdb.gz
Opening 3BGM
aID: A
pID: C
Fetching  http://www.imgt.org/3Dstructure-DB/IMGT-FILE/IMGT-2GJ6.pdb.gz
Opening 2GJ6
aID: A
pID: C
Fetching  http://www.imgt.org/3Dstructure-DB/IMGT-FILE/IMGT-2YPL.pdb.gz
Opening 2YPL
aID: A
pID: C
Fetching  http://www.imgt.org/3Dstructure-DB/IMGT-FILE/IMGT-3I6K.pdb.gz
Opening 3I6K
aID: A
pID: C
Fetching  http://www.imgt.org/3Dstructure-DB/IMGT-FILE/IMGT-4K7F.pdb.gz
Opening 4K7F
aID: A
pID: C
Fetching  http://www.imgt.org/3Dstructure-DB/IMGT-FILE/IMGT-5XOS.pdb.gz
Opening 5XOS
aID: A
pID: C
Fetching  http://www.imgt.org/3Dstructure-DB/IMGT-FILE/IMGT-3VFP.pdb.gz
Opening 3VFP
aID: A
pID: C
Fetching  http://www.imgt.org/3Dstructure-DB/IMGT-FILE/IMGT-4HS3.pdb.gz
Opening 4HS3
aID: A
pID: C
Fetching  http://www.imgt.org/3Dstructure-DB/IMGT-FILE/IMGT-2X4R.pdb.gz
Opening 2X4R
aID: A
pID: C
Fetching  http://www.imgt.org/3Dstructure-DB/IMGT-FILE/IMGT-5NMG.pdb.gz
Opening 5NMG
aID: A
pID: C
Fetching  http://www.imgt.org/3Dstructure-DB/IMGT-FILE/IMGT-1I1Y.pdb.gz
Opening 1I1Y
aID: A
pID: C
Fetching  http://www.imgt.org/3Dstructure-DB/IMGT-FILE/IMGT-5C0G.pdb.gz
Opening 5C0G
aID: A
pID: C
Fetching  http://www.imgt.org/3Dstructure-DB/IMGT-FILE/IMGT-5XOT.pdb.gz
Opening 5XOT
aID: A
pID: C
Fetching  http://www.imgt.org/3Dstructure-DB/IMGT-FILE/IMGT-5XMF.pdb.gz
Opening 5XMF
aID: A
pID: C
Fetching  http://www.imgt.org/3Dstructure-DB/IMGT-FILE/IMGT-3QDJ.pdb.gz
Opening 3QDJ
aID: A
pID: C
Fetching  http://www.imgt.org/3Dstructure-DB/IMGT-FILE/IMGT-1QR1.pdb.gz
Opening 1QR1
aID: A
pID: C
Fetching  http://www.imgt.org/3Dstructure-DB/IMGT-FILE/IMGT-4HV8.pdb.gz
Opening 4HV8
aID: A
pID: E
Fetching  http://www.imgt.org/3Dstructure-DB/IMGT-FILE/IMGT-1I4F.pdb.gz
Opening 1I4F
aID: A
pID: C
Fetching  http://www.imgt.org/3Dstructure-DB/IMGT-FILE/IMGT-5C0A.pdb.gz
Opening 5C0A
aID: A
pID: C
Fetching  http://www.imgt.org/3Dstructure-DB/IMGT-FILE/IMGT-3MRR.pdb.gz
Opening 3MRR
aID: A
pID: P
Fetching  http://www.imgt.org/3Dstructure-DB/IMGT-FILE/IMGT-1BII.pdb.gz
Opening 1BII
aID: A
pID: P
Fetching  http://www.imgt.org/3Dstructure-DB/IMGT-FILE/IMGT-3VXO.pdb.gz
Opening 3VXO
aID: A
pID: C
Fetching  http://www.imgt.org/3Dstructure-DB/IMGT-FILE/IMGT-3MRD.pdb.gz
Opening 3MRD
aID: A
pID: P
Fetching  http://www.imgt.org/3Dstructure-DB/IMGT-FILE/IMGT-5IEH.pdb.gz
Opening 5IEH
aID: A
pID: C
Fetching  http://www.imgt.org/3Dstructure-DB/IMGT-FILE/IMGT-1JHT.pdb.gz
Opening 1JHT
aID: A
pID: C
Fetching  http://www.imgt.org/3Dstructure-DB/IMGT-FILE/IMGT-3KPM.pdb.gz
Opening 3KPM
aID: A
pID: C
Fetching  http://www.imgt.org/3Dstructure-DB/IMGT-FILE/IMGT-1T0N.pdb.gz
Opening 1T0N
aID: A
pID: P
Fetching  http://www.imgt.org/3Dstructure-DB/IMGT-FILE/IMGT-3VFM.pdb.gz
Opening 3VFM
aID: A
pID: C
Fetching  http://www.imgt.org/3Dstructure-DB/IMGT-FILE/IMGT-5W69.pdb.gz
Opening 5W69
aID: A
pID: I
Fetching  http://www.imgt.org/3Dstructure-DB/IMGT-FILE/IMGT-3PWU.pdb.gz
Opening 3PWU
aID: A
pID: C
Fetching  http://www.imgt.org/3Dstructure-DB/IMGT-FILE/IMGT-1HHG.pdb.gz
Opening 1HHG
aID: A
pID: C
Fetching  http://www.imgt.org/3Dstructure-DB/IMGT-FILE/IMGT-3PQY.pdb.gz
Opening 3PQY
aID: A
pID: C
Fetching  http://www.imgt.org/3Dstructure-DB/IMGT-FILE/IMGT-1JF1.pdb.gz
Opening 1JF1
aID: A
pID: C
Fetching  http://www.imgt.org/3Dstructure-DB/IMGT-FILE/IMGT-3QFD.pdb.gz
Opening 3QFD
aID: A
pID: C
Fetching  http://www.imgt.org/3Dstructure-DB/IMGT-FILE/IMGT-5U98.pdb.gz
Opening 5U98
aID: A
pID: C
Fetching  http://www.imgt.org/3Dstructure-DB/IMGT-FILE/IMGT-1N5A.pdb.gz
Opening 1N5A
aID: A
pID: C
Fetching  http://www.imgt.org/3Dstructure-DB/IMGT-FILE/IMGT-1T1X.pdb.gz
Opening 1T1X
aID: A
pID: C
Fetching  http://www.imgt.org/3Dstructure-DB/IMGT-FILE/IMGT-3GSV.pdb.gz
Opening 3GSV
aID: A
pID: P
Fetching  http://www.imgt.org/3Dstructure-DB/IMGT-FILE/IMGT-1AGF.pdb.gz
Opening 1AGF
aID: A
pID: C
Fetching  http://www.imgt.org/3Dstructure-DB/IMGT-FILE/IMGT-4Z78.pdb.gz
Opening 4Z78
aID: A
pID: C
Fetching  http://www.imgt.org/3Dstructure-DB/IMGT-FILE/IMGT-1S9W.pdb.gz
Opening 1S9W
aID: A
pID: C
Fetching  http://www.imgt.org/3Dstructure-DB/IMGT-FILE/IMGT-5GJY.pdb.gz
Opening 5GJY
aID: A
pID: C
Fetching  http://www.imgt.org/3Dstructure-DB/IMGT-FILE/IMGT-3QDM.pdb.gz
Opening 3QDM
aID: A
pID: C
Fetching  http://www.imgt.org/3Dstructure-DB/IMGT-FILE/IMGT-4U1L.pdb.gz
Opening 4U1L
aID: A
pID: C
Fetching  http://www.imgt.org/3Dstructure-DB/IMGT-FILE/IMGT-5C09.pdb.gz
Opening 5C09
aID: A
pID: C
Fetching  http://www.imgt.org/3Dstructure-DB/IMGT-FILE/IMGT-4U6X.pdb.gz
Opening 4U6X
aID: A
pID: P
Fetching  http://www.imgt.org/3Dstructure-DB/IMGT-FILE/IMGT-4NQX.pdb.gz
Opening 4NQX
aID: A
pID: M
Fetching  http://www.imgt.org/3Dstructure-DB/IMGT-FILE/IMGT-5HHO.pdb.gz
Opening 5HHO
aID: A
pID: C
Fetching  http://www.imgt.org/3Dstructure-DB/IMGT-FILE/IMGT-5MZM.pdb.gz
Opening 5MZM
aID: A
pID: C
Fetching  http://www.imgt.org/3Dstructure-DB/IMGT-FILE/IMGT-1FG2.pdb.gz
Opening 1FG2
aID: A
pID: C
Fetching  http://www.imgt.org/3Dstructure-DB/IMGT-FILE/IMGT-1T22.pdb.gz
Opening 1T22
aID: A
pID: C
Fetching  http://www.imgt.org/3Dstructure-DB/IMGT-FILE/IMGT-2AXF.pdb.gz
Opening 2AXF
aID: A
pID: C
Fetching  http://www.imgt.org/3Dstructure-DB/IMGT-FILE/IMGT-1I7R.pdb.gz
Opening 1I7R
aID: A
pID: C
Fetching  http://www.imgt.org/3Dstructure-DB/IMGT-FILE/IMGT-4L3E.pdb.gz
Opening 4L3E
aID: A
pID: C
Fetching  http://www.imgt.org/3Dstructure-DB/IMGT-FILE/IMGT-3X12.pdb.gz
Opening 3X12
aID: A
pID: C
Fetching  http://www.imgt.org/3Dstructure-DB/IMGT-FILE/IMGT-6AT9.pdb.gz
Opening 6AT9
aID: A
pID: C
Fetching  http://www.imgt.org/3Dstructure-DB/IMGT-FILE/IMGT-1QO3.pdb.gz
Opening 1QO3
aID: A
pID: P
Fetching  http://www.imgt.org/3Dstructure-DB/IMGT-FILE/IMGT-3O3D.pdb.gz
Opening 3O3D
aID: A
pID: F
Fetching  http://www.imgt.org/3Dstructure-DB/IMGT-FILE/IMGT-1HHH.pdb.gz
Opening 1HHH
aID: A
pID: C
Fetching  http://www.imgt.org/3Dstructure-DB/IMGT-FILE/IMGT-5MEN.pdb.gz
Fetching  http://www.imgt.org/3Dstructure-DB/IMGT-FILE/IMGT-4PGD.pdb.gz
Opening 4PGD
aID: A
pID: C
Fetching  http://www.imgt.org/3Dstructure-DB/IMGT-FILE/IMGT-1HHJ.pdb.gz
Opening 1HHJ
aID: A
pID: C
Fetching  http://www.imgt.org/3Dstructure-DB/IMGT-FILE/IMGT-3OX8.pdb.gz
Opening 3OX8
aID: A
pID: C
Fetching  http://www.imgt.org/3Dstructure-DB/IMGT-FILE/IMGT-4E5X.pdb.gz
Opening 4E5X
aID: A
pID: C
Fetching  http://www.imgt.org/3Dstructure-DB/IMGT-FILE/IMGT-3SJV.pdb.gz
Opening 3SJV
aID: A
pID: C
Fetching  http://www.imgt.org/3Dstructure-DB/IMGT-FILE/IMGT-3FQU.pdb.gz
Opening 3FQU
aID: A
pID: C
Fetching  http://www.imgt.org/3Dstructure-DB/IMGT-FILE/IMGT-1AKJ.pdb.gz
Opening 1AKJ
aID: A
pID: C
Fetching  http://www.imgt.org/3Dstructure-DB/IMGT-FILE/IMGT-5DEF.pdb.gz
Opening 5DEF
aID: A
pID: C
Fetching  http://www.imgt.org/3Dstructure-DB/IMGT-FILE/IMGT-5BRZ.pdb.gz
Opening 5BRZ
aID: A
pID: C
Fetching  http://www.imgt.org/3Dstructure-DB/IMGT-FILE/IMGT-4NQV.pdb.gz
Opening 4NQV
aID: A
pID: M
Fetching  http://www.imgt.org/3Dstructure-DB/IMGT-FILE/IMGT-5GSB.pdb.gz
Opening 5GSB
aID: A
pID: C
Fetching  http://www.imgt.org/3Dstructure-DB/IMGT-FILE/IMGT-3KLA.pdb.gz
Opening 3KLA
aID: A
pID: C
Fetching  http://www.imgt.org/3Dstructure-DB/IMGT-FILE/IMGT-6AT5.pdb.gz
Opening 6AT5
aID: A
pID: C
Fetching  http://www.imgt.org/3Dstructure-DB/IMGT-FILE/IMGT-3FQR.pdb.gz
Opening 3FQR
aID: A
pID: C
Fetching  http://www.imgt.org/3Dstructure-DB/IMGT-FILE/IMGT-1AGB.pdb.gz
Opening 1AGB
aID: A
pID: C
Fetching  http://www.imgt.org/3Dstructure-DB/IMGT-FILE/IMGT-3KPP.pdb.gz
Opening 3KPP
aID: A
pID: C
Fetching  http://www.imgt.org/3Dstructure-DB/IMGT-FILE/IMGT-4O2F.pdb.gz
Opening 4O2F
aID: A
pID: C
Fetching  http://www.imgt.org/3Dstructure-DB/IMGT-FILE/IMGT-5F9J.pdb.gz
Opening 5F9J
aID: A
pID: C
Fetching  http://www.imgt.org/3Dstructure-DB/IMGT-FILE/IMGT-1S7U.pdb.gz
Opening 1S7U
aID: A
pID: C
Fetching  http://www.imgt.org/3Dstructure-DB/IMGT-FILE/IMGT-5W6A.pdb.gz
Opening 5W6A
aID: A
pID: E
Fetching  http://www.imgt.org/3Dstructure-DB/IMGT-FILE/IMGT-3KXF.pdb.gz
Opening 3KXF
aID: A
pID: Q
Fetching  http://www.imgt.org/3Dstructure-DB/IMGT-FILE/IMGT-3MGO.pdb.gz
Opening 3MGO
aID: A
pID: C
Fetching  http://www.imgt.org/3Dstructure-DB/IMGT-FILE/IMGT-1HSA.pdb.gz
Opening 1HSA
aID: A
pID: C
Fetching  http://www.imgt.org/3Dstructure-DB/IMGT-FILE/IMGT-4PV8.pdb.gz
Opening 4PV8
aID: A
pID: E
Fetching  http://www.imgt.org/3Dstructure-DB/IMGT-FILE/IMGT-3UPR.pdb.gz
Opening 3UPR
aID: A
pID: P
Fetching  http://www.imgt.org/3Dstructure-DB/IMGT-FILE/IMGT-3FOL.pdb.gz
Opening 3FOL
aID: A
pID: P
Fetching  http://www.imgt.org/3Dstructure-DB/IMGT-FILE/IMGT-3E6F.pdb.gz
Opening 3E6F
aID: A
pID: P
Fetching  http://www.imgt.org/3Dstructure-DB/IMGT-FILE/IMGT-3H7B.pdb.gz
Opening 3H7B
aID: A
pID: C
Fetching  http://www.imgt.org/3Dstructure-DB/IMGT-FILE/IMGT-1YN6.pdb.gz
Opening 1YN6
aID: A
pID: C
Fetching  http://www.imgt.org/3Dstructure-DB/IMGT-FILE/IMGT-1I1F.pdb.gz
Opening 1I1F
aID: A
pID: C
Fetching  http://www.imgt.org/3Dstructure-DB/IMGT-FILE/IMGT-2OI9.pdb.gz
Opening 2OI9
aID: A
pID: Q
Fetching  http://www.imgt.org/3Dstructure-DB/IMGT-FILE/IMGT-5GJX.pdb.gz
Opening 5GJX
aID: A
pID: C
Fetching  http://www.imgt.org/3Dstructure-DB/IMGT-FILE/IMGT-5WKF.pdb.gz
Opening 5WKF
aID: A
pID: C
Fetching  http://www.imgt.org/3Dstructure-DB/IMGT-FILE/IMGT-5WLG.pdb.gz
Opening 5WLG
aID: A
pID: C
Fetching  http://www.imgt.org/3Dstructure-DB/IMGT-FILE/IMGT-2FYY.pdb.gz
Opening 2FYY
aID: A
pID: C
Fetching  http://www.imgt.org/3Dstructure-DB/IMGT-FILE/IMGT-5KD4.pdb.gz
Opening 5KD4
aID: A
pID: P
Fetching  http://www.imgt.org/3Dstructure-DB/IMGT-FILE/IMGT-4HWZ.pdb.gz
Opening 4HWZ
aID: A
pID: C
Fetching  http://www.imgt.org/3Dstructure-DB/IMGT-FILE/IMGT-5XMM.pdb.gz
Opening 5XMM
aID: A
pID: C
Fetching  http://www.imgt.org/3Dstructure-DB/IMGT-FILE/IMGT-2PYE.pdb.gz
Opening 2PYE
aID: A
pID: C
Fetching  http://www.imgt.org/3Dstructure-DB/IMGT-FILE/IMGT-3LKS.pdb.gz
Opening 3LKS
aID: A
pID: C
Fetching  http://www.imgt.org/3Dstructure-DB/IMGT-FILE/IMGT-1T1Y.pdb.gz
Opening 1T1Y
aID: A
pID: C
Fetching  http://www.imgt.org/3Dstructure-DB/IMGT-FILE/IMGT-4MJ6.pdb.gz
Opening 4MJ6
aID: A
pID: C
Fetching  http://www.imgt.org/3Dstructure-DB/IMGT-FILE/IMGT-5FA3.pdb.gz
Opening 5FA3
aID: A
pID: C
Fetching  http://www.imgt.org/3Dstructure-DB/IMGT-FILE/IMGT-2GTZ.pdb.gz
Opening 2GTZ
aID: A
pID: F
Fetching  http://www.imgt.org/3Dstructure-DB/IMGT-FILE/IMGT-3H9S.pdb.gz
Opening 3H9S
aID: A
pID: C
Fetching  http://www.imgt.org/3Dstructure-DB/IMGT-FILE/IMGT-1QQD.pdb.gz
Opening 1QQD
aID: A
pID: C
Fetching  http://www.imgt.org/3Dstructure-DB/IMGT-FILE/IMGT-3X14.pdb.gz
Opening 3X14
aID: A
pID: C
Fetching  http://www.imgt.org/3Dstructure-DB/IMGT-FILE/IMGT-3BH9.pdb.gz
Opening 3BH9
aID: A
pID: C
Fetching  http://www.imgt.org/3Dstructure-DB/IMGT-FILE/IMGT-1TMC.pdb.gz
Opening 1TMC
aID: A
pID: C
Fetching  http://www.imgt.org/3Dstructure-DB/IMGT-FILE/IMGT-3SKO.pdb.gz
Opening 3SKO
aID: A
pID: C
Fetching  http://www.imgt.org/3Dstructure-DB/IMGT-FILE/IMGT-2BSR.pdb.gz
Opening 2BSR
aID: A
pID: C
Fetching  http://www.imgt.org/3Dstructure-DB/IMGT-FILE/IMGT-4L29.pdb.gz
Opening 4L29
aID: A
pID: B
Fetching  http://www.imgt.org/3Dstructure-DB/IMGT-FILE/IMGT-1ZT7.pdb.gz
Opening 1ZT7
aID: A
pID: P
Fetching  http://www.imgt.org/3Dstructure-DB/IMGT-FILE/IMGT-4HUU.pdb.gz
Opening 4HUU
aID: A
pID: C
Fetching  http://www.imgt.org/3Dstructure-DB/IMGT-FILE/IMGT-2A83.pdb.gz
Opening 2A83
aID: A
pID: C
Fetching  http://www.imgt.org/3Dstructure-DB/IMGT-FILE/IMGT-2V2W.pdb.gz
Opening 2V2W
aID: A
pID: C
Fetching  http://www.imgt.org/3Dstructure-DB/IMGT-FILE/IMGT-3LKR.pdb.gz
Opening 3LKR
aID: A
pID: C
Fetching  http://www.imgt.org/3Dstructure-DB/IMGT-FILE/IMGT-5IND.pdb.gz
Opening 5IND
aID: A
pID: E
Fetching  http://www.imgt.org/3Dstructure-DB/IMGT-FILE/IMGT-3P4N.pdb.gz
Opening 3P4N
aID: A
pID: C
Fetching  http://www.imgt.org/3Dstructure-DB/IMGT-FILE/IMGT-1LK2.pdb.gz
Opening 1LK2
aID: A
pID: P
Fetching  http://www.imgt.org/3Dstructure-DB/IMGT-FILE/IMGT-3E3Q.pdb.gz
Fetching  http://www.imgt.org/3Dstructure-DB/IMGT-FILE/IMGT-1Q94.pdb.gz
Opening 1Q94
aID: A
pID: C
Fetching  http://www.imgt.org/3Dstructure-DB/IMGT-FILE/IMGT-2BVO.pdb.gz
Opening 2BVO
aID: A
pID: C
Fetching  http://www.imgt.org/3Dstructure-DB/IMGT-FILE/IMGT-4CVX.pdb.gz
Opening 4CVX
aID: A
pID: C
Fetching  http://www.imgt.org/3Dstructure-DB/IMGT-FILE/IMGT-1ZSD.pdb.gz
Opening 1ZSD
aID: A
pID: C
Fetching  http://www.imgt.org/3Dstructure-DB/IMGT-FILE/IMGT-3TID.pdb.gz
Opening 3TID
aID: A
pID: C
Fetching  http://www.imgt.org/3Dstructure-DB/IMGT-FILE/IMGT-2X4O.pdb.gz
Opening 2X4O
aID: A
pID: C
Fetching  http://www.imgt.org/3Dstructure-DB/IMGT-FILE/IMGT-1ZHL.pdb.gz
Opening 1ZHL
aID: A
pID: C
Fetching  http://www.imgt.org/3Dstructure-DB/IMGT-FILE/IMGT-3LN4.pdb.gz
Opening 3LN4
aID: A
pID: C
Fetching  http://www.imgt.org/3Dstructure-DB/IMGT-FILE/IMGT-4PRP.pdb.gz
Opening 4PRP
aID: A
pID: C
Fetching  http://www.imgt.org/3Dstructure-DB/IMGT-FILE/IMGT-1FZM.pdb.gz
Opening 1FZM
aID: A
pID: P
Fetching  http://www.imgt.org/3Dstructure-DB/IMGT-FILE/IMGT-5V5L.pdb.gz
Opening 5V5L
aID: A
pID: E
Fetching  http://www.imgt.org/3Dstructure-DB/IMGT-FILE/IMGT-5T6Y.pdb.gz
Opening 5T6Y
aID: A
pID: C
Fetching  http://www.imgt.org/3Dstructure-DB/IMGT-FILE/IMGT-1JGD.pdb.gz
Opening 1JGD
aID: A
pID: C
Fetching  http://www.imgt.org/3Dstructure-DB/IMGT-FILE/IMGT-5EU5.pdb.gz
Opening 5EU5
aID: A
pID: C
Fetching  http://www.imgt.org/3Dstructure-DB/IMGT-FILE/IMGT-1TVB.pdb.gz
Opening 1TVB
aID: A
pID: C
Fetching  http://www.imgt.org/3Dstructure-DB/IMGT-FILE/IMGT-2GTW.pdb.gz
Opening 2GTW
aID: A
pID: C
Fetching  http://www.imgt.org/3Dstructure-DB/IMGT-FILE/IMGT-2VAA.pdb.gz
Opening 2VAA
aID: A
pID: P
Fetching  http://www.imgt.org/3Dstructure-DB/IMGT-FILE/IMGT-3VH8.pdb.gz
Opening 3VH8
aID: A
pID: C
Fetching  http://www.imgt.org/3Dstructure-DB/IMGT-FILE/IMGT-5XS3.pdb.gz
Opening 5XS3
aID: A
pID: C
Fetching  http://www.imgt.org/3Dstructure-DB/IMGT-FILE/IMGT-3FOM.pdb.gz
Opening 3FOM
aID: A
pID: P
Fetching  http://www.imgt.org/3Dstructure-DB/IMGT-FILE/IMGT-3BP7.pdb.gz
Opening 3BP7
aID: A
pID: C
Fetching  http://www.imgt.org/3Dstructure-DB/IMGT-FILE/IMGT-1A1O.pdb.gz
Opening 1A1O
aID: A
pID: C
Fetching  http://www.imgt.org/3Dstructure-DB/IMGT-FILE/IMGT-1RJY.pdb.gz
Opening 1RJY
aID: A
pID: P
Fetching  http://www.imgt.org/3Dstructure-DB/IMGT-FILE/IMGT-4ZUU.pdb.gz
Opening 4ZUU
aID: A
pID: C
Fetching  http://www.imgt.org/3Dstructure-DB/IMGT-FILE/IMGT-5V5M.pdb.gz
Opening 5V5M
aID: A
pID: E
Fetching  http://www.imgt.org/3Dstructure-DB/IMGT-FILE/IMGT-4WDI.pdb.gz
Opening 4WDI
aID: A
pID: C
Fetching  http://www.imgt.org/3Dstructure-DB/IMGT-FILE/IMGT-3X11.pdb.gz
Opening 3X11
aID: A
pID: C
Fetching  http://www.imgt.org/3Dstructure-DB/IMGT-FILE/IMGT-5MER.pdb.gz
Opening 5MER
aID: A
pID: C
Fetching  http://www.imgt.org/3Dstructure-DB/IMGT-FILE/IMGT-2VLL.pdb.gz
Opening 2VLL
aID: A
pID: C
Fetching  http://www.imgt.org/3Dstructure-DB/IMGT-FILE/IMGT-4D0B.pdb.gz
Opening 4D0B
aID: A
pID: C
Fetching  http://www.imgt.org/3Dstructure-DB/IMGT-FILE/IMGT-3FQW.pdb.gz
Opening 3FQW
aID: A
pID: C
Fetching  http://www.imgt.org/3Dstructure-DB/IMGT-FILE/IMGT-3FFC.pdb.gz
Opening 3FFC
aID: A
pID: C
Fetching  http://www.imgt.org/3Dstructure-DB/IMGT-FILE/IMGT-1P7Q.pdb.gz
Opening 1P7Q
aID: A
pID: C
Fetching  http://www.imgt.org/3Dstructure-DB/IMGT-FILE/IMGT-4QRU.pdb.gz
Opening 4QRU
aID: A
pID: C
Fetching  http://www.imgt.org/3Dstructure-DB/IMGT-FILE/IMGT-3KWW.pdb.gz
Opening 3KWW
aID: A
pID: C
Fetching  http://www.imgt.org/3Dstructure-DB/IMGT-FILE/IMGT-4JFO.pdb.gz
Opening 4JFO
aID: A
pID: C
Fetching  http://www.imgt.org/3Dstructure-DB/IMGT-FILE/IMGT-1OSZ.pdb.gz
Opening 1OSZ
aID: A
pID: C
Fetching  http://www.imgt.org/3Dstructure-DB/IMGT-FILE/IMGT-3QFJ.pdb.gz
Opening 3QFJ
aID: A
pID: C
Fetching  http://www.imgt.org/3Dstructure-DB/IMGT-FILE/IMGT-5C08.pdb.gz
Opening 5C08
aID: A
pID: C
Fetching  http://www.imgt.org/3Dstructure-DB/IMGT-FILE/IMGT-1HSB.pdb.gz
Opening 1HSB
aID: A
pID: C
Fetching  http://www.imgt.org/3Dstructure-DB/IMGT-FILE/IMGT-4O2C.pdb.gz
Opening 4O2C
aID: A
pID: C
Fetching  http://www.imgt.org/3Dstructure-DB/IMGT-FILE/IMGT-3L3J.pdb.gz
Opening 3L3J
aID: A
pID: C
Fetching  http://www.imgt.org/3Dstructure-DB/IMGT-FILE/IMGT-5WEU.pdb.gz
Opening 5WEU
aID: A
pID: P
Fetching  http://www.imgt.org/3Dstructure-DB/IMGT-FILE/IMGT-1CE6.pdb.gz
Opening 1CE6
aID: A
pID: C
Fetching  http://www.imgt.org/3Dstructure-DB/IMGT-FILE/IMGT-1G6R.pdb.gz
Opening 1G6R
aID: A
pID: P
Fetching  http://www.imgt.org/3Dstructure-DB/IMGT-FILE/IMGT-5C0J.pdb.gz
Opening 5C0J
aID: A
pID: C
Fetching  http://www.imgt.org/3Dstructure-DB/IMGT-FILE/IMGT-5HHN.pdb.gz
Opening 5HHN
aID: A
pID: C
Fetching  http://www.imgt.org/3Dstructure-DB/IMGT-FILE/IMGT-1ZHK.pdb.gz
Opening 1ZHK
aID: A
pID: C
Fetching  http://www.imgt.org/3Dstructure-DB/IMGT-FILE/IMGT-4F7M.pdb.gz
Opening 4F7M
aID: A
pID: C
Fetching  http://www.imgt.org/3Dstructure-DB/IMGT-FILE/IMGT-3VRI.pdb.gz
Opening 3VRI
aID: A
pID: C
Fetching  http://www.imgt.org/3Dstructure-DB/IMGT-FILE/IMGT-2CLZ.pdb.gz
Opening 2CLZ
aID: H
pID: C
Fetching  http://www.imgt.org/3Dstructure-DB/IMGT-FILE/IMGT-4F7P.pdb.gz
Opening 4F7P
aID: A
pID: C
Fetching  http://www.imgt.org/3Dstructure-DB/IMGT-FILE/IMGT-4QRS.pdb.gz
Opening 4QRS
aID: A
pID: C
Fetching  http://www.imgt.org/3Dstructure-DB/IMGT-FILE/IMGT-4D0D.pdb.gz
Opening 4D0D
aID: A
pID: C
Fetching  http://www.imgt.org/3Dstructure-DB/IMGT-FILE/IMGT-1A9B.pdb.gz
Opening 1A9B
aID: A
pID: C
Fetching  http://www.imgt.org/3Dstructure-DB/IMGT-FILE/IMGT-4JFP.pdb.gz
Opening 4JFP
aID: A
pID: C
Fetching  http://www.imgt.org/3Dstructure-DB/IMGT-FILE/IMGT-2CLR.pdb.gz
Opening 2CLR
aID: A
pID: C
Fetching  http://www.imgt.org/3Dstructure-DB/IMGT-FILE/IMGT-2ZSV.pdb.gz
Opening 2ZSV
aID: A
pID: E
Fetching  http://www.imgt.org/3Dstructure-DB/IMGT-FILE/IMGT-3MRE.pdb.gz
Opening 3MRE
aID: A
pID: P
Fetching  http://www.imgt.org/3Dstructure-DB/IMGT-FILE/IMGT-5WES.pdb.gz
Opening 5WES
aID: A
pID: P
Fetching  http://www.imgt.org/3Dstructure-DB/IMGT-FILE/IMGT-4N8V.pdb.gz
Opening 4N8V
aID: G
pID: C
Fetching  http://www.imgt.org/3Dstructure-DB/IMGT-FILE/IMGT-1HOC.pdb.gz
Opening 1HOC
aID: A
pID: C
Fetching  http://www.imgt.org/3Dstructure-DB/IMGT-FILE/IMGT-5EOT.pdb.gz
Opening 5EOT
aID: A
pID: C
Fetching  http://www.imgt.org/3Dstructure-DB/IMGT-FILE/IMGT-2X4S.pdb.gz
Opening 2X4S
aID: A
pID: C
Fetching  http://www.imgt.org/3Dstructure-DB/IMGT-FILE/IMGT-1OF2.pdb.gz
Opening 1OF2
aID: A
pID: C
Fetching  http://www.imgt.org/3Dstructure-DB/IMGT-FILE/IMGT-1ED3.pdb.gz
Opening 1ED3
aID: A
pID: C
Fetching  http://www.imgt.org/3Dstructure-DB/IMGT-FILE/IMGT-3LKQ.pdb.gz
Opening 3LKQ
aID: A
pID: C
Fetching  http://www.imgt.org/3Dstructure-DB/IMGT-FILE/IMGT-3GSU.pdb.gz
Opening 3GSU
aID: A
pID: P
Fetching  http://www.imgt.org/3Dstructure-DB/IMGT-FILE/IMGT-2X4P.pdb.gz
Opening 2X4P
aID: A
pID: C
Fetching  http://www.imgt.org/3Dstructure-DB/IMGT-FILE/IMGT-4QRP.pdb.gz
Opening 4QRP
aID: A
pID: C
Fetching  http://www.imgt.org/3Dstructure-DB/IMGT-FILE/IMGT-4UQ2.pdb.gz
Opening 4UQ2
aID: A
pID: E
Fetching  http://www.imgt.org/3Dstructure-DB/IMGT-FILE/IMGT-4ZUV.pdb.gz
Opening 4ZUV
aID: A
pID: C
Fetching  http://www.imgt.org/3Dstructure-DB/IMGT-FILE/IMGT-3GSQ.pdb.gz
Opening 3GSQ
aID: A
pID: P
Fetching  http://www.imgt.org/3Dstructure-DB/IMGT-FILE/IMGT-5JWE.pdb.gz
Opening 5JWE
aID: A
pID: P
Fetching  http://www.imgt.org/3Dstructure-DB/IMGT-FILE/IMGT-2BST.pdb.gz
Opening 2BST
aID: A
pID: C
Fetching  http://www.imgt.org/3Dstructure-DB/IMGT-FILE/IMGT-3QUK.pdb.gz
Opening 3QUK
aID: A
pID: C
Fetching  http://www.imgt.org/3Dstructure-DB/IMGT-FILE/IMGT-4QRT.pdb.gz
Opening 4QRT
aID: A
pID: C
Fetching  http://www.imgt.org/3Dstructure-DB/IMGT-FILE/IMGT-1JPF.pdb.gz
Opening 1JPF
aID: A
pID: C
Fetching  http://www.imgt.org/3Dstructure-DB/IMGT-FILE/IMGT-3DX7.pdb.gz
Opening 3DX7
aID: A
pID: C
Fetching  http://www.imgt.org/3Dstructure-DB/IMGT-FILE/IMGT-2FO4.pdb.gz
Opening 2FO4
aID: A
pID: P
Fetching  http://www.imgt.org/3Dstructure-DB/IMGT-FILE/IMGT-4F7T.pdb.gz
Opening 4F7T
aID: A
pID: C
Fetching  http://www.imgt.org/3Dstructure-DB/IMGT-FILE/IMGT-4PGB.pdb.gz
Opening 4PGB
aID: A
pID: C
Fetching  http://www.imgt.org/3Dstructure-DB/IMGT-FILE/IMGT-4L8B.pdb.gz
Opening 4L8B
aID: A
pID: C
Fetching  http://www.imgt.org/3Dstructure-DB/IMGT-FILE/IMGT-1HHI.pdb.gz
Opening 1HHI
aID: A
pID: C
Fetching  http://www.imgt.org/3Dstructure-DB/IMGT-FILE/IMGT-3DMM.pdb.gz
Opening 3DMM
aID: A
pID: P
Fetching  http://www.imgt.org/3Dstructure-DB/IMGT-FILE/IMGT-5SWQ.pdb.gz
Opening 5SWQ
aID: A
pID: C
Fetching  http://www.imgt.org/3Dstructure-DB/IMGT-FILE/IMGT-2BCK.pdb.gz
Opening 2BCK
aID: A
pID: C
Fetching  http://www.imgt.org/3Dstructure-DB/IMGT-FILE/IMGT-2MHA.pdb.gz
Opening 2MHA
aID: A
pID: E
Fetching  http://www.imgt.org/3Dstructure-DB/IMGT-FILE/IMGT-5WKH.pdb.gz
Opening 5WKH
aID: A
pID: C
Fetching  http://www.imgt.org/3Dstructure-DB/IMGT-FILE/IMGT-3VCL.pdb.gz
Opening 3VCL
aID: A
pID: C
Fetching  http://www.imgt.org/3Dstructure-DB/IMGT-FILE/IMGT-3ECB.pdb.gz
Opening 3ECB
aID: A
pID: P
Fetching  http://www.imgt.org/3Dstructure-DB/IMGT-FILE/IMGT-5MEP.pdb.gz
Opening 5MEP
aID: A
pID: C
Fetching  http://www.imgt.org/3Dstructure-DB/IMGT-FILE/IMGT-4NNY.pdb.gz
Opening 4NNY
aID: A
pID: C
Fetching  http://www.imgt.org/3Dstructure-DB/IMGT-FILE/IMGT-4HUV.pdb.gz
Opening 4HUV
aID: A
pID: C
Fetching  http://www.imgt.org/3Dstructure-DB/IMGT-FILE/IMGT-4HUX.pdb.gz
Opening 4HUX
aID: A
pID: C
Fetching  http://www.imgt.org/3Dstructure-DB/IMGT-FILE/IMGT-4HX1.pdb.gz
Opening 4HX1
aID: A
pID: C
Fetching  http://www.imgt.org/3Dstructure-DB/IMGT-FILE/IMGT-2X70.pdb.gz
Opening 2X70
aID: A
pID: C
Fetching  http://www.imgt.org/3Dstructure-DB/IMGT-FILE/IMGT-3P9L.pdb.gz
Opening 3P9L
aID: A
pID: C
Fetching  http://www.imgt.org/3Dstructure-DB/IMGT-FILE/IMGT-4PRH.pdb.gz
Opening 4PRH
aID: A
pID: C
Fetching  http://www.imgt.org/3Dstructure-DB/IMGT-FILE/IMGT-2ZSW.pdb.gz
Opening 2ZSW
aID: A
pID: M
Fetching  http://www.imgt.org/3Dstructure-DB/IMGT-FILE/IMGT-3VFV.pdb.gz
Opening 3VFV
aID: A
pID: C
Fetching  http://www.imgt.org/3Dstructure-DB/IMGT-FILE/IMGT-1KJM.pdb.gz
Opening 1KJM
aID: A
pID: P
Fetching  http://www.imgt.org/3Dstructure-DB/IMGT-FILE/IMGT-5HYJ.pdb.gz
Opening 5HYJ
aID: A
pID: C
Fetching  http://www.imgt.org/3Dstructure-DB/IMGT-FILE/IMGT-5EO0.pdb.gz
Opening 5EO0
aID: A
pID: C
Fetching  http://www.imgt.org/3Dstructure-DB/IMGT-FILE/IMGT-5IEK.pdb.gz
Opening 5IEK
aID: A
pID: C
Fetching  http://www.imgt.org/3Dstructure-DB/IMGT-FILE/IMGT-3LKP.pdb.gz
Opening 3LKP
aID: A
pID: C
Fetching  http://www.imgt.org/3Dstructure-DB/IMGT-FILE/IMGT-5T6X.pdb.gz
Opening 5T6X
aID: A
pID: C
Fetching  http://www.imgt.org/3Dstructure-DB/IMGT-FILE/IMGT-5N1Y.pdb.gz
Opening 5N1Y
aID: A
pID: C
Fetching  http://www.imgt.org/3Dstructure-DB/IMGT-FILE/IMGT-3VRJ.pdb.gz
Opening 3VRJ
aID: A
pID: C
Fetching  http://www.imgt.org/3Dstructure-DB/IMGT-FILE/IMGT-3PWL.pdb.gz
Opening 3PWL
aID: A
pID: C
Fetching  http://www.imgt.org/3Dstructure-DB/IMGT-FILE/IMGT-3VFO.pdb.gz
Opening 3VFO
aID: A
pID: C
Fetching  http://www.imgt.org/3Dstructure-DB/IMGT-FILE/IMGT-3SKM.pdb.gz
Opening 3SKM
aID: A
pID: C
Fetching  http://www.imgt.org/3Dstructure-DB/IMGT-FILE/IMGT-4JFE.pdb.gz
Opening 4JFE
aID: A
pID: C
Fetching  http://www.imgt.org/3Dstructure-DB/IMGT-FILE/IMGT-5IVX.pdb.gz
Opening 5IVX
aID: A
pID: P
Fetching  http://www.imgt.org/3Dstructure-DB/IMGT-FILE/IMGT-5IM7.pdb.gz
Opening 5IM7
aID: A
pID: E
Fetching  http://www.imgt.org/3Dstructure-DB/IMGT-FILE/IMGT-3FT2.pdb.gz
Opening 3FT2
aID: A
pID: P
Fetching  http://www.imgt.org/3Dstructure-DB/IMGT-FILE/IMGT-2BNR.pdb.gz
Opening 2BNR
aID: A
pID: C
Fetching  http://www.imgt.org/3Dstructure-DB/IMGT-FILE/IMGT-3WS6.pdb.gz
Opening 3WS6
aID: A
pID: E
Fetching  http://www.imgt.org/3Dstructure-DB/IMGT-FILE/IMGT-5E8N.pdb.gz
Opening 5E8N
aID: A
pID: C
Fetching  http://www.imgt.org/3Dstructure-DB/IMGT-FILE/IMGT-1WBX.pdb.gz
Opening 1WBX
aID: A
pID: C
Fetching  http://www.imgt.org/3Dstructure-DB/IMGT-FILE/IMGT-3C9N.pdb.gz
Opening 3C9N
aID: A
pID: C
Fetching  http://www.imgt.org/3Dstructure-DB/IMGT-FILE/IMGT-3BHB.pdb.gz
Opening 3BHB
aID: A
pID: C
Fetching  http://www.imgt.org/3Dstructure-DB/IMGT-FILE/IMGT-5EU6.pdb.gz
Opening 5EU6
aID: A
pID: C
Fetching  http://www.imgt.org/3Dstructure-DB/IMGT-FILE/IMGT-3OXR.pdb.gz
Opening 3OXR
aID: A
pID: C
Fetching  http://www.imgt.org/3Dstructure-DB/IMGT-FILE/IMGT-4U1H.pdb.gz
Opening 4U1H
aID: A
pID: C
Fetching  http://www.imgt.org/3Dstructure-DB/IMGT-FILE/IMGT-1M6O.pdb.gz
Opening 1M6O
aID: A
pID: C
Fetching  http://www.imgt.org/3Dstructure-DB/IMGT-FILE/IMGT-3MRC.pdb.gz
Opening 3MRC
aID: A
pID: P
Fetching  http://www.imgt.org/3Dstructure-DB/IMGT-FILE/IMGT-1AO7.pdb.gz
Opening 1AO7
aID: A
pID: C
Fetching  http://www.imgt.org/3Dstructure-DB/IMGT-FILE/IMGT-4QRQ.pdb.gz
Opening 4QRQ
aID: A
pID: C
Fetching  http://www.imgt.org/3Dstructure-DB/IMGT-FILE/IMGT-1W0W.pdb.gz
Opening 1W0W
aID: A
pID: C
Fetching  http://www.imgt.org/3Dstructure-DB/IMGT-FILE/IMGT-3W39.pdb.gz
Opening 3W39
aID: A
pID: C
Fetching  http://www.imgt.org/3Dstructure-DB/IMGT-FILE/IMGT-3TFK.pdb.gz
Opening 3TFK
aID: A
pID: B
Fetching  http://www.imgt.org/3Dstructure-DB/IMGT-FILE/IMGT-2BSS.pdb.gz
Opening 2BSS
aID: A
pID: C
Fetching  http://www.imgt.org/3Dstructure-DB/IMGT-FILE/IMGT-3KPL.pdb.gz
Opening 3KPL
aID: A
pID: C
Fetching  http://www.imgt.org/3Dstructure-DB/IMGT-FILE/IMGT-4HKJ.pdb.gz
Opening 4HKJ
aID: A
pID: C
Fetching  http://www.imgt.org/3Dstructure-DB/IMGT-FILE/IMGT-3O4L.pdb.gz
Opening 3O4L
aID: A
pID: C
Fetching  http://www.imgt.org/3Dstructure-DB/IMGT-FILE/IMGT-3O3E.pdb.gz
Opening 3O3E
aID: A
pID: C
Fetching  http://www.imgt.org/3Dstructure-DB/IMGT-FILE/IMGT-3VXN.pdb.gz
Opening 3VXN
aID: A
pID: C
Fetching  http://www.imgt.org/3Dstructure-DB/IMGT-FILE/IMGT-4WUU.pdb.gz
Opening 4WUU
aID: A
pID: C
Fetching  http://www.imgt.org/3Dstructure-DB/IMGT-FILE/IMGT-5GSX.pdb.gz
Opening 5GSX
aID: A
pID: C
Fetching  http://www.imgt.org/3Dstructure-DB/IMGT-FILE/IMGT-5JZI.pdb.gz
Opening 5JZI
aID: A
pID: C
Fetching  http://www.imgt.org/3Dstructure-DB/IMGT-FILE/IMGT-5NME.pdb.gz
Opening 5NME
aID: A
pID: C
Fetching  http://www.imgt.org/3Dstructure-DB/IMGT-FILE/IMGT-3ROO.pdb.gz
Opening 3ROO
aID: A
pID: E
Fetching  http://www.imgt.org/3Dstructure-DB/IMGT-FILE/IMGT-1N59.pdb.gz
Opening 1N59
aID: A
pID: P
Fetching  http://www.imgt.org/3Dstructure-DB/IMGT-FILE/IMGT-1FFN.pdb.gz
Opening 1FFN
aID: A
pID: C
Fetching  http://www.imgt.org/3Dstructure-DB/IMGT-FILE/IMGT-4NO2.pdb.gz
Opening 4NO2
aID: A
pID: C
Fetching  http://www.imgt.org/3Dstructure-DB/IMGT-FILE/IMGT-6BXP.pdb.gz
Opening 6BXP
aID: A
pID: C
Fetching  http://www.imgt.org/3Dstructure-DB/IMGT-FILE/IMGT-2VLJ.pdb.gz
Opening 2VLJ
aID: A
pID: C
Fetching  http://www.imgt.org/3Dstructure-DB/IMGT-FILE/IMGT-2HJK.pdb.gz
Opening 2HJK
aID: A
pID: C
Fetching  http://www.imgt.org/3Dstructure-DB/IMGT-FILE/IMGT-1DUZ.pdb.gz
Opening 1DUZ
aID: A
pID: C
Fetching  http://www.imgt.org/3Dstructure-DB/IMGT-FILE/IMGT-4U6Y.pdb.gz
Opening 4U6Y
aID: A
pID: P
Fetching  http://www.imgt.org/3Dstructure-DB/IMGT-FILE/IMGT-3BH8.pdb.gz
Opening 3BH8
aID: A
pID: C
Fetching  http://www.imgt.org/3Dstructure-DB/IMGT-FILE/IMGT-1KJ2.pdb.gz
Opening 1KJ2
aID: H
pID: P
Fetching  http://www.imgt.org/3Dstructure-DB/IMGT-FILE/IMGT-5DDH.pdb.gz
Opening 5DDH
aID: A
pID: C
Fetching  http://www.imgt.org/3Dstructure-DB/IMGT-FILE/IMGT-1AGC.pdb.gz
Opening 1AGC
aID: A
pID: C
Fetching  http://www.imgt.org/3Dstructure-DB/IMGT-FILE/IMGT-5C0I.pdb.gz
Opening 5C0I
aID: A
pID: C
Fetching  http://www.imgt.org/3Dstructure-DB/IMGT-FILE/IMGT-3GIV.pdb.gz
Opening 3GIV
aID: A
pID: C
Fetching  http://www.imgt.org/3Dstructure-DB/IMGT-FILE/IMGT-3NWM.pdb.gz
Opening 3NWM
aID: A
pID: A
Fetching  http://www.imgt.org/3Dstructure-DB/IMGT-FILE/IMGT-5XOV.pdb.gz
Opening 5XOV
aID: A
pID: C
Fetching  http://www.imgt.org/3Dstructure-DB/IMGT-FILE/IMGT-1N2R.pdb.gz
Opening 1N2R
aID: A
pID: C
Fetching  http://www.imgt.org/3Dstructure-DB/IMGT-FILE/IMGT-1SYV.pdb.gz
Opening 1SYV
aID: A
pID: C
Fetching  http://www.imgt.org/3Dstructure-DB/IMGT-FILE/IMGT-5VZ5.pdb.gz
Opening 5VZ5
aID: A
pID: C
Fetching  http://www.imgt.org/3Dstructure-DB/IMGT-FILE/IMGT-1JPG.pdb.gz
Opening 1JPG
aID: A
pID: C
Fetching  http://www.imgt.org/3Dstructure-DB/IMGT-FILE/IMGT-2GUO.pdb.gz
Opening 2GUO
aID: A
pID: C
Fetching  http://www.imgt.org/3Dstructure-DB/IMGT-FILE/IMGT-3LV3.pdb.gz
Opening 3LV3
aID: A
pID: C
Fetching  http://www.imgt.org/3Dstructure-DB/IMGT-FILE/IMGT-2AXG.pdb.gz
Opening 2AXG
aID: A
pID: C
Fetching  http://www.imgt.org/3Dstructure-DB/IMGT-FILE/IMGT-3HG1.pdb.gz
Opening 3HG1
aID: A
pID: C
Fetching  http://www.imgt.org/3Dstructure-DB/IMGT-FILE/IMGT-4PG2.pdb.gz
Opening 4PG2
aID: A
pID: D
Fetching  http://www.imgt.org/3Dstructure-DB/IMGT-FILE/IMGT-2NW3.pdb.gz
Opening 2NW3
aID: A
pID: C
Fetching  http://www.imgt.org/3Dstructure-DB/IMGT-FILE/IMGT-5E8O.pdb.gz
Opening 5E8O
aID: A
pID: C
Fetching  http://www.imgt.org/3Dstructure-DB/IMGT-FILE/IMGT-1VAC.pdb.gz
Opening 1VAC
aID: A
pID: P
Fetching  http://www.imgt.org/3Dstructure-DB/IMGT-FILE/IMGT-4I48.pdb.gz
Opening 4I48
aID: A
pID: C
Fetching  http://www.imgt.org/3Dstructure-DB/IMGT-FILE/IMGT-3D25.pdb.gz
Opening 3D25
aID: A
pID: C
Fetching  http://www.imgt.org/3Dstructure-DB/IMGT-FILE/IMGT-3REW.pdb.gz
Opening 3REW
aID: A
pID: C
Fetching  http://www.imgt.org/3Dstructure-DB/IMGT-FILE/IMGT-2C7U.pdb.gz
Opening 2C7U
aID: A
pID: C
Fetching  http://www.imgt.org/3Dstructure-DB/IMGT-FILE/IMGT-4CW1.pdb.gz
Opening 4CW1
aID: A
pID: C
Fetching  http://www.imgt.org/3Dstructure-DB/IMGT-FILE/IMGT-3VFS.pdb.gz
Opening 3VFS
aID: A
pID: C
Fetching  http://www.imgt.org/3Dstructure-DB/IMGT-FILE/IMGT-1S7W.pdb.gz
Opening 1S7W
aID: A
pID: C
Fetching  http://www.imgt.org/3Dstructure-DB/IMGT-FILE/IMGT-2V2X.pdb.gz
Opening 2V2X
aID: A
pID: C
Fetching  http://www.imgt.org/3Dstructure-DB/IMGT-FILE/IMGT-1S7V.pdb.gz
Opening 1S7V
aID: A
pID: C
Fetching  http://www.imgt.org/3Dstructure-DB/IMGT-FILE/IMGT-2H6P.pdb.gz
Opening 2H6P
aID: A
pID: C
Fetching  http://www.imgt.org/3Dstructure-DB/IMGT-FILE/IMGT-5WJN.pdb.gz
Opening 5WJN
aID: A
pID: C
Fetching  http://www.imgt.org/3Dstructure-DB/IMGT-FILE/IMGT-3MV7.pdb.gz
Opening 3MV7
aID: A
pID: C
Fetching  http://www.imgt.org/3Dstructure-DB/IMGT-FILE/IMGT-2YEZ.pdb.gz
Opening 2YEZ
aID: A
pID: C
Fetching  http://www.imgt.org/3Dstructure-DB/IMGT-FILE/IMGT-5F1N.pdb.gz
Fetching  http://www.imgt.org/3Dstructure-DB/IMGT-FILE/IMGT-3WL9.pdb.gz
Opening 3WL9
aID: A
pID: C
Fetching  http://www.imgt.org/3Dstructure-DB/IMGT-FILE/IMGT-1N3N.pdb.gz
Opening 1N3N
aID: A
pID: I
Fetching  http://www.imgt.org/3Dstructure-DB/IMGT-FILE/IMGT-1QRN.pdb.gz
Opening 1QRN
aID: A
pID: C
Fetching  http://www.imgt.org/3Dstructure-DB/IMGT-FILE/IMGT-1AGD.pdb.gz
Opening 1AGD
aID: A
pID: C
Fetching  http://www.imgt.org/3Dstructure-DB/IMGT-FILE/IMGT-3MV8.pdb.gz
Opening 3MV8
aID: A
pID: C
Fetching  http://www.imgt.org/3Dstructure-DB/IMGT-FILE/IMGT-5GSD.pdb.gz
Opening 5GSD
aID: A
pID: C
Fetching  http://www.imgt.org/3Dstructure-DB/IMGT-FILE/IMGT-5HHQ.pdb.gz
Opening 5HHQ
aID: A
pID: C
Fetching  http://www.imgt.org/3Dstructure-DB/IMGT-FILE/IMGT-4PRI.pdb.gz
Opening 4PRI
aID: A
pID: C
Fetching  http://www.imgt.org/3Dstructure-DB/IMGT-FILE/IMGT-3BW9.pdb.gz
Opening 3BW9
aID: A
pID: C
Fetching  http://www.imgt.org/3Dstructure-DB/IMGT-FILE/IMGT-1NAM.pdb.gz
Opening 1NAM
aID: A
pID: P
Fetching  http://www.imgt.org/3Dstructure-DB/IMGT-FILE/IMGT-1DUY.pdb.gz
Opening 1DUY
aID: A
pID: C
Fetching  http://www.imgt.org/3Dstructure-DB/IMGT-FILE/IMGT-3BXN.pdb.gz
Opening 3BXN
aID: A
pID: C
Fetching  http://www.imgt.org/3Dstructure-DB/IMGT-FILE/IMGT-3PWV.pdb.gz
Opening 3PWV
aID: A
pID: C
Fetching  http://www.imgt.org/3Dstructure-DB/IMGT-FILE/IMGT-2X4N.pdb.gz
Opening 2X4N
aID: A
pID: C
Fetching  http://www.imgt.org/3Dstructure-DB/IMGT-FILE/IMGT-3GSO.pdb.gz
Opening 3GSO
aID: A
pID: P
Fetching  http://www.imgt.org/3Dstructure-DB/IMGT-FILE/IMGT-5TXS.pdb.gz
Opening 5TXS
aID: A
pID: C
Fetching  http://www.imgt.org/3Dstructure-DB/IMGT-FILE/IMGT-1XR8.pdb.gz
Opening 1XR8
aID: A
pID: C
Fetching  http://www.imgt.org/3Dstructure-DB/IMGT-FILE/IMGT-4U1J.pdb.gz
Opening 4U1J
aID: A
pID: C
Fetching  http://www.imgt.org/3Dstructure-DB/IMGT-FILE/IMGT-2AV1.pdb.gz
Opening 2AV1
aID: A
pID: C
Fetching  http://www.imgt.org/3Dstructure-DB/IMGT-FILE/IMGT-3I6G.pdb.gz
Opening 3I6G
aID: A
pID: C
Fetching  http://www.imgt.org/3Dstructure-DB/IMGT-FILE/IMGT-3DXA.pdb.gz
Opening 3DXA
aID: A
pID: C
Fetching  http://www.imgt.org/3Dstructure-DB/IMGT-FILE/IMGT-5N6B.pdb.gz
Opening 5N6B
aID: A
pID: C
Fetching  http://www.imgt.org/3Dstructure-DB/IMGT-FILE/IMGT-4G42.pdb.gz
Opening 4G42
aID: A
pID: C
Fetching  http://www.imgt.org/3Dstructure-DB/IMGT-FILE/IMGT-3TIE.pdb.gz
Opening 3TIE
aID: A
pID: C
Fetching  http://www.imgt.org/3Dstructure-DB/IMGT-FILE/IMGT-6AVF.pdb.gz
Opening 6AVF
aID: M
pID: P
Fetching  http://www.imgt.org/3Dstructure-DB/IMGT-FILE/IMGT-1FO0.pdb.gz
Opening 1FO0
aID: H
pID: P
Fetching  http://www.imgt.org/3Dstructure-DB/IMGT-FILE/IMGT-4CVZ.pdb.gz
Opening 4CVZ
aID: A
pID: C
Fetching  http://www.imgt.org/3Dstructure-DB/IMGT-FILE/IMGT-4ZUT.pdb.gz
Opening 4ZUT
aID: A
pID: C
Fetching  http://www.imgt.org/3Dstructure-DB/IMGT-FILE/IMGT-4L8D.pdb.gz
Opening 4L8D
aID: A
pID: F
Fetching  http://www.imgt.org/3Dstructure-DB/IMGT-FILE/IMGT-4NO3.pdb.gz
Opening 4NO3
aID: A
pID: C
Fetching  http://www.imgt.org/3Dstructure-DB/IMGT-FILE/IMGT-2ZOL.pdb.gz
Opening 2ZOL
aID: A
pID: F
Fetching  http://www.imgt.org/3Dstructure-DB/IMGT-FILE/IMGT-1S9X.pdb.gz
Opening 1S9X
aID: A
pID: C
Fetching  http://www.imgt.org/3Dstructure-DB/IMGT-FILE/IMGT-5C0D.pdb.gz
Opening 5C0D
aID: A
pID: C
Fetching  http://www.imgt.org/3Dstructure-DB/IMGT-FILE/IMGT-3TPU.pdb.gz
Opening 3TPU
aID: A
pID: J
Fetching  http://www.imgt.org/3Dstructure-DB/IMGT-FILE/IMGT-5D2N.pdb.gz
Opening 5D2N
aID: C
pID: G
Fetching  http://www.imgt.org/3Dstructure-DB/IMGT-FILE/IMGT-1KJ3.pdb.gz
Opening 1KJ3
aID: H
pID: P
Fetching  http://www.imgt.org/3Dstructure-DB/IMGT-FILE/IMGT-2F54.pdb.gz
Opening 2F54
aID: A
pID: C
Fetching  http://www.imgt.org/3Dstructure-DB/IMGT-FILE/IMGT-4ZUS.pdb.gz
Opening 4ZUS
aID: A
pID: C
Fetching  http://www.imgt.org/3Dstructure-DB/IMGT-FILE/IMGT-3P4O.pdb.gz
Opening 3P4O
aID: A
pID: C
Fetching  http://www.imgt.org/3Dstructure-DB/IMGT-FILE/IMGT-3BP4.pdb.gz
Opening 3BP4
aID: A
pID: C
Fetching  http://www.imgt.org/3Dstructure-DB/IMGT-FILE/IMGT-4JQX.pdb.gz
Opening 4JQX
aID: A
pID: B
Fetching  http://www.imgt.org/3Dstructure-DB/IMGT-FILE/IMGT-5INC.pdb.gz
Opening 5INC
aID: A
pID: E
Fetching  http://www.imgt.org/3Dstructure-DB/IMGT-FILE/IMGT-3CC5.pdb.gz
Opening 3CC5
aID: A
pID: C
Fetching  http://www.imgt.org/3Dstructure-DB/IMGT-FILE/IMGT-3D39.pdb.gz
Opening 3D39
aID: A
pID: C
Fetching  http://www.imgt.org/3Dstructure-DB/IMGT-FILE/IMGT-2JCC.pdb.gz
Opening 2JCC
aID: A
pID: C
Fetching  http://www.imgt.org/3Dstructure-DB/IMGT-FILE/IMGT-3QEQ.pdb.gz
Opening 3QEQ
aID: A
pID: C
Fetching  http://www.imgt.org/3Dstructure-DB/IMGT-FILE/IMGT-3PWN.pdb.gz
Opening 3PWN
aID: A
pID: C
Fetching  http://www.imgt.org/3Dstructure-DB/IMGT-FILE/IMGT-1DDH.pdb.gz
Opening 1DDH
aID: A
pID: P
Fetching  http://www.imgt.org/3Dstructure-DB/IMGT-FILE/IMGT-3L3K.pdb.gz
Opening 3L3K
aID: A
pID: C
Fetching  http://www.imgt.org/3Dstructure-DB/IMGT-FILE/IMGT-3L3D.pdb.gz
Opening 3L3D
aID: A
pID: C
Fetching  http://www.imgt.org/3Dstructure-DB/IMGT-FILE/IMGT-3GSX.pdb.gz
Opening 3GSX
aID: A
pID: P
Fetching  http://www.imgt.org/3Dstructure-DB/IMGT-FILE/IMGT-4PV9.pdb.gz
Opening 4PV9
aID: A
pID: F
Fetching  http://www.imgt.org/3Dstructure-DB/IMGT-FILE/IMGT-3E6H.pdb.gz
Opening 3E6H
aID: A
pID: P
Fetching  http://www.imgt.org/3Dstructure-DB/IMGT-FILE/IMGT-5F1I.pdb.gz
Opening 5F1I
aID: A
pID: C
Fetching  http://www.imgt.org/3Dstructure-DB/IMGT-FILE/IMGT-2BVQ.pdb.gz
Opening 2BVQ
aID: A
pID: C
Fetching  http://www.imgt.org/3Dstructure-DB/IMGT-FILE/IMGT-1S9Y.pdb.gz
Opening 1S9Y
aID: A
pID: C
Fetching  http://www.imgt.org/3Dstructure-DB/IMGT-FILE/IMGT-3FQX.pdb.gz
Opening 3FQX
aID: A
pID: C
Fetching  http://www.imgt.org/3Dstructure-DB/IMGT-FILE/IMGT-1LD9.pdb.gz
Opening 1LD9
aID: A
pID: C
Fetching  http://www.imgt.org/3Dstructure-DB/IMGT-FILE/IMGT-3BUY.pdb.gz
Opening 3BUY
aID: A
pID: C
Fetching  http://www.imgt.org/3Dstructure-DB/IMGT-FILE/IMGT-1M05.pdb.gz
Opening 1M05
aID: A
pID: E
Fetching  http://www.imgt.org/3Dstructure-DB/IMGT-FILE/IMGT-3H9H.pdb.gz
Opening 3H9H
aID: A
pID: C
Fetching  http://www.imgt.org/3Dstructure-DB/IMGT-FILE/IMGT-4JFF.pdb.gz
Opening 4JFF
aID: A
pID: C
Fetching  http://www.imgt.org/3Dstructure-DB/IMGT-FILE/IMGT-3FT3.pdb.gz
Opening 3FT3
aID: A
pID: P
Fetching  http://www.imgt.org/3Dstructure-DB/IMGT-FILE/IMGT-3BEV.pdb.gz
Opening 3BEV
aID: A
pID: C
Fetching  http://www.imgt.org/3Dstructure-DB/IMGT-FILE/IMGT-3MV9.pdb.gz
Opening 3MV9
aID: A
pID: C
Fetching  http://www.imgt.org/3Dstructure-DB/IMGT-FILE/IMGT-3PAB.pdb.gz
Opening 3PAB
aID: A
pID: C
Fetching  http://www.imgt.org/3Dstructure-DB/IMGT-FILE/IMGT-4JRX.pdb.gz
Opening 4JRX
aID: A
pID: C
Fetching  http://www.imgt.org/3Dstructure-DB/IMGT-FILE/IMGT-3O3A.pdb.gz
Opening 3O3A
aID: A
pID: C
Fetching  http://www.imgt.org/3Dstructure-DB/IMGT-FILE/IMGT-4PRE.pdb.gz
Opening 4PRE
aID: A
pID: C
Fetching  http://www.imgt.org/3Dstructure-DB/IMGT-FILE/IMGT-3L3I.pdb.gz
Opening 3L3I
aID: A
pID: C
Fetching  http://www.imgt.org/3Dstructure-DB/IMGT-FILE/IMGT-4U1K.pdb.gz
Opening 4U1K
aID: A
pID: C
Fetching  http://www.imgt.org/3Dstructure-DB/IMGT-FILE/IMGT-3B6S.pdb.gz
Opening 3B6S
aID: A
pID: C
Fetching  http://www.imgt.org/3Dstructure-DB/IMGT-FILE/IMGT-2GT9.pdb.gz
Opening 2GT9
aID: A
pID: C
Fetching  http://www.imgt.org/3Dstructure-DB/IMGT-FILE/IMGT-5HHM.pdb.gz
Opening 5HHM
aID: A
pID: C
Fetching  http://www.imgt.org/3Dstructure-DB/IMGT-FILE/IMGT-3BWA.pdb.gz
Opening 3BWA
aID: A
pID: C
Fetching  http://www.imgt.org/3Dstructure-DB/IMGT-FILE/IMGT-4G9D.pdb.gz
Opening 4G9D
aID: A
pID: C
Fetching  http://www.imgt.org/3Dstructure-DB/IMGT-FILE/IMGT-1XH3.pdb.gz
Opening 1XH3
aID: A
pID: C
Fetching  http://www.imgt.org/3Dstructure-DB/IMGT-FILE/IMGT-4MJ5.pdb.gz
Opening 4MJ5
aID: A
pID: C
Fetching  http://www.imgt.org/3Dstructure-DB/IMGT-FILE/IMGT-3LKO.pdb.gz
Opening 3LKO
aID: A
pID: C
Fetching  http://www.imgt.org/3Dstructure-DB/IMGT-FILE/IMGT-2HJL.pdb.gz
Opening 2HJL
aID: A
pID: C
Fetching  http://www.imgt.org/3Dstructure-DB/IMGT-FILE/IMGT-3VFN.pdb.gz
Opening 3VFN
aID: A
pID: C
Fetching  http://www.imgt.org/3Dstructure-DB/IMGT-FILE/IMGT-2X4U.pdb.gz
Opening 2X4U
aID: A
pID: F
Fetching  http://www.imgt.org/3Dstructure-DB/IMGT-FILE/IMGT-1XR9.pdb.gz
Opening 1XR9
aID: A
pID: C
Fetching  http://www.imgt.org/3Dstructure-DB/IMGT-FILE/IMGT-5JHD.pdb.gz
Opening 5JHD
aID: A
pID: C
Fetching  http://www.imgt.org/3Dstructure-DB/IMGT-FILE/IMGT-3LN5.pdb.gz
Opening 3LN5
aID: A
pID: C
Fetching  http://www.imgt.org/3Dstructure-DB/IMGT-FILE/IMGT-5T6W.pdb.gz
Opening 5T6W
aID: A
pID: C
Fetching  http://www.imgt.org/3Dstructure-DB/IMGT-FILE/IMGT-1QSE.pdb.gz
Opening 1QSE
aID: A
pID: C
Fetching  http://www.imgt.org/3Dstructure-DB/IMGT-FILE/IMGT-1S7T.pdb.gz
Opening 1S7T
aID: A
pID: C
Fetching  http://www.imgt.org/3Dstructure-DB/IMGT-FILE/IMGT-4NO5.pdb.gz
Opening 4NO5
aID: A
pID: C
Fetching  http://www.imgt.org/3Dstructure-DB/IMGT-FILE/IMGT-1ZVS.pdb.gz
Opening 1ZVS
aID: A
pID: C
Fetching  http://www.imgt.org/3Dstructure-DB/IMGT-FILE/IMGT-4JFQ.pdb.gz
Opening 4JFQ
aID: A
pID: C
Fetching  http://www.imgt.org/3Dstructure-DB/IMGT-FILE/IMGT-2GIT.pdb.gz
Opening 2GIT
aID: A
pID: C
Fetching  http://www.imgt.org/3Dstructure-DB/IMGT-FILE/IMGT-5DEG.pdb.gz
Opening 5DEG
aID: A
pID: C
Fetching  http://www.imgt.org/3Dstructure-DB/IMGT-FILE/IMGT-4G43.pdb.gz
Opening 4G43
aID: A
pID: C
Fetching  http://www.imgt.org/3Dstructure-DB/IMGT-FILE/IMGT-4PRA.pdb.gz
Opening 4PRA
aID: A
pID: C
Fetching  http://www.imgt.org/3Dstructure-DB/IMGT-FILE/IMGT-1LDP.pdb.gz
Opening 1LDP
aID: H
pID: P
Fetching  http://www.imgt.org/3Dstructure-DB/IMGT-FILE/IMGT-3C8K.pdb.gz
Opening 3C8K
aID: A
pID: P
Fetching  http://www.imgt.org/3Dstructure-DB/IMGT-FILE/IMGT-2FWO.pdb.gz
Opening 2FWO
aID: A
pID: P
Fetching  http://www.imgt.org/3Dstructure-DB/IMGT-FILE/IMGT-3ROL.pdb.gz
Opening 3ROL
aID: A
pID: E
Fetching  http://www.imgt.org/3Dstructure-DB/IMGT-FILE/IMGT-1INQ.pdb.gz
Opening 1INQ
aID: A
pID: C
Fetching  http://www.imgt.org/3Dstructure-DB/IMGT-FILE/IMGT-1BD2.pdb.gz
Opening 1BD2
aID: A
pID: C
Fetching  http://www.imgt.org/3Dstructure-DB/IMGT-FILE/IMGT-5T7G.pdb.gz
Opening 5T7G
aID: A
pID: P
Fetching  http://www.imgt.org/3Dstructure-DB/IMGT-FILE/IMGT-1AGE.pdb.gz
Opening 1AGE
aID: A
pID: C
Fetching  http://www.imgt.org/3Dstructure-DB/IMGT-FILE/IMGT-3GSR.pdb.gz
Opening 3GSR
aID: A
pID: P
Fetching  http://www.imgt.org/3Dstructure-DB/IMGT-FILE/IMGT-5HHP.pdb.gz
Opening 5HHP
aID: A
pID: C
Fetching  http://www.imgt.org/3Dstructure-DB/IMGT-FILE/IMGT-3MRO.pdb.gz
Opening 3MRO
aID: A
pID: P
Fetching  http://www.imgt.org/3Dstructure-DB/IMGT-FILE/IMGT-1A1M.pdb.gz
Opening 1A1M
aID: A
pID: C
Fetching  http://www.imgt.org/3Dstructure-DB/IMGT-FILE/IMGT-2CLV.pdb.gz
Opening 2CLV
aID: H
pID: C
Fetching  http://www.imgt.org/3Dstructure-DB/IMGT-FILE/IMGT-2CII.pdb.gz
Opening 2CII
aID: A
pID: C
Fetching  http://www.imgt.org/3Dstructure-DB/IMGT-FILE/IMGT-1QSF.pdb.gz
Opening 1QSF
aID: A
pID: C
Fetching  http://www.imgt.org/3Dstructure-DB/IMGT-FILE/IMGT-1S7Q.pdb.gz
Opening 1S7Q
aID: A
pID: C
Fetching  http://www.imgt.org/3Dstructure-DB/IMGT-FILE/IMGT-1YN7.pdb.gz
Opening 1YN7
aID: A
pID: C
Fetching  http://www.imgt.org/3Dstructure-DB/IMGT-FILE/IMGT-2XPG.pdb.gz
Opening 2XPG
aID: A
pID: C
Fetching  http://www.imgt.org/3Dstructure-DB/IMGT-FILE/IMGT-3FT4.pdb.gz
Opening 3FT4
aID: A
pID: P
Fetching  http://www.imgt.org/3Dstructure-DB/IMGT-FILE/IMGT-5GSV.pdb.gz
Opening 5GSV
aID: A
pID: C
Fetching  http://www.imgt.org/3Dstructure-DB/IMGT-FILE/IMGT-3L3G.pdb.gz
Opening 3L3G
aID: A
pID: C
BAD IDs:
['5MEQ', '5E6I', '5MEN', '3E3Q', '5F1N']
