*********************
*********************
*********************
*********************
Traceback (most recent call last):
  File "cmd_modeller_ini.py", line 20, in <module>
    a.make(exit_stage=2)
  File "/home/dariomarzella/anaconda3/lib/python3.7/site-packages/modeller/automodel/loopmodel.py", line 37, in make
    automodel.make(self, exit_stage)
  File "/home/dariomarzella/anaconda3/lib/python3.7/site-packages/modeller/automodel/automodel.py", line 131, in make
    self.homcsr(exit_stage)
  File "/home/dariomarzella/anaconda3/lib/python3.7/site-packages/modeller/automodel/automodel.py", line 606, in homcsr
    self.check_alignment(aln)
  File "/home/dariomarzella/anaconda3/lib/python3.7/site-packages/modeller/automodel/automodel.py", line 559, in check_alignment
    aln.check()
  File "/home/dariomarzella/anaconda3/lib/python3.7/site-packages/modeller/alignment.py", line 208, in check
    self.check_structure_structure(io=io)
  File "/home/dariomarzella/anaconda3/lib/python3.7/site-packages/modeller/alignment.py", line 217, in check_structure_structure
    return f(self.modpt, io.modpt, self.env.libs.modpt, eqvdst)
_modeller.SequenceMismatchError: read_te_291E> Sequence difference between alignment and  pdb :
ERROR: PDB file 1OGT.ini contains no residues
Traceback (most recent call last):
  File "cmd_modeller.py", line 51, in <module>
    a.make()                                     # do the actual homology modeling
  File "/home/dariomarzella/anaconda3/lib/python3.7/site-packages/modeller/automodel/loopmodel.py", line 37, in make
    automodel.make(self, exit_stage)
  File "/home/dariomarzella/anaconda3/lib/python3.7/site-packages/modeller/automodel/automodel.py", line 131, in make
    self.homcsr(exit_stage)
  File "/home/dariomarzella/anaconda3/lib/python3.7/site-packages/modeller/automodel/automodel.py", line 606, in homcsr
    self.check_alignment(aln)
  File "/home/dariomarzella/anaconda3/lib/python3.7/site-packages/modeller/automodel/automodel.py", line 559, in check_alignment
    aln.check()
  File "/home/dariomarzella/anaconda3/lib/python3.7/site-packages/modeller/alignment.py", line 208, in check
    self.check_structure_structure(io=io)
  File "/home/dariomarzella/anaconda3/lib/python3.7/site-packages/modeller/alignment.py", line 217, in check_structure_structure
    return f(self.modpt, io.modpt, self.env.libs.modpt, eqvdst)
_modeller.SequenceMismatchError: read_te_291E> Sequence difference between alignment and  pdb :
Traceback (most recent call last):
  File "cmd_modeller_ini.py", line 20, in <module>
    a.make(exit_stage=2)
  File "/home/dariomarzella/anaconda3/lib/python3.7/site-packages/modeller/automodel/loopmodel.py", line 37, in make
    automodel.make(self, exit_stage)
  File "/home/dariomarzella/anaconda3/lib/python3.7/site-packages/modeller/automodel/automodel.py", line 131, in make
    self.homcsr(exit_stage)
  File "/home/dariomarzella/anaconda3/lib/python3.7/site-packages/modeller/automodel/automodel.py", line 606, in homcsr
    self.check_alignment(aln)
  File "/home/dariomarzella/anaconda3/lib/python3.7/site-packages/modeller/automodel/automodel.py", line 559, in check_alignment
    aln.check()
  File "/home/dariomarzella/anaconda3/lib/python3.7/site-packages/modeller/alignment.py", line 208, in check
    self.check_structure_structure(io=io)
  File "/home/dariomarzella/anaconda3/lib/python3.7/site-packages/modeller/alignment.py", line 217, in check_structure_structure
    return f(self.modpt, io.modpt, self.env.libs.modpt, eqvdst)
_modeller.SequenceMismatchError: read_te_291E> Sequence difference between alignment and  pdb :
ERROR: PDB file 1OF2.ini contains no residues
Traceback (most recent call last):
  File "cmd_modeller.py", line 51, in <module>
    a.make()                                     # do the actual homology modeling
  File "/home/dariomarzella/anaconda3/lib/python3.7/site-packages/modeller/automodel/loopmodel.py", line 37, in make
    automodel.make(self, exit_stage)
  File "/home/dariomarzella/anaconda3/lib/python3.7/site-packages/modeller/automodel/automodel.py", line 131, in make
    self.homcsr(exit_stage)
  File "/home/dariomarzella/anaconda3/lib/python3.7/site-packages/modeller/automodel/automodel.py", line 606, in homcsr
    self.check_alignment(aln)
  File "/home/dariomarzella/anaconda3/lib/python3.7/site-packages/modeller/automodel/automodel.py", line 559, in check_alignment
    aln.check()
  File "/home/dariomarzella/anaconda3/lib/python3.7/site-packages/modeller/alignment.py", line 208, in check
    self.check_structure_structure(io=io)
  File "/home/dariomarzella/anaconda3/lib/python3.7/site-packages/modeller/alignment.py", line 217, in check_structure_structure
    return f(self.modpt, io.modpt, self.env.libs.modpt, eqvdst)
_modeller.SequenceMismatchError: read_te_291E> Sequence difference between alignment and  pdb :
*********************
*********************
*********************
*********************
*********************
*********************
*********************
*********************
*********************
Traceback (most recent call last):
  File "cmd_modeller_ini.py", line 20, in <module>
    a.make(exit_stage=2)
  File "/home/dariomarzella/anaconda3/lib/python3.7/site-packages/modeller/automodel/loopmodel.py", line 37, in make
    automodel.make(self, exit_stage)
  File "/home/dariomarzella/anaconda3/lib/python3.7/site-packages/modeller/automodel/automodel.py", line 131, in make
    self.homcsr(exit_stage)
  File "/home/dariomarzella/anaconda3/lib/python3.7/site-packages/modeller/automodel/automodel.py", line 606, in homcsr
    self.check_alignment(aln)
  File "/home/dariomarzella/anaconda3/lib/python3.7/site-packages/modeller/automodel/automodel.py", line 559, in check_alignment
    aln.check()
  File "/home/dariomarzella/anaconda3/lib/python3.7/site-packages/modeller/alignment.py", line 208, in check
    self.check_structure_structure(io=io)
  File "/home/dariomarzella/anaconda3/lib/python3.7/site-packages/modeller/alignment.py", line 217, in check_structure_structure
    return f(self.modpt, io.modpt, self.env.libs.modpt, eqvdst)
_modeller.SequenceMismatchError: read_te_291E> Sequence difference between alignment and  pdb :
ERROR: PDB file 1N59.ini contains no residues
Traceback (most recent call last):
  File "cmd_modeller.py", line 51, in <module>
    a.make()                                     # do the actual homology modeling
  File "/home/dariomarzella/anaconda3/lib/python3.7/site-packages/modeller/automodel/loopmodel.py", line 37, in make
    automodel.make(self, exit_stage)
  File "/home/dariomarzella/anaconda3/lib/python3.7/site-packages/modeller/automodel/automodel.py", line 131, in make
    self.homcsr(exit_stage)
  File "/home/dariomarzella/anaconda3/lib/python3.7/site-packages/modeller/automodel/automodel.py", line 606, in homcsr
    self.check_alignment(aln)
  File "/home/dariomarzella/anaconda3/lib/python3.7/site-packages/modeller/automodel/automodel.py", line 559, in check_alignment
    aln.check()
  File "/home/dariomarzella/anaconda3/lib/python3.7/site-packages/modeller/alignment.py", line 208, in check
    self.check_structure_structure(io=io)
  File "/home/dariomarzella/anaconda3/lib/python3.7/site-packages/modeller/alignment.py", line 217, in check_structure_structure
    return f(self.modpt, io.modpt, self.env.libs.modpt, eqvdst)
_modeller.SequenceMismatchError: read_te_291E> Sequence difference between alignment and  pdb :
*********************
*********************
*********************
Warning: Mismatch X99 => S
Warning: Mismatch S99 => X
Warning: Mismatch S99 => X
Warning: Mismatch S99 => X
Warning: Mismatch S99 => X
Warning: Mismatch S99 => X
Warning: Mismatch S99 => X
Warning: Mismatch S99 => X
Warning: Mismatch S99 => X
Warning: Mismatch S99 => X
Warning: Mismatch S99 => X
Warning: Mismatch S99 => X
Warning: Mismatch S99 => X
Warning: Mismatch S99 => X
Warning: Mismatch S99 => X
Warning: Mismatch S99 => X
Warning: Mismatch S99 => X
Warning: Mismatch S99 => X
Warning: Mismatch S99 => X
Warning: Mismatch S99 => X
Warning: Mismatch S99 => X
Traceback (most recent call last):
  File "cmd_modeller_ini.py", line 20, in <module>
    a.make(exit_stage=2)
  File "/home/dariomarzella/anaconda3/lib/python3.7/site-packages/modeller/automodel/loopmodel.py", line 37, in make
    automodel.make(self, exit_stage)
  File "/home/dariomarzella/anaconda3/lib/python3.7/site-packages/modeller/automodel/automodel.py", line 131, in make
    self.homcsr(exit_stage)
  File "/home/dariomarzella/anaconda3/lib/python3.7/site-packages/modeller/automodel/automodel.py", line 606, in homcsr
    self.check_alignment(aln)
  File "/home/dariomarzella/anaconda3/lib/python3.7/site-packages/modeller/automodel/automodel.py", line 559, in check_alignment
    aln.check()
  File "/home/dariomarzella/anaconda3/lib/python3.7/site-packages/modeller/alignment.py", line 208, in check
    self.check_structure_structure(io=io)
  File "/home/dariomarzella/anaconda3/lib/python3.7/site-packages/modeller/alignment.py", line 217, in check_structure_structure
    return f(self.modpt, io.modpt, self.env.libs.modpt, eqvdst)
_modeller.SequenceMismatchError: read_te_291E> Sequence difference between alignment and  pdb :
ERROR: PDB file 1S7S.ini contains no residues
Traceback (most recent call last):
  File "cmd_modeller.py", line 51, in <module>
    a.make()                                     # do the actual homology modeling
  File "/home/dariomarzella/anaconda3/lib/python3.7/site-packages/modeller/automodel/loopmodel.py", line 37, in make
    automodel.make(self, exit_stage)
  File "/home/dariomarzella/anaconda3/lib/python3.7/site-packages/modeller/automodel/automodel.py", line 131, in make
    self.homcsr(exit_stage)
  File "/home/dariomarzella/anaconda3/lib/python3.7/site-packages/modeller/automodel/automodel.py", line 606, in homcsr
    self.check_alignment(aln)
  File "/home/dariomarzella/anaconda3/lib/python3.7/site-packages/modeller/automodel/automodel.py", line 559, in check_alignment
    aln.check()
  File "/home/dariomarzella/anaconda3/lib/python3.7/site-packages/modeller/alignment.py", line 208, in check
    self.check_structure_structure(io=io)
  File "/home/dariomarzella/anaconda3/lib/python3.7/site-packages/modeller/alignment.py", line 217, in check_structure_structure
    return f(self.modpt, io.modpt, self.env.libs.modpt, eqvdst)
_modeller.SequenceMismatchError: read_te_291E> Sequence difference between alignment and  pdb :
*********************
*********************
*********************
*********************
*********************
*********************
Traceback (most recent call last):
  File "cmd_modeller_ini.py", line 20, in <module>
    a.make(exit_stage=2)
  File "/home/dariomarzella/anaconda3/lib/python3.7/site-packages/modeller/automodel/loopmodel.py", line 37, in make
    automodel.make(self, exit_stage)
  File "/home/dariomarzella/anaconda3/lib/python3.7/site-packages/modeller/automodel/automodel.py", line 131, in make
    self.homcsr(exit_stage)
  File "/home/dariomarzella/anaconda3/lib/python3.7/site-packages/modeller/automodel/automodel.py", line 606, in homcsr
    self.check_alignment(aln)
  File "/home/dariomarzella/anaconda3/lib/python3.7/site-packages/modeller/automodel/automodel.py", line 559, in check_alignment
    aln.check()
  File "/home/dariomarzella/anaconda3/lib/python3.7/site-packages/modeller/alignment.py", line 208, in check
    self.check_structure_structure(io=io)
  File "/home/dariomarzella/anaconda3/lib/python3.7/site-packages/modeller/alignment.py", line 217, in check_structure_structure
    return f(self.modpt, io.modpt, self.env.libs.modpt, eqvdst)
_modeller.ModellerError: read_te_290E> Number of residues in the alignment and  pdb files are different:      284      275 For alignment entry:        1  5TEZ
ERROR: PDB file 1OGA.ini contains no residues
Traceback (most recent call last):
  File "cmd_modeller.py", line 51, in <module>
    a.make()                                     # do the actual homology modeling
  File "/home/dariomarzella/anaconda3/lib/python3.7/site-packages/modeller/automodel/loopmodel.py", line 37, in make
    automodel.make(self, exit_stage)
  File "/home/dariomarzella/anaconda3/lib/python3.7/site-packages/modeller/automodel/automodel.py", line 131, in make
    self.homcsr(exit_stage)
  File "/home/dariomarzella/anaconda3/lib/python3.7/site-packages/modeller/automodel/automodel.py", line 606, in homcsr
    self.check_alignment(aln)
  File "/home/dariomarzella/anaconda3/lib/python3.7/site-packages/modeller/automodel/automodel.py", line 559, in check_alignment
    aln.check()
  File "/home/dariomarzella/anaconda3/lib/python3.7/site-packages/modeller/alignment.py", line 208, in check
    self.check_structure_structure(io=io)
  File "/home/dariomarzella/anaconda3/lib/python3.7/site-packages/modeller/alignment.py", line 217, in check_structure_structure
    return f(self.modpt, io.modpt, self.env.libs.modpt, eqvdst)
_modeller.ModellerError: read_te_290E> Number of residues in the alignment and  pdb files are different:      284      275 For alignment entry:        1  5TEZ
*********************
*********************
*********************
*********************
*********************
*********************
*********************
*********************
*********************
*********************
*********************
*********************
*********************
*********************
*********************
*********************
Warning: Mismatch X12 => M
Warning: Mismatch M12 => X
Warning: Mismatch M12 => X
Warning: Mismatch M12 => X
Warning: Mismatch M12 => X
Warning: Mismatch M12 => X
Warning: Mismatch M12 => X
Warning: Mismatch M12 => X
Warning: Mismatch M12 => X
Warning: Mismatch M12 => X
Warning: Mismatch M12 => X
Warning: Mismatch M12 => X
Warning: Mismatch M12 => X
Warning: Mismatch M12 => X
Warning: Mismatch M12 => X
Warning: Mismatch M12 => X
Warning: Mismatch M12 => X
Warning: Mismatch M12 => X
Warning: Mismatch M12 => X
Warning: Mismatch M12 => X
Warning: Mismatch M12 => X
*********************
Warning: Mismatch X1 => G
Warning: Mismatch X25 => V
Warning: Mismatch X61 => D
Warning: Mismatch X65 => Q
Warning: Mismatch X76 => E
Warning: Mismatch X79 => R
Warning: Mismatch X81 => L
Warning: Mismatch X152 => E
Warning: Mismatch X214 => T
Warning: Mismatch X219 => R
Warning: Mismatch X277 => I
Warning: Mismatch X278 => L
Warning: Mismatch X279 => G
Warning: Mismatch X280 => P
Warning: Mismatch X281 => P
Warning: Mismatch X282 => G
Warning: Mismatch X283 => S
Warning: Mismatch X284 => V
Warning: Mismatch X285 => Y
Warning: Mismatch G1 => X
Warning: Mismatch V25 => X
Warning: Mismatch D61 => X
Warning: Mismatch Q65 => X
Warning: Mismatch E76 => X
Warning: Mismatch R79 => X
Warning: Mismatch L81 => X
Warning: Mismatch E152 => X
Warning: Mismatch T214 => X
Warning: Mismatch R219 => X
Warning: Mismatch I1 => X
Warning: Mismatch L2 => X
Warning: Mismatch G3 => X
Warning: Mismatch P4 => X
Warning: Mismatch P5 => X
Warning: Mismatch G6 => X
Warning: Mismatch S7 => X
Warning: Mismatch V8 => X
Warning: Mismatch Y9 => X
Warning: Mismatch G1 => X
Warning: Mismatch V25 => X
Warning: Mismatch D61 => X
Warning: Mismatch Q65 => X
Warning: Mismatch E76 => X
Warning: Mismatch R79 => X
Warning: Mismatch L81 => X
Warning: Mismatch E152 => X
Warning: Mismatch T214 => X
Warning: Mismatch R219 => X
Warning: Mismatch I1 => X
Warning: Mismatch L2 => X
Warning: Mismatch G3 => X
Warning: Mismatch P4 => X
Warning: Mismatch P5 => X
Warning: Mismatch G6 => X
Warning: Mismatch S7 => X
Warning: Mismatch V8 => X
Warning: Mismatch Y9 => X
Warning: Mismatch G1 => X
Warning: Mismatch V25 => X
Warning: Mismatch D61 => X
Warning: Mismatch Q65 => X
Warning: Mismatch E76 => X
Warning: Mismatch R79 => X
Warning: Mismatch L81 => X
Warning: Mismatch E152 => X
Warning: Mismatch T214 => X
Warning: Mismatch R219 => X
Warning: Mismatch I1 => X
Warning: Mismatch L2 => X
Warning: Mismatch G3 => X
Warning: Mismatch P4 => X
Warning: Mismatch P5 => X
Warning: Mismatch G6 => X
Warning: Mismatch S7 => X
Warning: Mismatch V8 => X
Warning: Mismatch Y9 => X
Warning: Mismatch G1 => X
Warning: Mismatch V25 => X
Warning: Mismatch D61 => X
Warning: Mismatch Q65 => X
Warning: Mismatch E76 => X
Warning: Mismatch R79 => X
Warning: Mismatch L81 => X
Warning: Mismatch E152 => X
Warning: Mismatch T214 => X
Warning: Mismatch R219 => X
Warning: Mismatch I1 => X
Warning: Mismatch L2 => X
Warning: Mismatch G3 => X
Warning: Mismatch P4 => X
Warning: Mismatch P5 => X
Warning: Mismatch G6 => X
Warning: Mismatch S7 => X
Warning: Mismatch V8 => X
Warning: Mismatch Y9 => X
Warning: Mismatch G1 => X
Warning: Mismatch V25 => X
Warning: Mismatch D61 => X
Warning: Mismatch Q65 => X
Warning: Mismatch E76 => X
Warning: Mismatch R79 => X
Warning: Mismatch L81 => X
Warning: Mismatch E152 => X
Warning: Mismatch T214 => X
Warning: Mismatch R219 => X
Warning: Mismatch I1 => X
Warning: Mismatch L2 => X
Warning: Mismatch G3 => X
Warning: Mismatch P4 => X
Warning: Mismatch P5 => X
Warning: Mismatch G6 => X
Warning: Mismatch S7 => X
Warning: Mismatch V8 => X
Warning: Mismatch Y9 => X
Warning: Mismatch G1 => X
Warning: Mismatch V25 => X
Warning: Mismatch D61 => X
Warning: Mismatch Q65 => X
Warning: Mismatch E76 => X
Warning: Mismatch R79 => X
Warning: Mismatch L81 => X
Warning: Mismatch E152 => X
Warning: Mismatch T214 => X
Warning: Mismatch R219 => X
Warning: Mismatch I1 => X
Warning: Mismatch L2 => X
Warning: Mismatch G3 => X
Warning: Mismatch P4 => X
Warning: Mismatch P5 => X
Warning: Mismatch G6 => X
Warning: Mismatch S7 => X
Warning: Mismatch V8 => X
Warning: Mismatch Y9 => X
Warning: Mismatch G1 => X
Warning: Mismatch V25 => X
Warning: Mismatch D61 => X
Warning: Mismatch Q65 => X
Warning: Mismatch E76 => X
Warning: Mismatch R79 => X
Warning: Mismatch L81 => X
Warning: Mismatch E152 => X
Warning: Mismatch T214 => X
Warning: Mismatch R219 => X
Warning: Mismatch I1 => X
Warning: Mismatch L2 => X
Warning: Mismatch G3 => X
Warning: Mismatch P4 => X
Warning: Mismatch P5 => X
Warning: Mismatch G6 => X
Warning: Mismatch S7 => X
Warning: Mismatch V8 => X
Warning: Mismatch Y9 => X
Warning: Mismatch G1 => X
Warning: Mismatch V25 => X
Warning: Mismatch D61 => X
Warning: Mismatch Q65 => X
Warning: Mismatch E76 => X
Warning: Mismatch R79 => X
Warning: Mismatch L81 => X
Warning: Mismatch E152 => X
Warning: Mismatch T214 => X
Warning: Mismatch R219 => X
Warning: Mismatch I1 => X
Warning: Mismatch L2 => X
Warning: Mismatch G3 => X
Warning: Mismatch P4 => X
Warning: Mismatch P5 => X
Warning: Mismatch G6 => X
Warning: Mismatch S7 => X
Warning: Mismatch V8 => X
Warning: Mismatch Y9 => X
Warning: Mismatch G1 => X
Warning: Mismatch V25 => X
Warning: Mismatch D61 => X
Warning: Mismatch Q65 => X
Warning: Mismatch E76 => X
Warning: Mismatch R79 => X
Warning: Mismatch L81 => X
Warning: Mismatch E152 => X
Warning: Mismatch T214 => X
Warning: Mismatch R219 => X
Warning: Mismatch I1 => X
Warning: Mismatch L2 => X
Warning: Mismatch G3 => X
Warning: Mismatch P4 => X
Warning: Mismatch P5 => X
Warning: Mismatch G6 => X
Warning: Mismatch S7 => X
Warning: Mismatch V8 => X
Warning: Mismatch Y9 => X
Warning: Mismatch G1 => X
Warning: Mismatch V25 => X
Warning: Mismatch D61 => X
Warning: Mismatch Q65 => X
Warning: Mismatch E76 => X
Warning: Mismatch R79 => X
Warning: Mismatch L81 => X
Warning: Mismatch E152 => X
Warning: Mismatch T214 => X
Warning: Mismatch R219 => X
Warning: Mismatch I1 => X
Warning: Mismatch L2 => X
Warning: Mismatch G3 => X
Warning: Mismatch P4 => X
Warning: Mismatch P5 => X
Warning: Mismatch G6 => X
Warning: Mismatch S7 => X
Warning: Mismatch V8 => X
Warning: Mismatch Y9 => X
Warning: Mismatch G1 => X
Warning: Mismatch V25 => X
Warning: Mismatch D61 => X
Warning: Mismatch Q65 => X
Warning: Mismatch E76 => X
Warning: Mismatch R79 => X
Warning: Mismatch L81 => X
Warning: Mismatch E152 => X
Warning: Mismatch T214 => X
Warning: Mismatch R219 => X
Warning: Mismatch I1 => X
Warning: Mismatch L2 => X
Warning: Mismatch G3 => X
Warning: Mismatch P4 => X
Warning: Mismatch P5 => X
Warning: Mismatch G6 => X
Warning: Mismatch S7 => X
Warning: Mismatch V8 => X
Warning: Mismatch Y9 => X
Warning: Mismatch G1 => X
Warning: Mismatch V25 => X
Warning: Mismatch D61 => X
Warning: Mismatch Q65 => X
Warning: Mismatch E76 => X
Warning: Mismatch R79 => X
Warning: Mismatch L81 => X
Warning: Mismatch E152 => X
Warning: Mismatch T214 => X
Warning: Mismatch R219 => X
Warning: Mismatch I1 => X
Warning: Mismatch L2 => X
Warning: Mismatch G3 => X
Warning: Mismatch P4 => X
Warning: Mismatch P5 => X
Warning: Mismatch G6 => X
Warning: Mismatch S7 => X
Warning: Mismatch V8 => X
Warning: Mismatch Y9 => X
Warning: Mismatch G1 => X
Warning: Mismatch V25 => X
Warning: Mismatch D61 => X
Warning: Mismatch Q65 => X
Warning: Mismatch E76 => X
Warning: Mismatch R79 => X
Warning: Mismatch L81 => X
Warning: Mismatch E152 => X
Warning: Mismatch T214 => X
Warning: Mismatch R219 => X
Warning: Mismatch I1 => X
Warning: Mismatch L2 => X
Warning: Mismatch G3 => X
Warning: Mismatch P4 => X
Warning: Mismatch P5 => X
Warning: Mismatch G6 => X
Warning: Mismatch S7 => X
Warning: Mismatch V8 => X
Warning: Mismatch Y9 => X
Warning: Mismatch G1 => X
Warning: Mismatch V25 => X
Warning: Mismatch D61 => X
Warning: Mismatch Q65 => X
Warning: Mismatch E76 => X
Warning: Mismatch R79 => X
Warning: Mismatch L81 => X
Warning: Mismatch E152 => X
Warning: Mismatch T214 => X
Warning: Mismatch R219 => X
Warning: Mismatch I1 => X
Warning: Mismatch L2 => X
Warning: Mismatch G3 => X
Warning: Mismatch P4 => X
Warning: Mismatch P5 => X
Warning: Mismatch G6 => X
Warning: Mismatch S7 => X
Warning: Mismatch V8 => X
Warning: Mismatch Y9 => X
Warning: Mismatch G1 => X
Warning: Mismatch V25 => X
Warning: Mismatch D61 => X
Warning: Mismatch Q65 => X
Warning: Mismatch E76 => X
Warning: Mismatch R79 => X
Warning: Mismatch L81 => X
Warning: Mismatch E152 => X
Warning: Mismatch T214 => X
Warning: Mismatch R219 => X
Warning: Mismatch I1 => X
Warning: Mismatch L2 => X
Warning: Mismatch G3 => X
Warning: Mismatch P4 => X
Warning: Mismatch P5 => X
Warning: Mismatch G6 => X
Warning: Mismatch S7 => X
Warning: Mismatch V8 => X
Warning: Mismatch Y9 => X
Warning: Mismatch G1 => X
Warning: Mismatch V25 => X
Warning: Mismatch D61 => X
Warning: Mismatch Q65 => X
Warning: Mismatch E76 => X
Warning: Mismatch R79 => X
Warning: Mismatch L81 => X
Warning: Mismatch E152 => X
Warning: Mismatch T214 => X
Warning: Mismatch R219 => X
Warning: Mismatch I1 => X
Warning: Mismatch L2 => X
Warning: Mismatch G3 => X
Warning: Mismatch P4 => X
Warning: Mismatch P5 => X
Warning: Mismatch G6 => X
Warning: Mismatch S7 => X
Warning: Mismatch V8 => X
Warning: Mismatch Y9 => X
Warning: Mismatch G1 => X
Warning: Mismatch V25 => X
Warning: Mismatch D61 => X
Warning: Mismatch Q65 => X
Warning: Mismatch E76 => X
Warning: Mismatch R79 => X
Warning: Mismatch L81 => X
Warning: Mismatch E152 => X
Warning: Mismatch T214 => X
Warning: Mismatch R219 => X
Warning: Mismatch I1 => X
Warning: Mismatch L2 => X
Warning: Mismatch G3 => X
Warning: Mismatch P4 => X
Warning: Mismatch P5 => X
Warning: Mismatch G6 => X
Warning: Mismatch S7 => X
Warning: Mismatch V8 => X
Warning: Mismatch Y9 => X
Warning: Mismatch G1 => X
Warning: Mismatch V25 => X
Warning: Mismatch D61 => X
Warning: Mismatch Q65 => X
Warning: Mismatch E76 => X
Warning: Mismatch R79 => X
Warning: Mismatch L81 => X
Warning: Mismatch E152 => X
Warning: Mismatch T214 => X
Warning: Mismatch R219 => X
Warning: Mismatch I1 => X
Warning: Mismatch L2 => X
Warning: Mismatch G3 => X
Warning: Mismatch P4 => X
Warning: Mismatch P5 => X
Warning: Mismatch G6 => X
Warning: Mismatch S7 => X
Warning: Mismatch V8 => X
Warning: Mismatch Y9 => X
Warning: Mismatch G1 => X
Warning: Mismatch V25 => X
Warning: Mismatch D61 => X
Warning: Mismatch Q65 => X
Warning: Mismatch E76 => X
Warning: Mismatch R79 => X
Warning: Mismatch L81 => X
Warning: Mismatch E152 => X
Warning: Mismatch T214 => X
Warning: Mismatch R219 => X
Warning: Mismatch I1 => X
Warning: Mismatch L2 => X
Warning: Mismatch G3 => X
Warning: Mismatch P4 => X
Warning: Mismatch P5 => X
Warning: Mismatch G6 => X
Warning: Mismatch S7 => X
Warning: Mismatch V8 => X
Warning: Mismatch Y9 => X
Warning: Mismatch G1 => X
Warning: Mismatch V25 => X
Warning: Mismatch D61 => X
Warning: Mismatch Q65 => X
Warning: Mismatch E76 => X
Warning: Mismatch R79 => X
Warning: Mismatch L81 => X
Warning: Mismatch E152 => X
Warning: Mismatch T214 => X
Warning: Mismatch R219 => X
Warning: Mismatch I1 => X
Warning: Mismatch L2 => X
Warning: Mismatch G3 => X
Warning: Mismatch P4 => X
Warning: Mismatch P5 => X
Warning: Mismatch G6 => X
Warning: Mismatch S7 => X
Warning: Mismatch V8 => X
Warning: Mismatch Y9 => X
*********************
*********************
Warning: Mismatch X97 => R
Warning: Mismatch X156 => R
Warning: Mismatch R97 => X
Warning: Mismatch R156 => X
Warning: Mismatch R97 => X
Warning: Mismatch R156 => X
Warning: Mismatch R97 => X
Warning: Mismatch R156 => X
Warning: Mismatch R97 => X
Warning: Mismatch R156 => X
Warning: Mismatch R97 => X
Warning: Mismatch R156 => X
Warning: Mismatch R97 => X
Warning: Mismatch R156 => X
Warning: Mismatch R97 => X
Warning: Mismatch R156 => X
Warning: Mismatch R97 => X
Warning: Mismatch R156 => X
Warning: Mismatch R97 => X
Warning: Mismatch R156 => X
Warning: Mismatch R97 => X
Warning: Mismatch R156 => X
Warning: Mismatch R97 => X
Warning: Mismatch R156 => X
Warning: Mismatch R97 => X
Warning: Mismatch R156 => X
Warning: Mismatch R97 => X
Warning: Mismatch R156 => X
Warning: Mismatch R97 => X
Warning: Mismatch R156 => X
Warning: Mismatch R97 => X
Warning: Mismatch R156 => X
Warning: Mismatch R97 => X
Warning: Mismatch R156 => X
Warning: Mismatch R97 => X
Warning: Mismatch R156 => X
Warning: Mismatch R97 => X
Warning: Mismatch R156 => X
Warning: Mismatch R97 => X
Warning: Mismatch R156 => X
Warning: Mismatch R97 => X
Warning: Mismatch R156 => X
*********************
*********************
*********************
*********************
*********************
Traceback (most recent call last):
  File "cmd_modeller_ini.py", line 20, in <module>
    a.make(exit_stage=2)
  File "/home/dariomarzella/anaconda3/lib/python3.7/site-packages/modeller/automodel/loopmodel.py", line 37, in make
    automodel.make(self, exit_stage)
  File "/home/dariomarzella/anaconda3/lib/python3.7/site-packages/modeller/automodel/automodel.py", line 131, in make
    self.homcsr(exit_stage)
  File "/home/dariomarzella/anaconda3/lib/python3.7/site-packages/modeller/automodel/automodel.py", line 606, in homcsr
    self.check_alignment(aln)
  File "/home/dariomarzella/anaconda3/lib/python3.7/site-packages/modeller/automodel/automodel.py", line 559, in check_alignment
    aln.check()
  File "/home/dariomarzella/anaconda3/lib/python3.7/site-packages/modeller/alignment.py", line 208, in check
    self.check_structure_structure(io=io)
  File "/home/dariomarzella/anaconda3/lib/python3.7/site-packages/modeller/alignment.py", line 217, in check_structure_structure
    return f(self.modpt, io.modpt, self.env.libs.modpt, eqvdst)
_modeller.SequenceMismatchError: read_te_291E> Sequence difference between alignment and  pdb :
ERROR: PDB file 1CE6.ini contains no residues
Traceback (most recent call last):
  File "cmd_modeller.py", line 51, in <module>
    a.make()                                     # do the actual homology modeling
  File "/home/dariomarzella/anaconda3/lib/python3.7/site-packages/modeller/automodel/loopmodel.py", line 37, in make
    automodel.make(self, exit_stage)
  File "/home/dariomarzella/anaconda3/lib/python3.7/site-packages/modeller/automodel/automodel.py", line 131, in make
    self.homcsr(exit_stage)
  File "/home/dariomarzella/anaconda3/lib/python3.7/site-packages/modeller/automodel/automodel.py", line 606, in homcsr
    self.check_alignment(aln)
  File "/home/dariomarzella/anaconda3/lib/python3.7/site-packages/modeller/automodel/automodel.py", line 559, in check_alignment
    aln.check()
  File "/home/dariomarzella/anaconda3/lib/python3.7/site-packages/modeller/alignment.py", line 208, in check
    self.check_structure_structure(io=io)
  File "/home/dariomarzella/anaconda3/lib/python3.7/site-packages/modeller/alignment.py", line 217, in check_structure_structure
    return f(self.modpt, io.modpt, self.env.libs.modpt, eqvdst)
_modeller.SequenceMismatchError: read_te_291E> Sequence difference between alignment and  pdb :
*********************
*********************
*********************
*********************
*********************
*********************
*********************
*********************
*********************
Warning: Mismatch X2 => S
Warning: Mismatch X12 => M
Warning: Mismatch X19 => E
Warning: Mismatch X21 => R
Warning: Mismatch X23 => I
Warning: Mismatch X31 => T
Warning: Mismatch X34 => V
Warning: Mismatch X46 => E
Warning: Mismatch X61 => D
Warning: Mismatch X62 => R
Warning: Mismatch X70 => N
Warning: Mismatch X72 => Q
Warning: Mismatch X76 => E
Warning: Mismatch X79 => R
Warning: Mismatch X88 => S
Warning: Mismatch X89 => E
Warning: Mismatch X92 => S
Warning: Mismatch X97 => R
Warning: Mismatch X98 => M
Warning: Mismatch X110 => L
Warning: Mismatch X114 => D
Warning: Mismatch X131 => S
Warning: Mismatch X156 => R
Warning: Mismatch X166 => E
Warning: Mismatch X169 => R
Warning: Mismatch X170 => R
Warning: Mismatch X186 => K
Warning: Mismatch X197 => H
Warning: Mismatch X200 => T
Warning: Mismatch X203 => C
Warning: Mismatch X214 => T
Warning: Mismatch X215 => L
Warning: Mismatch X219 => R
Warning: Mismatch X230 => L
Warning: Mismatch X232 => E
Warning: Mismatch X251 => S
Warning: Mismatch X255 => Q
Warning: Mismatch X256 => R
Warning: Mismatch X264 => E
Warning: Mismatch X273 => R
Warning: Mismatch X280 => Q
Warning: Mismatch X284 => S
Warning: Mismatch S2 => X
Warning: Mismatch M12 => X
Warning: Mismatch E19 => X
Warning: Mismatch R21 => X
Warning: Mismatch I23 => X
Warning: Mismatch T31 => X
Warning: Mismatch V34 => X
Warning: Mismatch E46 => X
Warning: Mismatch D61 => X
Warning: Mismatch R62 => X
Warning: Mismatch N70 => X
Warning: Mismatch Q72 => X
Warning: Mismatch E76 => X
Warning: Mismatch R79 => X
Warning: Mismatch S88 => X
Warning: Mismatch E89 => X
Warning: Mismatch S92 => X
Warning: Mismatch R97 => X
Warning: Mismatch M98 => X
Warning: Mismatch L110 => X
Warning: Mismatch D114 => X
Warning: Mismatch S131 => X
Warning: Mismatch R156 => X
Warning: Mismatch E166 => X
Warning: Mismatch R169 => X
Warning: Mismatch R170 => X
Warning: Mismatch K186 => X
Warning: Mismatch H197 => X
Warning: Mismatch T200 => X
Warning: Mismatch C203 => X
Warning: Mismatch T214 => X
Warning: Mismatch L215 => X
Warning: Mismatch R219 => X
Warning: Mismatch L230 => X
Warning: Mismatch E232 => X
Warning: Mismatch S251 => X
Warning: Mismatch Q255 => X
Warning: Mismatch R256 => X
Warning: Mismatch E264 => X
Warning: Mismatch R273 => X
Warning: Mismatch Q4 => X
Warning: Mismatch S8 => X
Warning: Mismatch S2 => X
Warning: Mismatch M12 => X
Warning: Mismatch E19 => X
Warning: Mismatch R21 => X
Warning: Mismatch I23 => X
Warning: Mismatch T31 => X
Warning: Mismatch V34 => X
Warning: Mismatch E46 => X
Warning: Mismatch D61 => X
Warning: Mismatch R62 => X
Warning: Mismatch N70 => X
Warning: Mismatch Q72 => X
Warning: Mismatch E76 => X
Warning: Mismatch R79 => X
Warning: Mismatch S88 => X
Warning: Mismatch E89 => X
Warning: Mismatch S92 => X
Warning: Mismatch R97 => X
Warning: Mismatch M98 => X
Warning: Mismatch L110 => X
Warning: Mismatch D114 => X
Warning: Mismatch S131 => X
Warning: Mismatch R156 => X
Warning: Mismatch E166 => X
Warning: Mismatch R169 => X
Warning: Mismatch R170 => X
Warning: Mismatch K186 => X
Warning: Mismatch H197 => X
Warning: Mismatch T200 => X
Warning: Mismatch C203 => X
Warning: Mismatch T214 => X
Warning: Mismatch L215 => X
Warning: Mismatch R219 => X
Warning: Mismatch L230 => X
Warning: Mismatch E232 => X
Warning: Mismatch S251 => X
Warning: Mismatch Q255 => X
Warning: Mismatch R256 => X
Warning: Mismatch E264 => X
Warning: Mismatch R273 => X
Warning: Mismatch Q4 => X
Warning: Mismatch S8 => X
Warning: Mismatch S2 => X
Warning: Mismatch M12 => X
Warning: Mismatch E19 => X
Warning: Mismatch R21 => X
Warning: Mismatch I23 => X
Warning: Mismatch T31 => X
Warning: Mismatch V34 => X
Warning: Mismatch E46 => X
Warning: Mismatch D61 => X
Warning: Mismatch R62 => X
Warning: Mismatch N70 => X
Warning: Mismatch Q72 => X
Warning: Mismatch E76 => X
Warning: Mismatch R79 => X
Warning: Mismatch S88 => X
Warning: Mismatch E89 => X
Warning: Mismatch S92 => X
Warning: Mismatch R97 => X
Warning: Mismatch M98 => X
Warning: Mismatch L110 => X
Warning: Mismatch D114 => X
Warning: Mismatch S131 => X
Warning: Mismatch R156 => X
Warning: Mismatch E166 => X
Warning: Mismatch R169 => X
Warning: Mismatch R170 => X
Warning: Mismatch K186 => X
Warning: Mismatch H197 => X
Warning: Mismatch T200 => X
Warning: Mismatch C203 => X
Warning: Mismatch T214 => X
Warning: Mismatch L215 => X
Warning: Mismatch R219 => X
Warning: Mismatch L230 => X
Warning: Mismatch E232 => X
Warning: Mismatch S251 => X
Warning: Mismatch Q255 => X
Warning: Mismatch R256 => X
Warning: Mismatch E264 => X
Warning: Mismatch R273 => X
Warning: Mismatch Q4 => X
Warning: Mismatch S8 => X
Warning: Mismatch S2 => X
Warning: Mismatch M12 => X
Warning: Mismatch E19 => X
Warning: Mismatch R21 => X
Warning: Mismatch I23 => X
Warning: Mismatch T31 => X
Warning: Mismatch V34 => X
Warning: Mismatch E46 => X
Warning: Mismatch D61 => X
Warning: Mismatch R62 => X
Warning: Mismatch N70 => X
Warning: Mismatch Q72 => X
Warning: Mismatch E76 => X
Warning: Mismatch R79 => X
Warning: Mismatch S88 => X
Warning: Mismatch E89 => X
Warning: Mismatch S92 => X
Warning: Mismatch R97 => X
Warning: Mismatch M98 => X
Warning: Mismatch L110 => X
Warning: Mismatch D114 => X
Warning: Mismatch S131 => X
Warning: Mismatch R156 => X
Warning: Mismatch E166 => X
Warning: Mismatch R169 => X
Warning: Mismatch R170 => X
Warning: Mismatch K186 => X
Warning: Mismatch H197 => X
Warning: Mismatch T200 => X
Warning: Mismatch C203 => X
Warning: Mismatch T214 => X
Warning: Mismatch L215 => X
Warning: Mismatch R219 => X
Warning: Mismatch L230 => X
Warning: Mismatch E232 => X
Warning: Mismatch S251 => X
Warning: Mismatch Q255 => X
Warning: Mismatch R256 => X
Warning: Mismatch E264 => X
Warning: Mismatch R273 => X
Warning: Mismatch Q4 => X
Warning: Mismatch S8 => X
Warning: Mismatch S2 => X
Warning: Mismatch M12 => X
Warning: Mismatch E19 => X
Warning: Mismatch R21 => X
Warning: Mismatch I23 => X
Warning: Mismatch T31 => X
Warning: Mismatch V34 => X
Warning: Mismatch E46 => X
Warning: Mismatch D61 => X
Warning: Mismatch R62 => X
Warning: Mismatch N70 => X
Warning: Mismatch Q72 => X
Warning: Mismatch E76 => X
Warning: Mismatch R79 => X
Warning: Mismatch S88 => X
Warning: Mismatch E89 => X
Warning: Mismatch S92 => X
Warning: Mismatch R97 => X
Warning: Mismatch M98 => X
Warning: Mismatch L110 => X
Warning: Mismatch D114 => X
Warning: Mismatch S131 => X
Warning: Mismatch R156 => X
Warning: Mismatch E166 => X
Warning: Mismatch R169 => X
Warning: Mismatch R170 => X
Warning: Mismatch K186 => X
Warning: Mismatch H197 => X
Warning: Mismatch T200 => X
Warning: Mismatch C203 => X
Warning: Mismatch T214 => X
Warning: Mismatch L215 => X
Warning: Mismatch R219 => X
Warning: Mismatch L230 => X
Warning: Mismatch E232 => X
Warning: Mismatch S251 => X
Warning: Mismatch Q255 => X
Warning: Mismatch R256 => X
Warning: Mismatch E264 => X
Warning: Mismatch R273 => X
Warning: Mismatch Q4 => X
Warning: Mismatch S8 => X
Warning: Mismatch S2 => X
Warning: Mismatch M12 => X
Warning: Mismatch E19 => X
Warning: Mismatch R21 => X
Warning: Mismatch I23 => X
Warning: Mismatch T31 => X
Warning: Mismatch V34 => X
Warning: Mismatch E46 => X
Warning: Mismatch D61 => X
Warning: Mismatch R62 => X
Warning: Mismatch N70 => X
Warning: Mismatch Q72 => X
Warning: Mismatch E76 => X
Warning: Mismatch R79 => X
Warning: Mismatch S88 => X
Warning: Mismatch E89 => X
Warning: Mismatch S92 => X
Warning: Mismatch R97 => X
Warning: Mismatch M98 => X
Warning: Mismatch L110 => X
Warning: Mismatch D114 => X
Warning: Mismatch S131 => X
Warning: Mismatch R156 => X
Warning: Mismatch E166 => X
Warning: Mismatch R169 => X
Warning: Mismatch R170 => X
Warning: Mismatch K186 => X
Warning: Mismatch H197 => X
Warning: Mismatch T200 => X
Warning: Mismatch C203 => X
Warning: Mismatch T214 => X
Warning: Mismatch L215 => X
Warning: Mismatch R219 => X
Warning: Mismatch L230 => X
Warning: Mismatch E232 => X
Warning: Mismatch S251 => X
Warning: Mismatch Q255 => X
Warning: Mismatch R256 => X
Warning: Mismatch E264 => X
Warning: Mismatch R273 => X
Warning: Mismatch Q4 => X
Warning: Mismatch S8 => X
Warning: Mismatch S2 => X
Warning: Mismatch M12 => X
Warning: Mismatch E19 => X
Warning: Mismatch R21 => X
Warning: Mismatch I23 => X
Warning: Mismatch T31 => X
Warning: Mismatch V34 => X
Warning: Mismatch E46 => X
Warning: Mismatch D61 => X
Warning: Mismatch R62 => X
Warning: Mismatch N70 => X
Warning: Mismatch Q72 => X
Warning: Mismatch E76 => X
Warning: Mismatch R79 => X
Warning: Mismatch S88 => X
Warning: Mismatch E89 => X
Warning: Mismatch S92 => X
Warning: Mismatch R97 => X
Warning: Mismatch M98 => X
Warning: Mismatch L110 => X
Warning: Mismatch D114 => X
Warning: Mismatch S131 => X
Warning: Mismatch R156 => X
Warning: Mismatch E166 => X
Warning: Mismatch R169 => X
Warning: Mismatch R170 => X
Warning: Mismatch K186 => X
Warning: Mismatch H197 => X
Warning: Mismatch T200 => X
Warning: Mismatch C203 => X
Warning: Mismatch T214 => X
Warning: Mismatch L215 => X
Warning: Mismatch R219 => X
Warning: Mismatch L230 => X
Warning: Mismatch E232 => X
Warning: Mismatch S251 => X
Warning: Mismatch Q255 => X
Warning: Mismatch R256 => X
Warning: Mismatch E264 => X
Warning: Mismatch R273 => X
Warning: Mismatch Q4 => X
Warning: Mismatch S8 => X
Warning: Mismatch S2 => X
Warning: Mismatch M12 => X
Warning: Mismatch E19 => X
Warning: Mismatch R21 => X
Warning: Mismatch I23 => X
Warning: Mismatch T31 => X
Warning: Mismatch V34 => X
Warning: Mismatch E46 => X
Warning: Mismatch D61 => X
Warning: Mismatch R62 => X
Warning: Mismatch N70 => X
Warning: Mismatch Q72 => X
Warning: Mismatch E76 => X
Warning: Mismatch R79 => X
Warning: Mismatch S88 => X
Warning: Mismatch E89 => X
Warning: Mismatch S92 => X
Warning: Mismatch R97 => X
Warning: Mismatch M98 => X
Warning: Mismatch L110 => X
Warning: Mismatch D114 => X
Warning: Mismatch S131 => X
Warning: Mismatch R156 => X
Warning: Mismatch E166 => X
Warning: Mismatch R169 => X
Warning: Mismatch R170 => X
Warning: Mismatch K186 => X
Warning: Mismatch H197 => X
Warning: Mismatch T200 => X
Warning: Mismatch C203 => X
Warning: Mismatch T214 => X
Warning: Mismatch L215 => X
Warning: Mismatch R219 => X
Warning: Mismatch L230 => X
Warning: Mismatch E232 => X
Warning: Mismatch S251 => X
Warning: Mismatch Q255 => X
Warning: Mismatch R256 => X
Warning: Mismatch E264 => X
Warning: Mismatch R273 => X
Warning: Mismatch Q4 => X
Warning: Mismatch S8 => X
Warning: Mismatch S2 => X
Warning: Mismatch M12 => X
Warning: Mismatch E19 => X
Warning: Mismatch R21 => X
Warning: Mismatch I23 => X
Warning: Mismatch T31 => X
Warning: Mismatch V34 => X
Warning: Mismatch E46 => X
Warning: Mismatch D61 => X
Warning: Mismatch R62 => X
Warning: Mismatch N70 => X
Warning: Mismatch Q72 => X
Warning: Mismatch E76 => X
Warning: Mismatch R79 => X
Warning: Mismatch S88 => X
Warning: Mismatch E89 => X
Warning: Mismatch S92 => X
Warning: Mismatch R97 => X
Warning: Mismatch M98 => X
Warning: Mismatch L110 => X
Warning: Mismatch D114 => X
Warning: Mismatch S131 => X
Warning: Mismatch R156 => X
Warning: Mismatch E166 => X
Warning: Mismatch R169 => X
Warning: Mismatch R170 => X
Warning: Mismatch K186 => X
Warning: Mismatch H197 => X
Warning: Mismatch T200 => X
Warning: Mismatch C203 => X
Warning: Mismatch T214 => X
Warning: Mismatch L215 => X
Warning: Mismatch R219 => X
Warning: Mismatch L230 => X
Warning: Mismatch E232 => X
Warning: Mismatch S251 => X
Warning: Mismatch Q255 => X
Warning: Mismatch R256 => X
Warning: Mismatch E264 => X
Warning: Mismatch R273 => X
Warning: Mismatch Q4 => X
Warning: Mismatch S8 => X
Warning: Mismatch S2 => X
Warning: Mismatch M12 => X
Warning: Mismatch E19 => X
Warning: Mismatch R21 => X
Warning: Mismatch I23 => X
Warning: Mismatch T31 => X
Warning: Mismatch V34 => X
Warning: Mismatch E46 => X
Warning: Mismatch D61 => X
Warning: Mismatch R62 => X
Warning: Mismatch N70 => X
Warning: Mismatch Q72 => X
Warning: Mismatch E76 => X
Warning: Mismatch R79 => X
Warning: Mismatch S88 => X
Warning: Mismatch E89 => X
Warning: Mismatch S92 => X
Warning: Mismatch R97 => X
Warning: Mismatch M98 => X
Warning: Mismatch L110 => X
Warning: Mismatch D114 => X
Warning: Mismatch S131 => X
Warning: Mismatch R156 => X
Warning: Mismatch E166 => X
Warning: Mismatch R169 => X
Warning: Mismatch R170 => X
Warning: Mismatch K186 => X
Warning: Mismatch H197 => X
Warning: Mismatch T200 => X
Warning: Mismatch C203 => X
Warning: Mismatch T214 => X
Warning: Mismatch L215 => X
Warning: Mismatch R219 => X
Warning: Mismatch L230 => X
Warning: Mismatch E232 => X
Warning: Mismatch S251 => X
Warning: Mismatch Q255 => X
Warning: Mismatch R256 => X
Warning: Mismatch E264 => X
Warning: Mismatch R273 => X
Warning: Mismatch Q4 => X
Warning: Mismatch S8 => X
Warning: Mismatch S2 => X
Warning: Mismatch M12 => X
Warning: Mismatch E19 => X
Warning: Mismatch R21 => X
Warning: Mismatch I23 => X
Warning: Mismatch T31 => X
Warning: Mismatch V34 => X
Warning: Mismatch E46 => X
Warning: Mismatch D61 => X
Warning: Mismatch R62 => X
Warning: Mismatch N70 => X
Warning: Mismatch Q72 => X
Warning: Mismatch E76 => X
Warning: Mismatch R79 => X
Warning: Mismatch S88 => X
Warning: Mismatch E89 => X
Warning: Mismatch S92 => X
Warning: Mismatch R97 => X
Warning: Mismatch M98 => X
Warning: Mismatch L110 => X
Warning: Mismatch D114 => X
Warning: Mismatch S131 => X
Warning: Mismatch R156 => X
Warning: Mismatch E166 => X
Warning: Mismatch R169 => X
Warning: Mismatch R170 => X
Warning: Mismatch K186 => X
Warning: Mismatch H197 => X
Warning: Mismatch T200 => X
Warning: Mismatch C203 => X
Warning: Mismatch T214 => X
Warning: Mismatch L215 => X
Warning: Mismatch R219 => X
Warning: Mismatch L230 => X
Warning: Mismatch E232 => X
Warning: Mismatch S251 => X
Warning: Mismatch Q255 => X
Warning: Mismatch R256 => X
Warning: Mismatch E264 => X
Warning: Mismatch R273 => X
Warning: Mismatch Q4 => X
Warning: Mismatch S8 => X
Warning: Mismatch S2 => X
Warning: Mismatch M12 => X
Warning: Mismatch E19 => X
Warning: Mismatch R21 => X
Warning: Mismatch I23 => X
Warning: Mismatch T31 => X
Warning: Mismatch V34 => X
Warning: Mismatch E46 => X
Warning: Mismatch D61 => X
Warning: Mismatch R62 => X
Warning: Mismatch N70 => X
Warning: Mismatch Q72 => X
Warning: Mismatch E76 => X
Warning: Mismatch R79 => X
Warning: Mismatch S88 => X
Warning: Mismatch E89 => X
Warning: Mismatch S92 => X
Warning: Mismatch R97 => X
Warning: Mismatch M98 => X
Warning: Mismatch L110 => X
Warning: Mismatch D114 => X
Warning: Mismatch S131 => X
Warning: Mismatch R156 => X
Warning: Mismatch E166 => X
Warning: Mismatch R169 => X
Warning: Mismatch R170 => X
Warning: Mismatch K186 => X
Warning: Mismatch H197 => X
Warning: Mismatch T200 => X
Warning: Mismatch C203 => X
Warning: Mismatch T214 => X
Warning: Mismatch L215 => X
Warning: Mismatch R219 => X
Warning: Mismatch L230 => X
Warning: Mismatch E232 => X
Warning: Mismatch S251 => X
Warning: Mismatch Q255 => X
Warning: Mismatch R256 => X
Warning: Mismatch E264 => X
Warning: Mismatch R273 => X
Warning: Mismatch Q4 => X
Warning: Mismatch S8 => X
Warning: Mismatch S2 => X
Warning: Mismatch M12 => X
Warning: Mismatch E19 => X
Warning: Mismatch R21 => X
Warning: Mismatch I23 => X
Warning: Mismatch T31 => X
Warning: Mismatch V34 => X
Warning: Mismatch E46 => X
Warning: Mismatch D61 => X
Warning: Mismatch R62 => X
Warning: Mismatch N70 => X
Warning: Mismatch Q72 => X
Warning: Mismatch E76 => X
Warning: Mismatch R79 => X
Warning: Mismatch S88 => X
Warning: Mismatch E89 => X
Warning: Mismatch S92 => X
Warning: Mismatch R97 => X
Warning: Mismatch M98 => X
Warning: Mismatch L110 => X
Warning: Mismatch D114 => X
Warning: Mismatch S131 => X
Warning: Mismatch R156 => X
Warning: Mismatch E166 => X
Warning: Mismatch R169 => X
Warning: Mismatch R170 => X
Warning: Mismatch K186 => X
Warning: Mismatch H197 => X
Warning: Mismatch T200 => X
Warning: Mismatch C203 => X
Warning: Mismatch T214 => X
Warning: Mismatch L215 => X
Warning: Mismatch R219 => X
Warning: Mismatch L230 => X
Warning: Mismatch E232 => X
Warning: Mismatch S251 => X
Warning: Mismatch Q255 => X
Warning: Mismatch R256 => X
Warning: Mismatch E264 => X
Warning: Mismatch R273 => X
Warning: Mismatch Q4 => X
Warning: Mismatch S8 => X
Warning: Mismatch S2 => X
Warning: Mismatch M12 => X
Warning: Mismatch E19 => X
Warning: Mismatch R21 => X
Warning: Mismatch I23 => X
Warning: Mismatch T31 => X
Warning: Mismatch V34 => X
Warning: Mismatch E46 => X
Warning: Mismatch D61 => X
Warning: Mismatch R62 => X
Warning: Mismatch N70 => X
Warning: Mismatch Q72 => X
Warning: Mismatch E76 => X
Warning: Mismatch R79 => X
Warning: Mismatch S88 => X
Warning: Mismatch E89 => X
Warning: Mismatch S92 => X
Warning: Mismatch R97 => X
Warning: Mismatch M98 => X
Warning: Mismatch L110 => X
Warning: Mismatch D114 => X
Warning: Mismatch S131 => X
Warning: Mismatch R156 => X
Warning: Mismatch E166 => X
Warning: Mismatch R169 => X
Warning: Mismatch R170 => X
Warning: Mismatch K186 => X
Warning: Mismatch H197 => X
Warning: Mismatch T200 => X
Warning: Mismatch C203 => X
Warning: Mismatch T214 => X
Warning: Mismatch L215 => X
Warning: Mismatch R219 => X
Warning: Mismatch L230 => X
Warning: Mismatch E232 => X
Warning: Mismatch S251 => X
Warning: Mismatch Q255 => X
Warning: Mismatch R256 => X
Warning: Mismatch E264 => X
Warning: Mismatch R273 => X
Warning: Mismatch Q4 => X
Warning: Mismatch S8 => X
Warning: Mismatch S2 => X
Warning: Mismatch M12 => X
Warning: Mismatch E19 => X
Warning: Mismatch R21 => X
Warning: Mismatch I23 => X
Warning: Mismatch T31 => X
Warning: Mismatch V34 => X
Warning: Mismatch E46 => X
Warning: Mismatch D61 => X
Warning: Mismatch R62 => X
Warning: Mismatch N70 => X
Warning: Mismatch Q72 => X
Warning: Mismatch E76 => X
Warning: Mismatch R79 => X
Warning: Mismatch S88 => X
Warning: Mismatch E89 => X
Warning: Mismatch S92 => X
Warning: Mismatch R97 => X
Warning: Mismatch M98 => X
Warning: Mismatch L110 => X
Warning: Mismatch D114 => X
Warning: Mismatch S131 => X
Warning: Mismatch R156 => X
Warning: Mismatch E166 => X
Warning: Mismatch R169 => X
Warning: Mismatch R170 => X
Warning: Mismatch K186 => X
Warning: Mismatch H197 => X
Warning: Mismatch T200 => X
Warning: Mismatch C203 => X
Warning: Mismatch T214 => X
Warning: Mismatch L215 => X
Warning: Mismatch R219 => X
Warning: Mismatch L230 => X
Warning: Mismatch E232 => X
Warning: Mismatch S251 => X
Warning: Mismatch Q255 => X
Warning: Mismatch R256 => X
Warning: Mismatch E264 => X
Warning: Mismatch R273 => X
Warning: Mismatch Q4 => X
Warning: Mismatch S8 => X
Warning: Mismatch S2 => X
Warning: Mismatch M12 => X
Warning: Mismatch E19 => X
Warning: Mismatch R21 => X
Warning: Mismatch I23 => X
Warning: Mismatch T31 => X
Warning: Mismatch V34 => X
Warning: Mismatch E46 => X
Warning: Mismatch D61 => X
Warning: Mismatch R62 => X
Warning: Mismatch N70 => X
Warning: Mismatch Q72 => X
Warning: Mismatch E76 => X
Warning: Mismatch R79 => X
Warning: Mismatch S88 => X
Warning: Mismatch E89 => X
Warning: Mismatch S92 => X
Warning: Mismatch R97 => X
Warning: Mismatch M98 => X
Warning: Mismatch L110 => X
Warning: Mismatch D114 => X
Warning: Mismatch S131 => X
Warning: Mismatch R156 => X
Warning: Mismatch E166 => X
Warning: Mismatch R169 => X
Warning: Mismatch R170 => X
Warning: Mismatch K186 => X
Warning: Mismatch H197 => X
Warning: Mismatch T200 => X
Warning: Mismatch C203 => X
Warning: Mismatch T214 => X
Warning: Mismatch L215 => X
Warning: Mismatch R219 => X
Warning: Mismatch L230 => X
Warning: Mismatch E232 => X
Warning: Mismatch S251 => X
Warning: Mismatch Q255 => X
Warning: Mismatch R256 => X
Warning: Mismatch E264 => X
Warning: Mismatch R273 => X
Warning: Mismatch Q4 => X
Warning: Mismatch S8 => X
Warning: Mismatch S2 => X
Warning: Mismatch M12 => X
Warning: Mismatch E19 => X
Warning: Mismatch R21 => X
Warning: Mismatch I23 => X
Warning: Mismatch T31 => X
Warning: Mismatch V34 => X
Warning: Mismatch E46 => X
Warning: Mismatch D61 => X
Warning: Mismatch R62 => X
Warning: Mismatch N70 => X
Warning: Mismatch Q72 => X
Warning: Mismatch E76 => X
Warning: Mismatch R79 => X
Warning: Mismatch S88 => X
Warning: Mismatch E89 => X
Warning: Mismatch S92 => X
Warning: Mismatch R97 => X
Warning: Mismatch M98 => X
Warning: Mismatch L110 => X
Warning: Mismatch D114 => X
Warning: Mismatch S131 => X
Warning: Mismatch R156 => X
Warning: Mismatch E166 => X
Warning: Mismatch R169 => X
Warning: Mismatch R170 => X
Warning: Mismatch K186 => X
Warning: Mismatch H197 => X
Warning: Mismatch T200 => X
Warning: Mismatch C203 => X
Warning: Mismatch T214 => X
Warning: Mismatch L215 => X
Warning: Mismatch R219 => X
Warning: Mismatch L230 => X
Warning: Mismatch E232 => X
Warning: Mismatch S251 => X
Warning: Mismatch Q255 => X
Warning: Mismatch R256 => X
Warning: Mismatch E264 => X
Warning: Mismatch R273 => X
Warning: Mismatch Q4 => X
Warning: Mismatch S8 => X
Warning: Mismatch S2 => X
Warning: Mismatch M12 => X
Warning: Mismatch E19 => X
Warning: Mismatch R21 => X
Warning: Mismatch I23 => X
Warning: Mismatch T31 => X
Warning: Mismatch V34 => X
Warning: Mismatch E46 => X
Warning: Mismatch D61 => X
Warning: Mismatch R62 => X
Warning: Mismatch N70 => X
Warning: Mismatch Q72 => X
Warning: Mismatch E76 => X
Warning: Mismatch R79 => X
Warning: Mismatch S88 => X
Warning: Mismatch E89 => X
Warning: Mismatch S92 => X
Warning: Mismatch R97 => X
Warning: Mismatch M98 => X
Warning: Mismatch L110 => X
Warning: Mismatch D114 => X
Warning: Mismatch S131 => X
Warning: Mismatch R156 => X
Warning: Mismatch E166 => X
Warning: Mismatch R169 => X
Warning: Mismatch R170 => X
Warning: Mismatch K186 => X
Warning: Mismatch H197 => X
Warning: Mismatch T200 => X
Warning: Mismatch C203 => X
Warning: Mismatch T214 => X
Warning: Mismatch L215 => X
Warning: Mismatch R219 => X
Warning: Mismatch L230 => X
Warning: Mismatch E232 => X
Warning: Mismatch S251 => X
Warning: Mismatch Q255 => X
Warning: Mismatch R256 => X
Warning: Mismatch E264 => X
Warning: Mismatch R273 => X
Warning: Mismatch Q4 => X
Warning: Mismatch S8 => X
Warning: Mismatch S2 => X
Warning: Mismatch M12 => X
Warning: Mismatch E19 => X
Warning: Mismatch R21 => X
Warning: Mismatch I23 => X
Warning: Mismatch T31 => X
Warning: Mismatch V34 => X
Warning: Mismatch E46 => X
Warning: Mismatch D61 => X
Warning: Mismatch R62 => X
Warning: Mismatch N70 => X
Warning: Mismatch Q72 => X
Warning: Mismatch E76 => X
Warning: Mismatch R79 => X
Warning: Mismatch S88 => X
Warning: Mismatch E89 => X
Warning: Mismatch S92 => X
Warning: Mismatch R97 => X
Warning: Mismatch M98 => X
Warning: Mismatch L110 => X
Warning: Mismatch D114 => X
Warning: Mismatch S131 => X
Warning: Mismatch R156 => X
Warning: Mismatch E166 => X
Warning: Mismatch R169 => X
Warning: Mismatch R170 => X
Warning: Mismatch K186 => X
Warning: Mismatch H197 => X
Warning: Mismatch T200 => X
Warning: Mismatch C203 => X
Warning: Mismatch T214 => X
Warning: Mismatch L215 => X
Warning: Mismatch R219 => X
Warning: Mismatch L230 => X
Warning: Mismatch E232 => X
Warning: Mismatch S251 => X
Warning: Mismatch Q255 => X
Warning: Mismatch R256 => X
Warning: Mismatch E264 => X
Warning: Mismatch R273 => X
Warning: Mismatch Q4 => X
Warning: Mismatch S8 => X
Warning: Mismatch S2 => X
Warning: Mismatch M12 => X
Warning: Mismatch E19 => X
Warning: Mismatch R21 => X
Warning: Mismatch I23 => X
Warning: Mismatch T31 => X
Warning: Mismatch V34 => X
Warning: Mismatch E46 => X
Warning: Mismatch D61 => X
Warning: Mismatch R62 => X
Warning: Mismatch N70 => X
Warning: Mismatch Q72 => X
Warning: Mismatch E76 => X
Warning: Mismatch R79 => X
Warning: Mismatch S88 => X
Warning: Mismatch E89 => X
Warning: Mismatch S92 => X
Warning: Mismatch R97 => X
Warning: Mismatch M98 => X
Warning: Mismatch L110 => X
Warning: Mismatch D114 => X
Warning: Mismatch S131 => X
Warning: Mismatch R156 => X
Warning: Mismatch E166 => X
Warning: Mismatch R169 => X
Warning: Mismatch R170 => X
Warning: Mismatch K186 => X
Warning: Mismatch H197 => X
Warning: Mismatch T200 => X
Warning: Mismatch C203 => X
Warning: Mismatch T214 => X
Warning: Mismatch L215 => X
Warning: Mismatch R219 => X
Warning: Mismatch L230 => X
Warning: Mismatch E232 => X
Warning: Mismatch S251 => X
Warning: Mismatch Q255 => X
Warning: Mismatch R256 => X
Warning: Mismatch E264 => X
Warning: Mismatch R273 => X
Warning: Mismatch Q4 => X
Warning: Mismatch S8 => X
*********************
Warning: Mismatch X12 => M
Warning: Mismatch X15 => P
Warning: Mismatch X21 => R
Warning: Mismatch X34 => V
Warning: Mismatch X42 => S
Warning: Mismatch X44 => R
Warning: Mismatch X46 => E
Warning: Mismatch X53 => E
Warning: Mismatch X68 => K
Warning: Mismatch X82 => R
Warning: Mismatch X88 => S
Warning: Mismatch X92 => S
Warning: Mismatch X97 => R
Warning: Mismatch X98 => M
Warning: Mismatch X101 => C
Warning: Mismatch X106 => D
Warning: Mismatch X114 => D
Warning: Mismatch X115 => Q
Warning: Mismatch X116 => S
Warning: Mismatch X122 => D
Warning: Mismatch X131 => S
Warning: Mismatch X141 => Q
Warning: Mismatch X145 => R
Warning: Mismatch X146 => K
Warning: Mismatch X155 => Q
Warning: Mismatch X156 => R
Warning: Mismatch X169 => R
Warning: Mismatch X170 => R
Warning: Mismatch X180 => Q
Warning: Mismatch X197 => H
Warning: Mismatch X203 => C
Warning: Mismatch X212 => E
Warning: Mismatch X214 => T
Warning: Mismatch X215 => L
Warning: Mismatch X216 => T
Warning: Mismatch X230 => L
Warning: Mismatch X232 => E
Warning: Mismatch X247 => V
Warning: Mismatch X251 => S
Warning: Mismatch X259 => C
Warning: Mismatch X273 => R
Warning: Mismatch X274 => W
Warning: Mismatch X279 => T
Warning: Mismatch X280 => K
Warning: Mismatch X281 => D
Warning: Mismatch X282 => V
Warning: Mismatch M12 => X
Warning: Mismatch P15 => X
Warning: Mismatch R21 => X
Warning: Mismatch V34 => X
Warning: Mismatch S42 => X
Warning: Mismatch R44 => X
Warning: Mismatch E46 => X
Warning: Mismatch E53 => X
Warning: Mismatch K68 => X
Warning: Mismatch R82 => X
Warning: Mismatch S88 => X
Warning: Mismatch S92 => X
Warning: Mismatch R97 => X
Warning: Mismatch M98 => X
Warning: Mismatch C101 => X
Warning: Mismatch D106 => X
Warning: Mismatch D114 => X
Warning: Mismatch Q115 => X
Warning: Mismatch S116 => X
Warning: Mismatch D122 => X
Warning: Mismatch S131 => X
Warning: Mismatch Q141 => X
Warning: Mismatch R145 => X
Warning: Mismatch K146 => X
Warning: Mismatch Q155 => X
Warning: Mismatch R156 => X
Warning: Mismatch R169 => X
Warning: Mismatch R170 => X
Warning: Mismatch Q180 => X
Warning: Mismatch H197 => X
Warning: Mismatch C203 => X
Warning: Mismatch E212 => X
Warning: Mismatch T214 => X
Warning: Mismatch L215 => X
Warning: Mismatch T216 => X
Warning: Mismatch L230 => X
Warning: Mismatch E232 => X
Warning: Mismatch V247 => X
Warning: Mismatch S251 => X
Warning: Mismatch C259 => X
Warning: Mismatch R273 => X
Warning: Mismatch W274 => X
Warning: Mismatch T3 => X
Warning: Mismatch K4 => X
Warning: Mismatch D5 => X
Warning: Mismatch V6 => X
Warning: Mismatch M12 => X
Warning: Mismatch P15 => X
Warning: Mismatch R21 => X
Warning: Mismatch V34 => X
Warning: Mismatch S42 => X
Warning: Mismatch R44 => X
Warning: Mismatch E46 => X
Warning: Mismatch E53 => X
Warning: Mismatch K68 => X
Warning: Mismatch R82 => X
Warning: Mismatch S88 => X
Warning: Mismatch S92 => X
Warning: Mismatch R97 => X
Warning: Mismatch M98 => X
Warning: Mismatch C101 => X
Warning: Mismatch D106 => X
Warning: Mismatch D114 => X
Warning: Mismatch Q115 => X
Warning: Mismatch S116 => X
Warning: Mismatch D122 => X
Warning: Mismatch S131 => X
Warning: Mismatch Q141 => X
Warning: Mismatch R145 => X
Warning: Mismatch K146 => X
Warning: Mismatch Q155 => X
Warning: Mismatch R156 => X
Warning: Mismatch R169 => X
Warning: Mismatch R170 => X
Warning: Mismatch Q180 => X
Warning: Mismatch H197 => X
Warning: Mismatch C203 => X
Warning: Mismatch E212 => X
Warning: Mismatch T214 => X
Warning: Mismatch L215 => X
Warning: Mismatch T216 => X
Warning: Mismatch L230 => X
Warning: Mismatch E232 => X
Warning: Mismatch V247 => X
Warning: Mismatch S251 => X
Warning: Mismatch C259 => X
Warning: Mismatch R273 => X
Warning: Mismatch W274 => X
Warning: Mismatch T3 => X
Warning: Mismatch K4 => X
Warning: Mismatch D5 => X
Warning: Mismatch V6 => X
Warning: Mismatch M12 => X
Warning: Mismatch P15 => X
Warning: Mismatch R21 => X
Warning: Mismatch V34 => X
Warning: Mismatch S42 => X
Warning: Mismatch R44 => X
Warning: Mismatch E46 => X
Warning: Mismatch E53 => X
Warning: Mismatch K68 => X
Warning: Mismatch R82 => X
Warning: Mismatch S88 => X
Warning: Mismatch S92 => X
Warning: Mismatch R97 => X
Warning: Mismatch M98 => X
Warning: Mismatch C101 => X
Warning: Mismatch D106 => X
Warning: Mismatch D114 => X
Warning: Mismatch Q115 => X
Warning: Mismatch S116 => X
Warning: Mismatch D122 => X
Warning: Mismatch S131 => X
Warning: Mismatch Q141 => X
Warning: Mismatch R145 => X
Warning: Mismatch K146 => X
Warning: Mismatch Q155 => X
Warning: Mismatch R156 => X
Warning: Mismatch R169 => X
Warning: Mismatch R170 => X
Warning: Mismatch Q180 => X
Warning: Mismatch H197 => X
Warning: Mismatch C203 => X
Warning: Mismatch E212 => X
Warning: Mismatch T214 => X
Warning: Mismatch L215 => X
Warning: Mismatch T216 => X
Warning: Mismatch L230 => X
Warning: Mismatch E232 => X
Warning: Mismatch V247 => X
Warning: Mismatch S251 => X
Warning: Mismatch C259 => X
Warning: Mismatch R273 => X
Warning: Mismatch W274 => X
Warning: Mismatch T3 => X
Warning: Mismatch K4 => X
Warning: Mismatch D5 => X
Warning: Mismatch V6 => X
Warning: Mismatch M12 => X
Warning: Mismatch P15 => X
Warning: Mismatch R21 => X
Warning: Mismatch V34 => X
Warning: Mismatch S42 => X
Warning: Mismatch R44 => X
Warning: Mismatch E46 => X
Warning: Mismatch E53 => X
Warning: Mismatch K68 => X
Warning: Mismatch R82 => X
Warning: Mismatch S88 => X
Warning: Mismatch S92 => X
Warning: Mismatch R97 => X
Warning: Mismatch M98 => X
Warning: Mismatch C101 => X
Warning: Mismatch D106 => X
Warning: Mismatch D114 => X
Warning: Mismatch Q115 => X
Warning: Mismatch S116 => X
Warning: Mismatch D122 => X
Warning: Mismatch S131 => X
Warning: Mismatch Q141 => X
Warning: Mismatch R145 => X
Warning: Mismatch K146 => X
Warning: Mismatch Q155 => X
Warning: Mismatch R156 => X
Warning: Mismatch R169 => X
Warning: Mismatch R170 => X
Warning: Mismatch Q180 => X
Warning: Mismatch H197 => X
Warning: Mismatch C203 => X
Warning: Mismatch E212 => X
Warning: Mismatch T214 => X
Warning: Mismatch L215 => X
Warning: Mismatch T216 => X
Warning: Mismatch L230 => X
Warning: Mismatch E232 => X
Warning: Mismatch V247 => X
Warning: Mismatch S251 => X
Warning: Mismatch C259 => X
Warning: Mismatch R273 => X
Warning: Mismatch W274 => X
Warning: Mismatch T3 => X
Warning: Mismatch K4 => X
Warning: Mismatch D5 => X
Warning: Mismatch V6 => X
Warning: Mismatch M12 => X
Warning: Mismatch P15 => X
Warning: Mismatch R21 => X
Warning: Mismatch V34 => X
Warning: Mismatch S42 => X
Warning: Mismatch R44 => X
Warning: Mismatch E46 => X
Warning: Mismatch E53 => X
Warning: Mismatch K68 => X
Warning: Mismatch R82 => X
Warning: Mismatch S88 => X
Warning: Mismatch S92 => X
Warning: Mismatch R97 => X
Warning: Mismatch M98 => X
Warning: Mismatch C101 => X
Warning: Mismatch D106 => X
Warning: Mismatch D114 => X
Warning: Mismatch Q115 => X
Warning: Mismatch S116 => X
Warning: Mismatch D122 => X
Warning: Mismatch S131 => X
Warning: Mismatch Q141 => X
Warning: Mismatch R145 => X
Warning: Mismatch K146 => X
Warning: Mismatch Q155 => X
Warning: Mismatch R156 => X
Warning: Mismatch R169 => X
Warning: Mismatch R170 => X
Warning: Mismatch Q180 => X
Warning: Mismatch H197 => X
Warning: Mismatch C203 => X
Warning: Mismatch E212 => X
Warning: Mismatch T214 => X
Warning: Mismatch L215 => X
Warning: Mismatch T216 => X
Warning: Mismatch L230 => X
Warning: Mismatch E232 => X
Warning: Mismatch V247 => X
Warning: Mismatch S251 => X
Warning: Mismatch C259 => X
Warning: Mismatch R273 => X
Warning: Mismatch W274 => X
Warning: Mismatch T3 => X
Warning: Mismatch K4 => X
Warning: Mismatch D5 => X
Warning: Mismatch V6 => X
Warning: Mismatch M12 => X
Warning: Mismatch P15 => X
Warning: Mismatch R21 => X
Warning: Mismatch V34 => X
Warning: Mismatch S42 => X
Warning: Mismatch R44 => X
Warning: Mismatch E46 => X
Warning: Mismatch E53 => X
Warning: Mismatch K68 => X
Warning: Mismatch R82 => X
Warning: Mismatch S88 => X
Warning: Mismatch S92 => X
Warning: Mismatch R97 => X
Warning: Mismatch M98 => X
Warning: Mismatch C101 => X
Warning: Mismatch D106 => X
Warning: Mismatch D114 => X
Warning: Mismatch Q115 => X
Warning: Mismatch S116 => X
Warning: Mismatch D122 => X
Warning: Mismatch S131 => X
Warning: Mismatch Q141 => X
Warning: Mismatch R145 => X
Warning: Mismatch K146 => X
Warning: Mismatch Q155 => X
Warning: Mismatch R156 => X
Warning: Mismatch R169 => X
Warning: Mismatch R170 => X
Warning: Mismatch Q180 => X
Warning: Mismatch H197 => X
Warning: Mismatch C203 => X
Warning: Mismatch E212 => X
Warning: Mismatch T214 => X
Warning: Mismatch L215 => X
Warning: Mismatch T216 => X
Warning: Mismatch L230 => X
Warning: Mismatch E232 => X
Warning: Mismatch V247 => X
Warning: Mismatch S251 => X
Warning: Mismatch C259 => X
Warning: Mismatch R273 => X
Warning: Mismatch W274 => X
Warning: Mismatch T3 => X
Warning: Mismatch K4 => X
Warning: Mismatch D5 => X
Warning: Mismatch V6 => X
Warning: Mismatch M12 => X
Warning: Mismatch P15 => X
Warning: Mismatch R21 => X
Warning: Mismatch V34 => X
Warning: Mismatch S42 => X
Warning: Mismatch R44 => X
Warning: Mismatch E46 => X
Warning: Mismatch E53 => X
Warning: Mismatch K68 => X
Warning: Mismatch R82 => X
Warning: Mismatch S88 => X
Warning: Mismatch S92 => X
Warning: Mismatch R97 => X
Warning: Mismatch M98 => X
Warning: Mismatch C101 => X
Warning: Mismatch D106 => X
Warning: Mismatch D114 => X
Warning: Mismatch Q115 => X
Warning: Mismatch S116 => X
Warning: Mismatch D122 => X
Warning: Mismatch S131 => X
Warning: Mismatch Q141 => X
Warning: Mismatch R145 => X
Warning: Mismatch K146 => X
Warning: Mismatch Q155 => X
Warning: Mismatch R156 => X
Warning: Mismatch R169 => X
Warning: Mismatch R170 => X
Warning: Mismatch Q180 => X
Warning: Mismatch H197 => X
Warning: Mismatch C203 => X
Warning: Mismatch E212 => X
Warning: Mismatch T214 => X
Warning: Mismatch L215 => X
Warning: Mismatch T216 => X
Warning: Mismatch L230 => X
Warning: Mismatch E232 => X
Warning: Mismatch V247 => X
Warning: Mismatch S251 => X
Warning: Mismatch C259 => X
Warning: Mismatch R273 => X
Warning: Mismatch W274 => X
Warning: Mismatch T3 => X
Warning: Mismatch K4 => X
Warning: Mismatch D5 => X
Warning: Mismatch V6 => X
Warning: Mismatch M12 => X
Warning: Mismatch P15 => X
Warning: Mismatch R21 => X
Warning: Mismatch V34 => X
Warning: Mismatch S42 => X
Warning: Mismatch R44 => X
Warning: Mismatch E46 => X
Warning: Mismatch E53 => X
Warning: Mismatch K68 => X
Warning: Mismatch R82 => X
Warning: Mismatch S88 => X
Warning: Mismatch S92 => X
Warning: Mismatch R97 => X
Warning: Mismatch M98 => X
Warning: Mismatch C101 => X
Warning: Mismatch D106 => X
Warning: Mismatch D114 => X
Warning: Mismatch Q115 => X
Warning: Mismatch S116 => X
Warning: Mismatch D122 => X
Warning: Mismatch S131 => X
Warning: Mismatch Q141 => X
Warning: Mismatch R145 => X
Warning: Mismatch K146 => X
Warning: Mismatch Q155 => X
Warning: Mismatch R156 => X
Warning: Mismatch R169 => X
Warning: Mismatch R170 => X
Warning: Mismatch Q180 => X
Warning: Mismatch H197 => X
Warning: Mismatch C203 => X
Warning: Mismatch E212 => X
Warning: Mismatch T214 => X
Warning: Mismatch L215 => X
Warning: Mismatch T216 => X
Warning: Mismatch L230 => X
Warning: Mismatch E232 => X
Warning: Mismatch V247 => X
Warning: Mismatch S251 => X
Warning: Mismatch C259 => X
Warning: Mismatch R273 => X
Warning: Mismatch W274 => X
Warning: Mismatch T3 => X
Warning: Mismatch K4 => X
Warning: Mismatch D5 => X
Warning: Mismatch V6 => X
Warning: Mismatch M12 => X
Warning: Mismatch P15 => X
Warning: Mismatch R21 => X
Warning: Mismatch V34 => X
Warning: Mismatch S42 => X
Warning: Mismatch R44 => X
Warning: Mismatch E46 => X
Warning: Mismatch E53 => X
Warning: Mismatch K68 => X
Warning: Mismatch R82 => X
Warning: Mismatch S88 => X
Warning: Mismatch S92 => X
Warning: Mismatch R97 => X
Warning: Mismatch M98 => X
Warning: Mismatch C101 => X
Warning: Mismatch D106 => X
Warning: Mismatch D114 => X
Warning: Mismatch Q115 => X
Warning: Mismatch S116 => X
Warning: Mismatch D122 => X
Warning: Mismatch S131 => X
Warning: Mismatch Q141 => X
Warning: Mismatch R145 => X
Warning: Mismatch K146 => X
Warning: Mismatch Q155 => X
Warning: Mismatch R156 => X
Warning: Mismatch R169 => X
Warning: Mismatch R170 => X
Warning: Mismatch Q180 => X
Warning: Mismatch H197 => X
Warning: Mismatch C203 => X
Warning: Mismatch E212 => X
Warning: Mismatch T214 => X
Warning: Mismatch L215 => X
Warning: Mismatch T216 => X
Warning: Mismatch L230 => X
Warning: Mismatch E232 => X
Warning: Mismatch V247 => X
Warning: Mismatch S251 => X
Warning: Mismatch C259 => X
Warning: Mismatch R273 => X
Warning: Mismatch W274 => X
Warning: Mismatch T3 => X
Warning: Mismatch K4 => X
Warning: Mismatch D5 => X
Warning: Mismatch V6 => X
Warning: Mismatch M12 => X
Warning: Mismatch P15 => X
Warning: Mismatch R21 => X
Warning: Mismatch V34 => X
Warning: Mismatch S42 => X
Warning: Mismatch R44 => X
Warning: Mismatch E46 => X
Warning: Mismatch E53 => X
Warning: Mismatch K68 => X
Warning: Mismatch R82 => X
Warning: Mismatch S88 => X
Warning: Mismatch S92 => X
Warning: Mismatch R97 => X
Warning: Mismatch M98 => X
Warning: Mismatch C101 => X
Warning: Mismatch D106 => X
Warning: Mismatch D114 => X
Warning: Mismatch Q115 => X
Warning: Mismatch S116 => X
Warning: Mismatch D122 => X
Warning: Mismatch S131 => X
Warning: Mismatch Q141 => X
Warning: Mismatch R145 => X
Warning: Mismatch K146 => X
Warning: Mismatch Q155 => X
Warning: Mismatch R156 => X
Warning: Mismatch R169 => X
Warning: Mismatch R170 => X
Warning: Mismatch Q180 => X
Warning: Mismatch H197 => X
Warning: Mismatch C203 => X
Warning: Mismatch E212 => X
Warning: Mismatch T214 => X
Warning: Mismatch L215 => X
Warning: Mismatch T216 => X
Warning: Mismatch L230 => X
Warning: Mismatch E232 => X
Warning: Mismatch V247 => X
Warning: Mismatch S251 => X
Warning: Mismatch C259 => X
Warning: Mismatch R273 => X
Warning: Mismatch W274 => X
Warning: Mismatch T3 => X
Warning: Mismatch K4 => X
Warning: Mismatch D5 => X
Warning: Mismatch V6 => X
Warning: Mismatch M12 => X
Warning: Mismatch P15 => X
Warning: Mismatch R21 => X
Warning: Mismatch V34 => X
Warning: Mismatch S42 => X
Warning: Mismatch R44 => X
Warning: Mismatch E46 => X
Warning: Mismatch E53 => X
Warning: Mismatch K68 => X
Warning: Mismatch R82 => X
Warning: Mismatch S88 => X
Warning: Mismatch S92 => X
Warning: Mismatch R97 => X
Warning: Mismatch M98 => X
Warning: Mismatch C101 => X
Warning: Mismatch D106 => X
Warning: Mismatch D114 => X
Warning: Mismatch Q115 => X
Warning: Mismatch S116 => X
Warning: Mismatch D122 => X
Warning: Mismatch S131 => X
Warning: Mismatch Q141 => X
Warning: Mismatch R145 => X
Warning: Mismatch K146 => X
Warning: Mismatch Q155 => X
Warning: Mismatch R156 => X
Warning: Mismatch R169 => X
Warning: Mismatch R170 => X
Warning: Mismatch Q180 => X
Warning: Mismatch H197 => X
Warning: Mismatch C203 => X
Warning: Mismatch E212 => X
Warning: Mismatch T214 => X
Warning: Mismatch L215 => X
Warning: Mismatch T216 => X
Warning: Mismatch L230 => X
Warning: Mismatch E232 => X
Warning: Mismatch V247 => X
Warning: Mismatch S251 => X
Warning: Mismatch C259 => X
Warning: Mismatch R273 => X
Warning: Mismatch W274 => X
Warning: Mismatch T3 => X
Warning: Mismatch K4 => X
Warning: Mismatch D5 => X
Warning: Mismatch V6 => X
Warning: Mismatch M12 => X
Warning: Mismatch P15 => X
Warning: Mismatch R21 => X
Warning: Mismatch V34 => X
Warning: Mismatch S42 => X
Warning: Mismatch R44 => X
Warning: Mismatch E46 => X
Warning: Mismatch E53 => X
Warning: Mismatch K68 => X
Warning: Mismatch R82 => X
Warning: Mismatch S88 => X
Warning: Mismatch S92 => X
Warning: Mismatch R97 => X
Warning: Mismatch M98 => X
Warning: Mismatch C101 => X
Warning: Mismatch D106 => X
Warning: Mismatch D114 => X
Warning: Mismatch Q115 => X
Warning: Mismatch S116 => X
Warning: Mismatch D122 => X
Warning: Mismatch S131 => X
Warning: Mismatch Q141 => X
Warning: Mismatch R145 => X
Warning: Mismatch K146 => X
Warning: Mismatch Q155 => X
Warning: Mismatch R156 => X
Warning: Mismatch R169 => X
Warning: Mismatch R170 => X
Warning: Mismatch Q180 => X
Warning: Mismatch H197 => X
Warning: Mismatch C203 => X
Warning: Mismatch E212 => X
Warning: Mismatch T214 => X
Warning: Mismatch L215 => X
Warning: Mismatch T216 => X
Warning: Mismatch L230 => X
Warning: Mismatch E232 => X
Warning: Mismatch V247 => X
Warning: Mismatch S251 => X
Warning: Mismatch C259 => X
Warning: Mismatch R273 => X
Warning: Mismatch W274 => X
Warning: Mismatch T3 => X
Warning: Mismatch K4 => X
Warning: Mismatch D5 => X
Warning: Mismatch V6 => X
Warning: Mismatch M12 => X
Warning: Mismatch P15 => X
Warning: Mismatch R21 => X
Warning: Mismatch V34 => X
Warning: Mismatch S42 => X
Warning: Mismatch R44 => X
Warning: Mismatch E46 => X
Warning: Mismatch E53 => X
Warning: Mismatch K68 => X
Warning: Mismatch R82 => X
Warning: Mismatch S88 => X
Warning: Mismatch S92 => X
Warning: Mismatch R97 => X
Warning: Mismatch M98 => X
Warning: Mismatch C101 => X
Warning: Mismatch D106 => X
Warning: Mismatch D114 => X
Warning: Mismatch Q115 => X
Warning: Mismatch S116 => X
Warning: Mismatch D122 => X
Warning: Mismatch S131 => X
Warning: Mismatch Q141 => X
Warning: Mismatch R145 => X
Warning: Mismatch K146 => X
Warning: Mismatch Q155 => X
Warning: Mismatch R156 => X
Warning: Mismatch R169 => X
Warning: Mismatch R170 => X
Warning: Mismatch Q180 => X
Warning: Mismatch H197 => X
Warning: Mismatch C203 => X
Warning: Mismatch E212 => X
Warning: Mismatch T214 => X
Warning: Mismatch L215 => X
Warning: Mismatch T216 => X
Warning: Mismatch L230 => X
Warning: Mismatch E232 => X
Warning: Mismatch V247 => X
Warning: Mismatch S251 => X
Warning: Mismatch C259 => X
Warning: Mismatch R273 => X
Warning: Mismatch W274 => X
Warning: Mismatch T3 => X
Warning: Mismatch K4 => X
Warning: Mismatch D5 => X
Warning: Mismatch V6 => X
Warning: Mismatch M12 => X
Warning: Mismatch P15 => X
Warning: Mismatch R21 => X
Warning: Mismatch V34 => X
Warning: Mismatch S42 => X
Warning: Mismatch R44 => X
Warning: Mismatch E46 => X
Warning: Mismatch E53 => X
Warning: Mismatch K68 => X
Warning: Mismatch R82 => X
Warning: Mismatch S88 => X
Warning: Mismatch S92 => X
Warning: Mismatch R97 => X
Warning: Mismatch M98 => X
Warning: Mismatch C101 => X
Warning: Mismatch D106 => X
Warning: Mismatch D114 => X
Warning: Mismatch Q115 => X
Warning: Mismatch S116 => X
Warning: Mismatch D122 => X
Warning: Mismatch S131 => X
Warning: Mismatch Q141 => X
Warning: Mismatch R145 => X
Warning: Mismatch K146 => X
Warning: Mismatch Q155 => X
Warning: Mismatch R156 => X
Warning: Mismatch R169 => X
Warning: Mismatch R170 => X
Warning: Mismatch Q180 => X
Warning: Mismatch H197 => X
Warning: Mismatch C203 => X
Warning: Mismatch E212 => X
Warning: Mismatch T214 => X
Warning: Mismatch L215 => X
Warning: Mismatch T216 => X
Warning: Mismatch L230 => X
Warning: Mismatch E232 => X
Warning: Mismatch V247 => X
Warning: Mismatch S251 => X
Warning: Mismatch C259 => X
Warning: Mismatch R273 => X
Warning: Mismatch W274 => X
Warning: Mismatch T3 => X
Warning: Mismatch K4 => X
Warning: Mismatch D5 => X
Warning: Mismatch V6 => X
Warning: Mismatch M12 => X
Warning: Mismatch P15 => X
Warning: Mismatch R21 => X
Warning: Mismatch V34 => X
Warning: Mismatch S42 => X
Warning: Mismatch R44 => X
Warning: Mismatch E46 => X
Warning: Mismatch E53 => X
Warning: Mismatch K68 => X
Warning: Mismatch R82 => X
Warning: Mismatch S88 => X
Warning: Mismatch S92 => X
Warning: Mismatch R97 => X
Warning: Mismatch M98 => X
Warning: Mismatch C101 => X
Warning: Mismatch D106 => X
Warning: Mismatch D114 => X
Warning: Mismatch Q115 => X
Warning: Mismatch S116 => X
Warning: Mismatch D122 => X
Warning: Mismatch S131 => X
Warning: Mismatch Q141 => X
Warning: Mismatch R145 => X
Warning: Mismatch K146 => X
Warning: Mismatch Q155 => X
Warning: Mismatch R156 => X
Warning: Mismatch R169 => X
Warning: Mismatch R170 => X
Warning: Mismatch Q180 => X
Warning: Mismatch H197 => X
Warning: Mismatch C203 => X
Warning: Mismatch E212 => X
Warning: Mismatch T214 => X
Warning: Mismatch L215 => X
Warning: Mismatch T216 => X
Warning: Mismatch L230 => X
Warning: Mismatch E232 => X
Warning: Mismatch V247 => X
Warning: Mismatch S251 => X
Warning: Mismatch C259 => X
Warning: Mismatch R273 => X
Warning: Mismatch W274 => X
Warning: Mismatch T3 => X
Warning: Mismatch K4 => X
Warning: Mismatch D5 => X
Warning: Mismatch V6 => X
Warning: Mismatch M12 => X
Warning: Mismatch P15 => X
Warning: Mismatch R21 => X
Warning: Mismatch V34 => X
Warning: Mismatch S42 => X
Warning: Mismatch R44 => X
Warning: Mismatch E46 => X
Warning: Mismatch E53 => X
Warning: Mismatch K68 => X
Warning: Mismatch R82 => X
Warning: Mismatch S88 => X
Warning: Mismatch S92 => X
Warning: Mismatch R97 => X
Warning: Mismatch M98 => X
Warning: Mismatch C101 => X
Warning: Mismatch D106 => X
Warning: Mismatch D114 => X
Warning: Mismatch Q115 => X
Warning: Mismatch S116 => X
Warning: Mismatch D122 => X
Warning: Mismatch S131 => X
Warning: Mismatch Q141 => X
Warning: Mismatch R145 => X
Warning: Mismatch K146 => X
Warning: Mismatch Q155 => X
Warning: Mismatch R156 => X
Warning: Mismatch R169 => X
Warning: Mismatch R170 => X
Warning: Mismatch Q180 => X
Warning: Mismatch H197 => X
Warning: Mismatch C203 => X
Warning: Mismatch E212 => X
Warning: Mismatch T214 => X
Warning: Mismatch L215 => X
Warning: Mismatch T216 => X
Warning: Mismatch L230 => X
Warning: Mismatch E232 => X
Warning: Mismatch V247 => X
Warning: Mismatch S251 => X
Warning: Mismatch C259 => X
Warning: Mismatch R273 => X
Warning: Mismatch W274 => X
Warning: Mismatch T3 => X
Warning: Mismatch K4 => X
Warning: Mismatch D5 => X
Warning: Mismatch V6 => X
Warning: Mismatch M12 => X
Warning: Mismatch P15 => X
Warning: Mismatch R21 => X
Warning: Mismatch V34 => X
Warning: Mismatch S42 => X
Warning: Mismatch R44 => X
Warning: Mismatch E46 => X
Warning: Mismatch E53 => X
Warning: Mismatch K68 => X
Warning: Mismatch R82 => X
Warning: Mismatch S88 => X
Warning: Mismatch S92 => X
Warning: Mismatch R97 => X
Warning: Mismatch M98 => X
Warning: Mismatch C101 => X
Warning: Mismatch D106 => X
Warning: Mismatch D114 => X
Warning: Mismatch Q115 => X
Warning: Mismatch S116 => X
Warning: Mismatch D122 => X
Warning: Mismatch S131 => X
Warning: Mismatch Q141 => X
Warning: Mismatch R145 => X
Warning: Mismatch K146 => X
Warning: Mismatch Q155 => X
Warning: Mismatch R156 => X
Warning: Mismatch R169 => X
Warning: Mismatch R170 => X
Warning: Mismatch Q180 => X
Warning: Mismatch H197 => X
Warning: Mismatch C203 => X
Warning: Mismatch E212 => X
Warning: Mismatch T214 => X
Warning: Mismatch L215 => X
Warning: Mismatch T216 => X
Warning: Mismatch L230 => X
Warning: Mismatch E232 => X
Warning: Mismatch V247 => X
Warning: Mismatch S251 => X
Warning: Mismatch C259 => X
Warning: Mismatch R273 => X
Warning: Mismatch W274 => X
Warning: Mismatch T3 => X
Warning: Mismatch K4 => X
Warning: Mismatch D5 => X
Warning: Mismatch V6 => X
Warning: Mismatch M12 => X
Warning: Mismatch P15 => X
Warning: Mismatch R21 => X
Warning: Mismatch V34 => X
Warning: Mismatch S42 => X
Warning: Mismatch R44 => X
Warning: Mismatch E46 => X
Warning: Mismatch E53 => X
Warning: Mismatch K68 => X
Warning: Mismatch R82 => X
Warning: Mismatch S88 => X
Warning: Mismatch S92 => X
Warning: Mismatch R97 => X
Warning: Mismatch M98 => X
Warning: Mismatch C101 => X
Warning: Mismatch D106 => X
Warning: Mismatch D114 => X
Warning: Mismatch Q115 => X
Warning: Mismatch S116 => X
Warning: Mismatch D122 => X
Warning: Mismatch S131 => X
Warning: Mismatch Q141 => X
Warning: Mismatch R145 => X
Warning: Mismatch K146 => X
Warning: Mismatch Q155 => X
Warning: Mismatch R156 => X
Warning: Mismatch R169 => X
Warning: Mismatch R170 => X
Warning: Mismatch Q180 => X
Warning: Mismatch H197 => X
Warning: Mismatch C203 => X
Warning: Mismatch E212 => X
Warning: Mismatch T214 => X
Warning: Mismatch L215 => X
Warning: Mismatch T216 => X
Warning: Mismatch L230 => X
Warning: Mismatch E232 => X
Warning: Mismatch V247 => X
Warning: Mismatch S251 => X
Warning: Mismatch C259 => X
Warning: Mismatch R273 => X
Warning: Mismatch W274 => X
Warning: Mismatch T3 => X
Warning: Mismatch K4 => X
Warning: Mismatch D5 => X
Warning: Mismatch V6 => X
Warning: Mismatch M12 => X
Warning: Mismatch P15 => X
Warning: Mismatch R21 => X
Warning: Mismatch V34 => X
Warning: Mismatch S42 => X
Warning: Mismatch R44 => X
Warning: Mismatch E46 => X
Warning: Mismatch E53 => X
Warning: Mismatch K68 => X
Warning: Mismatch R82 => X
Warning: Mismatch S88 => X
Warning: Mismatch S92 => X
Warning: Mismatch R97 => X
Warning: Mismatch M98 => X
Warning: Mismatch C101 => X
Warning: Mismatch D106 => X
Warning: Mismatch D114 => X
Warning: Mismatch Q115 => X
Warning: Mismatch S116 => X
Warning: Mismatch D122 => X
Warning: Mismatch S131 => X
Warning: Mismatch Q141 => X
Warning: Mismatch R145 => X
Warning: Mismatch K146 => X
Warning: Mismatch Q155 => X
Warning: Mismatch R156 => X
Warning: Mismatch R169 => X
Warning: Mismatch R170 => X
Warning: Mismatch Q180 => X
Warning: Mismatch H197 => X
Warning: Mismatch C203 => X
Warning: Mismatch E212 => X
Warning: Mismatch T214 => X
Warning: Mismatch L215 => X
Warning: Mismatch T216 => X
Warning: Mismatch L230 => X
Warning: Mismatch E232 => X
Warning: Mismatch V247 => X
Warning: Mismatch S251 => X
Warning: Mismatch C259 => X
Warning: Mismatch R273 => X
Warning: Mismatch W274 => X
Warning: Mismatch T3 => X
Warning: Mismatch K4 => X
Warning: Mismatch D5 => X
Warning: Mismatch V6 => X
Warning: Mismatch M12 => X
Warning: Mismatch P15 => X
Warning: Mismatch R21 => X
Warning: Mismatch V34 => X
Warning: Mismatch S42 => X
Warning: Mismatch R44 => X
Warning: Mismatch E46 => X
Warning: Mismatch E53 => X
Warning: Mismatch K68 => X
Warning: Mismatch R82 => X
Warning: Mismatch S88 => X
Warning: Mismatch S92 => X
Warning: Mismatch R97 => X
Warning: Mismatch M98 => X
Warning: Mismatch C101 => X
Warning: Mismatch D106 => X
Warning: Mismatch D114 => X
Warning: Mismatch Q115 => X
Warning: Mismatch S116 => X
Warning: Mismatch D122 => X
Warning: Mismatch S131 => X
Warning: Mismatch Q141 => X
Warning: Mismatch R145 => X
Warning: Mismatch K146 => X
Warning: Mismatch Q155 => X
Warning: Mismatch R156 => X
Warning: Mismatch R169 => X
Warning: Mismatch R170 => X
Warning: Mismatch Q180 => X
Warning: Mismatch H197 => X
Warning: Mismatch C203 => X
Warning: Mismatch E212 => X
Warning: Mismatch T214 => X
Warning: Mismatch L215 => X
Warning: Mismatch T216 => X
Warning: Mismatch L230 => X
Warning: Mismatch E232 => X
Warning: Mismatch V247 => X
Warning: Mismatch S251 => X
Warning: Mismatch C259 => X
Warning: Mismatch R273 => X
Warning: Mismatch W274 => X
Warning: Mismatch T3 => X
Warning: Mismatch K4 => X
Warning: Mismatch D5 => X
Warning: Mismatch V6 => X
*********************
*********************
Traceback (most recent call last):
  File "cmd_modeller_ini.py", line 20, in <module>
    a.make(exit_stage=2)
  File "/home/dariomarzella/anaconda3/lib/python3.7/site-packages/modeller/automodel/loopmodel.py", line 37, in make
    automodel.make(self, exit_stage)
  File "/home/dariomarzella/anaconda3/lib/python3.7/site-packages/modeller/automodel/automodel.py", line 131, in make
    self.homcsr(exit_stage)
  File "/home/dariomarzella/anaconda3/lib/python3.7/site-packages/modeller/automodel/automodel.py", line 606, in homcsr
    self.check_alignment(aln)
  File "/home/dariomarzella/anaconda3/lib/python3.7/site-packages/modeller/automodel/automodel.py", line 559, in check_alignment
    aln.check()
  File "/home/dariomarzella/anaconda3/lib/python3.7/site-packages/modeller/alignment.py", line 208, in check
    self.check_structure_structure(io=io)
  File "/home/dariomarzella/anaconda3/lib/python3.7/site-packages/modeller/alignment.py", line 217, in check_structure_structure
    return f(self.modpt, io.modpt, self.env.libs.modpt, eqvdst)
_modeller.ModellerError: read_te_290E> Number of residues in the alignment and  pdb files are different:      284      275 For alignment entry:        1  5TEZ
ERROR: PDB file 2VLL.ini contains no residues
Traceback (most recent call last):
  File "cmd_modeller.py", line 51, in <module>
    a.make()                                     # do the actual homology modeling
  File "/home/dariomarzella/anaconda3/lib/python3.7/site-packages/modeller/automodel/loopmodel.py", line 37, in make
    automodel.make(self, exit_stage)
  File "/home/dariomarzella/anaconda3/lib/python3.7/site-packages/modeller/automodel/automodel.py", line 131, in make
    self.homcsr(exit_stage)
  File "/home/dariomarzella/anaconda3/lib/python3.7/site-packages/modeller/automodel/automodel.py", line 606, in homcsr
    self.check_alignment(aln)
  File "/home/dariomarzella/anaconda3/lib/python3.7/site-packages/modeller/automodel/automodel.py", line 559, in check_alignment
    aln.check()
  File "/home/dariomarzella/anaconda3/lib/python3.7/site-packages/modeller/alignment.py", line 208, in check
    self.check_structure_structure(io=io)
  File "/home/dariomarzella/anaconda3/lib/python3.7/site-packages/modeller/alignment.py", line 217, in check_structure_structure
    return f(self.modpt, io.modpt, self.env.libs.modpt, eqvdst)
_modeller.ModellerError: read_te_290E> Number of residues in the alignment and  pdb files are different:      284      275 For alignment entry:        1  5TEZ
*********************
Traceback (most recent call last):
  File "cmd_modeller_ini.py", line 20, in <module>
    a.make(exit_stage=2)
  File "/home/dariomarzella/anaconda3/lib/python3.7/site-packages/modeller/automodel/loopmodel.py", line 37, in make
    automodel.make(self, exit_stage)
  File "/home/dariomarzella/anaconda3/lib/python3.7/site-packages/modeller/automodel/automodel.py", line 131, in make
    self.homcsr(exit_stage)
  File "/home/dariomarzella/anaconda3/lib/python3.7/site-packages/modeller/automodel/automodel.py", line 606, in homcsr
    self.check_alignment(aln)
  File "/home/dariomarzella/anaconda3/lib/python3.7/site-packages/modeller/automodel/automodel.py", line 559, in check_alignment
    aln.check()
  File "/home/dariomarzella/anaconda3/lib/python3.7/site-packages/modeller/alignment.py", line 208, in check
    self.check_structure_structure(io=io)
  File "/home/dariomarzella/anaconda3/lib/python3.7/site-packages/modeller/alignment.py", line 217, in check_structure_structure
    return f(self.modpt, io.modpt, self.env.libs.modpt, eqvdst)
_modeller.SequenceMismatchError: read_te_291E> Sequence difference between alignment and  pdb :
ERROR: PDB file 3BUY.ini contains no residues
Traceback (most recent call last):
  File "cmd_modeller.py", line 51, in <module>
    a.make()                                     # do the actual homology modeling
  File "/home/dariomarzella/anaconda3/lib/python3.7/site-packages/modeller/automodel/loopmodel.py", line 37, in make
    automodel.make(self, exit_stage)
  File "/home/dariomarzella/anaconda3/lib/python3.7/site-packages/modeller/automodel/automodel.py", line 131, in make
    self.homcsr(exit_stage)
  File "/home/dariomarzella/anaconda3/lib/python3.7/site-packages/modeller/automodel/automodel.py", line 606, in homcsr
    self.check_alignment(aln)
  File "/home/dariomarzella/anaconda3/lib/python3.7/site-packages/modeller/automodel/automodel.py", line 559, in check_alignment
    aln.check()
  File "/home/dariomarzella/anaconda3/lib/python3.7/site-packages/modeller/alignment.py", line 208, in check
    self.check_structure_structure(io=io)
  File "/home/dariomarzella/anaconda3/lib/python3.7/site-packages/modeller/alignment.py", line 217, in check_structure_structure
    return f(self.modpt, io.modpt, self.env.libs.modpt, eqvdst)
_modeller.SequenceMismatchError: read_te_291E> Sequence difference between alignment and  pdb :
*********************
*********************
*********************
*********************
Warning: Residue A1 not present in first PDB
Warning: Residue A1 not present in first PDB
Warning: Residue A1 not present in first PDB
Warning: Residue A1 not present in first PDB
Warning: Residue A1 not present in first PDB
Warning: Residue A1 not present in first PDB
Warning: Residue A1 not present in first PDB
Warning: Residue A1 not present in first PDB
Warning: Residue A1 not present in first PDB
Warning: Residue A1 not present in first PDB
Warning: Residue A1 not present in first PDB
Warning: Residue A1 not present in first PDB
Warning: Residue A1 not present in first PDB
Warning: Residue A1 not present in first PDB
Warning: Residue A1 not present in first PDB
Warning: Residue A1 not present in first PDB
Warning: Residue A1 not present in first PDB
Warning: Residue A1 not present in first PDB
Warning: Residue A1 not present in first PDB
Warning: Residue A1 not present in first PDB
*********************
Warning: Residue A1 not present in first PDB
Warning: Residue A1 not present in first PDB
Warning: Residue A1 not present in first PDB
Warning: Residue A1 not present in first PDB
Warning: Residue A1 not present in first PDB
Warning: Residue A1 not present in first PDB
Warning: Residue A1 not present in first PDB
Warning: Residue A1 not present in first PDB
Warning: Residue A1 not present in first PDB
Warning: Residue A1 not present in first PDB
Warning: Residue A1 not present in first PDB
Warning: Residue A1 not present in first PDB
Warning: Residue A1 not present in first PDB
Warning: Residue A1 not present in first PDB
Warning: Residue A1 not present in first PDB
Warning: Residue A1 not present in first PDB
Warning: Residue A1 not present in first PDB
Warning: Residue A1 not present in first PDB
Warning: Residue A1 not present in first PDB
Warning: Residue A1 not present in first PDB
*********************
*********************
Warning: Mismatch X111 => R
Warning: Mismatch X149 => Q
Warning: Mismatch X276 => P
Warning: Mismatch R111 => X
Warning: Mismatch Q149 => X
Warning: Mismatch P276 => X
Warning: Residue P7 not present in first PDB
Warning: Mismatch R111 => X
Warning: Mismatch Q149 => X
Warning: Mismatch P276 => X
Warning: Residue P7 not present in first PDB
Warning: Mismatch R111 => X
Warning: Mismatch Q149 => X
Warning: Mismatch P276 => X
Warning: Residue P7 not present in first PDB
Warning: Mismatch R111 => X
Warning: Mismatch Q149 => X
Warning: Mismatch P276 => X
Warning: Residue P7 not present in first PDB
Warning: Mismatch R111 => X
Warning: Mismatch Q149 => X
Warning: Mismatch P276 => X
Warning: Residue P7 not present in first PDB
Warning: Mismatch R111 => X
Warning: Mismatch Q149 => X
Warning: Mismatch P276 => X
Warning: Residue P7 not present in first PDB
Warning: Mismatch R111 => X
Warning: Mismatch Q149 => X
Warning: Mismatch P276 => X
Warning: Residue P7 not present in first PDB
Warning: Mismatch R111 => X
Warning: Mismatch Q149 => X
Warning: Mismatch P276 => X
Warning: Residue P7 not present in first PDB
Warning: Mismatch R111 => X
Warning: Mismatch Q149 => X
Warning: Mismatch P276 => X
Warning: Residue P7 not present in first PDB
Warning: Mismatch R111 => X
Warning: Mismatch Q149 => X
Warning: Mismatch P276 => X
Warning: Residue P7 not present in first PDB
Warning: Mismatch R111 => X
Warning: Mismatch Q149 => X
Warning: Mismatch P276 => X
Warning: Residue P7 not present in first PDB
Warning: Mismatch R111 => X
Warning: Mismatch Q149 => X
Warning: Mismatch P276 => X
Warning: Residue P7 not present in first PDB
Warning: Mismatch R111 => X
Warning: Mismatch Q149 => X
Warning: Mismatch P276 => X
Warning: Residue P7 not present in first PDB
Warning: Mismatch R111 => X
Warning: Mismatch Q149 => X
Warning: Mismatch P276 => X
Warning: Residue P7 not present in first PDB
Warning: Mismatch R111 => X
Warning: Mismatch Q149 => X
Warning: Mismatch P276 => X
Warning: Residue P7 not present in first PDB
Warning: Mismatch R111 => X
Warning: Mismatch Q149 => X
Warning: Mismatch P276 => X
Warning: Residue P7 not present in first PDB
Warning: Mismatch R111 => X
Warning: Mismatch Q149 => X
Warning: Mismatch P276 => X
Warning: Residue P7 not present in first PDB
Warning: Mismatch R111 => X
Warning: Mismatch Q149 => X
Warning: Mismatch P276 => X
Warning: Residue P7 not present in first PDB
Warning: Mismatch R111 => X
Warning: Mismatch Q149 => X
Warning: Mismatch P276 => X
Warning: Residue P7 not present in first PDB
Warning: Mismatch R111 => X
Warning: Mismatch Q149 => X
Warning: Mismatch P276 => X
Warning: Residue P7 not present in first PDB
*********************
*********************
*********************
*********************
*********************
*********************
Warning: Mismatch X15 => P
Warning: Mismatch X16 => G
Warning: Mismatch X41 => A
Warning: Mismatch X42 => S
Warning: Mismatch P15 => X
Warning: Mismatch G16 => X
Warning: Mismatch A41 => X
Warning: Mismatch S42 => X
Warning: Mismatch P15 => X
Warning: Mismatch G16 => X
Warning: Mismatch A41 => X
Warning: Mismatch S42 => X
Warning: Mismatch P15 => X
Warning: Mismatch G16 => X
Warning: Mismatch A41 => X
Warning: Mismatch S42 => X
Warning: Mismatch P15 => X
Warning: Mismatch G16 => X
Warning: Mismatch A41 => X
Warning: Mismatch S42 => X
Warning: Mismatch P15 => X
Warning: Mismatch G16 => X
Warning: Mismatch A41 => X
Warning: Mismatch S42 => X
Warning: Mismatch P15 => X
Warning: Mismatch G16 => X
Warning: Mismatch A41 => X
Warning: Mismatch S42 => X
Warning: Mismatch P15 => X
Warning: Mismatch G16 => X
Warning: Mismatch A41 => X
Warning: Mismatch S42 => X
Warning: Mismatch P15 => X
Warning: Mismatch G16 => X
Warning: Mismatch A41 => X
Warning: Mismatch S42 => X
Warning: Mismatch P15 => X
Warning: Mismatch G16 => X
Warning: Mismatch A41 => X
Warning: Mismatch S42 => X
Warning: Mismatch P15 => X
Warning: Mismatch G16 => X
Warning: Mismatch A41 => X
Warning: Mismatch S42 => X
Warning: Mismatch P15 => X
Warning: Mismatch G16 => X
Warning: Mismatch A41 => X
Warning: Mismatch S42 => X
Warning: Mismatch P15 => X
Warning: Mismatch G16 => X
Warning: Mismatch A41 => X
Warning: Mismatch S42 => X
Warning: Mismatch P15 => X
Warning: Mismatch G16 => X
Warning: Mismatch A41 => X
Warning: Mismatch S42 => X
Warning: Mismatch P15 => X
Warning: Mismatch G16 => X
Warning: Mismatch A41 => X
Warning: Mismatch S42 => X
Warning: Mismatch P15 => X
Warning: Mismatch G16 => X
Warning: Mismatch A41 => X
Warning: Mismatch S42 => X
Warning: Mismatch P15 => X
Warning: Mismatch G16 => X
Warning: Mismatch A41 => X
Warning: Mismatch S42 => X
Warning: Mismatch P15 => X
Warning: Mismatch G16 => X
Warning: Mismatch A41 => X
Warning: Mismatch S42 => X
Warning: Mismatch P15 => X
Warning: Mismatch G16 => X
Warning: Mismatch A41 => X
Warning: Mismatch S42 => X
Warning: Mismatch P15 => X
Warning: Mismatch G16 => X
Warning: Mismatch A41 => X
Warning: Mismatch S42 => X
Warning: Mismatch P15 => X
Warning: Mismatch G16 => X
Warning: Mismatch A41 => X
Warning: Mismatch S42 => X
*********************
*********************
*********************
Warning: Mismatch X2 => S
Warning: Mismatch X98 => M
Warning: Mismatch X284 => V
Warning: Mismatch S2 => X
Warning: Mismatch M98 => X
Warning: Mismatch V8 => X
Warning: Mismatch S2 => X
Warning: Mismatch M98 => X
Warning: Mismatch V8 => X
Warning: Mismatch S2 => X
Warning: Mismatch M98 => X
Warning: Mismatch V8 => X
Warning: Mismatch S2 => X
Warning: Mismatch M98 => X
Warning: Mismatch V8 => X
Warning: Mismatch S2 => X
Warning: Mismatch M98 => X
Warning: Mismatch V8 => X
Warning: Mismatch S2 => X
Warning: Mismatch M98 => X
Warning: Mismatch V8 => X
Warning: Mismatch S2 => X
Warning: Mismatch M98 => X
Warning: Mismatch V8 => X
Warning: Mismatch S2 => X
Warning: Mismatch M98 => X
Warning: Mismatch V8 => X
Warning: Mismatch S2 => X
Warning: Mismatch M98 => X
Warning: Mismatch V8 => X
Warning: Mismatch S2 => X
Warning: Mismatch M98 => X
Warning: Mismatch V8 => X
Warning: Mismatch S2 => X
Warning: Mismatch M98 => X
Warning: Mismatch V8 => X
Warning: Mismatch S2 => X
Warning: Mismatch M98 => X
Warning: Mismatch V8 => X
Warning: Mismatch S2 => X
Warning: Mismatch M98 => X
Warning: Mismatch V8 => X
Warning: Mismatch S2 => X
Warning: Mismatch M98 => X
Warning: Mismatch V8 => X
Warning: Mismatch S2 => X
Warning: Mismatch M98 => X
Warning: Mismatch V8 => X
Warning: Mismatch S2 => X
Warning: Mismatch M98 => X
Warning: Mismatch V8 => X
Warning: Mismatch S2 => X
Warning: Mismatch M98 => X
Warning: Mismatch V8 => X
Warning: Mismatch S2 => X
Warning: Mismatch M98 => X
Warning: Mismatch V8 => X
Warning: Mismatch S2 => X
Warning: Mismatch M98 => X
Warning: Mismatch V8 => X
Warning: Mismatch S2 => X
Warning: Mismatch M98 => X
Warning: Mismatch V8 => X
